[0.252s] Invoking command in '/home/didac/exchange/Team3/ros2_ws/build/robot_bringup': CMAKE_PREFIX_PATH=${CMAKE_PREFIX_PATH}:/home/didac/exchange/Team3/ros2_ws/install/mission_manager:/opt/ros/humble /usr/bin/cmake /home/didac/exchange/Team3/ros2_ws/src/robot_bringup -DAMENT_CMAKE_SYMLINK_INSTALL=1 -DCMAKE_INSTALL_PREFIX=/home/didac/exchange/Team3/ros2_ws/install/robot_bringup
[0.318s] -- The C compiler identification is GNU 11.4.0
[0.389s] -- The CXX compiler identification is GNU 11.4.0
[0.396s] -- Detecting C compiler ABI info
[0.491s] -- Detecting C compiler ABI info - done
[0.506s] -- Check for working C compiler: /usr/bin/cc - skipped
[0.506s] -- Detecting C compile features
[0.508s] -- Detecting C compile features - done
[0.510s] -- Detecting CXX compiler ABI info
[0.678s] -- Detecting CXX compiler ABI info - done
[0.688s] -- Check for working CXX compiler: /usr/bin/c++ - skipped
[0.689s] -- Detecting CXX compile features
[0.689s] -- Detecting CXX compile features - done
[0.692s] -- Found ament_cmake: 1.3.14 (/opt/ros/humble/share/ament_cmake/cmake)
[0.881s] -- Found Python3: /usr/bin/python3 (found version "3.10.12") found components: Interpreter 
[0.979s] -- Override CMake install command with custom implementation using symlinks instead of copying resources
[1.029s] -- Found ament_lint_auto: 0.12.15 (/opt/ros/humble/share/ament_lint_auto/cmake)
[1.206s] -- Added test 'lint_cmake' to check CMake code style
[1.206s] -- Added test 'xmllint' to check XML markup files
[1.208s] -- Configuring done
[1.213s] -- Generating done
[1.220s] -- Build files have been written to: /home/didac/exchange/Team3/ros2_ws/build/robot_bringup
[1.245s] Invoked command in '/home/didac/exchange/Team3/ros2_ws/build/robot_bringup' returned '0': CMAKE_PREFIX_PATH=${CMAKE_PREFIX_PATH}:/home/didac/exchange/Team3/ros2_ws/install/mission_manager:/opt/ros/humble /usr/bin/cmake /home/didac/exchange/Team3/ros2_ws/src/robot_bringup -DAMENT_CMAKE_SYMLINK_INSTALL=1 -DCMAKE_INSTALL_PREFIX=/home/didac/exchange/Team3/ros2_ws/install/robot_bringup
[1.248s] Invoking command in '/home/didac/exchange/Team3/ros2_ws/build/robot_bringup': CMAKE_PREFIX_PATH=${CMAKE_PREFIX_PATH}:/home/didac/exchange/Team3/ros2_ws/install/mission_manager:/opt/ros/humble /usr/bin/cmake --build /home/didac/exchange/Team3/ros2_ws/build/robot_bringup -- -j8 -l8
[1.367s] Invoked command in '/home/didac/exchange/Team3/ros2_ws/build/robot_bringup' returned '0': CMAKE_PREFIX_PATH=${CMAKE_PREFIX_PATH}:/home/didac/exchange/Team3/ros2_ws/install/mission_manager:/opt/ros/humble /usr/bin/cmake --build /home/didac/exchange/Team3/ros2_ws/build/robot_bringup -- -j8 -l8
[1.392s] Invoking command in '/home/didac/exchange/Team3/ros2_ws/build/robot_bringup': CMAKE_PREFIX_PATH=${CMAKE_PREFIX_PATH}:/home/didac/exchange/Team3/ros2_ws/install/mission_manager:/opt/ros/humble /usr/bin/cmake --install /home/didac/exchange/Team3/ros2_ws/build/robot_bringup
[1.399s] -- Install configuration: ""
[1.399s] -- Execute custom install script
[1.399s] -- Up-to-date symlink: /home/didac/exchange/Team3/ros2_ws/install/robot_bringup/share/ament_index/resource_index/package_run_dependencies/robot_bringup
[1.399s] -- Up-to-date symlink: /home/didac/exchange/Team3/ros2_ws/install/robot_bringup/share/ament_index/resource_index/parent_prefix_path/robot_bringup
[1.399s] -- Up-to-date symlink: /home/didac/exchange/Team3/ros2_ws/install/robot_bringup/share/robot_bringup/environment/ament_prefix_path.sh
[1.399s] -- Up-to-date symlink: /home/didac/exchange/Team3/ros2_ws/install/robot_bringup/share/robot_bringup/environment/ament_prefix_path.dsv
[1.399s] -- Up-to-date symlink: /home/didac/exchange/Team3/ros2_ws/install/robot_bringup/share/robot_bringup/environment/path.sh
[1.399s] -- Up-to-date symlink: /home/didac/exchange/Team3/ros2_ws/install/robot_bringup/share/robot_bringup/environment/path.dsv
[1.400s] -- Up-to-date symlink: /home/didac/exchange/Team3/ros2_ws/install/robot_bringup/share/robot_bringup/local_setup.bash
[1.400s] -- Up-to-date symlink: /home/didac/exchange/Team3/ros2_ws/install/robot_bringup/share/robot_bringup/local_setup.sh
[1.401s] -- Up-to-date symlink: /home/didac/exchange/Team3/ros2_ws/install/robot_bringup/share/robot_bringup/local_setup.zsh
[1.402s] -- Up-to-date symlink: /home/didac/exchange/Team3/ros2_ws/install/robot_bringup/share/robot_bringup/local_setup.dsv
[1.402s] -- Symlinking: /home/didac/exchange/Team3/ros2_ws/install/robot_bringup/share/robot_bringup/package.dsv
[1.417s] -- Up-to-date symlink: /home/didac/exchange/Team3/ros2_ws/install/robot_bringup/share/ament_index/resource_index/packages/robot_bringup
[1.418s] -- Up-to-date symlink: /home/didac/exchange/Team3/ros2_ws/install/robot_bringup/share/robot_bringup/cmake/robot_bringupConfig.cmake
[1.418s] -- Up-to-date symlink: /home/didac/exchange/Team3/ros2_ws/install/robot_bringup/share/robot_bringup/cmake/robot_bringupConfig-version.cmake
[1.418s] -- Up-to-date symlink: /home/didac/exchange/Team3/ros2_ws/install/robot_bringup/share/robot_bringup/package.xml
[1.430s] Invoked command in '/home/didac/exchange/Team3/ros2_ws/build/robot_bringup' returned '0': CMAKE_PREFIX_PATH=${CMAKE_PREFIX_PATH}:/home/didac/exchange/Team3/ros2_ws/install/mission_manager:/opt/ros/humble /usr/bin/cmake --install /home/didac/exchange/Team3/ros2_ws/build/robot_bringup
