-- The C compiler identification is GNU 11.4.0
-- The CXX compiler identification is GNU 11.4.0
-- Detecting C compiler ABI info
-- Detecting C compiler ABI info - done
-- Check for working C compiler: /usr/bin/cc - skipped
-- Detecting C compile features
-- Detecting C compile features - done
-- Detecting CXX compiler ABI info
-- Detecting CXX compiler ABI info - done
-- Check for working CXX compiler: /usr/bin/c++ - skipped
-- Detecting CXX compile features
-- Detecting CXX compile features - done
-- Found ament_cmake: 1.3.14 (/opt/ros/humble/share/ament_cmake/cmake)
-- Found Python3: /usr/bin/python3 (found version "3.10.12") found components: Interpreter 
-- Override CMake install command with custom implementation using symlinks instead of copying resources
-- Found rclcpp: 16.0.19 (/opt/ros/humble/share/rclcpp/cmake)
-- Found rosidl_generator_c: 3.1.8 (/opt/ros/humble/share/rosidl_generator_c/cmake)
-- Found rosidl_adapter: 3.1.8 (/opt/ros/humble/share/rosidl_adapter/cmake)
-- Found rosidl_generator_cpp: 3.1.8 (/opt/ros/humble/share/rosidl_generator_cpp/cmake)
-- Using all available rosidl_typesupport_c: rosidl_typesupport_fastrtps_c;rosidl_typesupport_introspection_c
-- Using all available rosidl_typesupport_cpp: rosidl_typesupport_fastrtps_cpp;rosidl_typesupport_introspection_cpp
-- Found rmw_implementation_cmake: 6.1.2 (/opt/ros/humble/share/rmw_implementation_cmake/cmake)
-- Found rmw_fastrtps_cpp: 6.2.10 (/opt/ros/humble/share/rmw_fastrtps_cpp/cmake)
-- Found OpenSSL: /usr/lib/x86_64-linux-gnu/libcrypto.so (found version "3.0.2")  
-- Found FastRTPS: /opt/ros/humble/include  
-- Using RMW implementation 'rmw_fastrtps_cpp' as default
-- Looking for pthread.h
-- Looking for pthread.h - found
-- Performing Test CMAKE_HAVE_LIBC_PTHREAD
-- Performing Test CMAKE_HAVE_LIBC_PTHREAD - Success
-- Found Threads: TRUE  
-- Found geometry_msgs: 4.9.1 (/opt/ros/humble/share/geometry_msgs/cmake)
-- Found sensor_msgs: 4.9.1 (/opt/ros/humble/share/sensor_msgs/cmake)
-- Configuring done
-- Generating done
-- Build files have been written to: /home/didac/exchange/Team3/ros2_ws/build/obstacle_detector
[ 50%] [32mBuilding CXX object CMakeFiles/obstacle_detector_node.dir/src/obstacle_detector_node.cpp.o[0m
[100%] [32m[1mLinking CXX executable obstacle_detector_node[0m
[100%] Built target obstacle_detector_node
-- Install configuration: ""
-- Execute custom install script
-- Symlinking: /home/didac/exchange/Team3/ros2_ws/install/obstacle_detector/lib/obstacle_detector/obstacle_detector_node
-- Symlinking: /home/didac/exchange/Team3/ros2_ws/install/obstacle_detector/include/obstacle_detector/obstacle_detector_node.hpp
-- Up-to-date symlink: /home/didac/exchange/Team3/ros2_ws/install/obstacle_detector/share/ament_index/resource_index/package_run_dependencies/obstacle_detector
-- Up-to-date symlink: /home/didac/exchange/Team3/ros2_ws/install/obstacle_detector/share/ament_index/resource_index/parent_prefix_path/obstacle_detector
-- Up-to-date symlink: /home/didac/exchange/Team3/ros2_ws/install/obstacle_detector/share/obstacle_detector/environment/ament_prefix_path.sh
-- Up-to-date symlink: /home/didac/exchange/Team3/ros2_ws/install/obstacle_detector/share/obstacle_detector/environment/ament_prefix_path.dsv
-- Up-to-date symlink: /home/didac/exchange/Team3/ros2_ws/install/obstacle_detector/share/obstacle_detector/environment/path.sh
-- Up-to-date symlink: /home/didac/exchange/Team3/ros2_ws/install/obstacle_detector/share/obstacle_detector/environment/path.dsv
-- Up-to-date symlink: /home/didac/exchange/Team3/ros2_ws/install/obstacle_detector/share/obstacle_detector/local_setup.bash
-- Up-to-date symlink: /home/didac/exchange/Team3/ros2_ws/install/obstacle_detector/share/obstacle_detector/local_setup.sh
-- Up-to-date symlink: /home/didac/exchange/Team3/ros2_ws/install/obstacle_detector/share/obstacle_detector/local_setup.zsh
-- Up-to-date symlink: /home/didac/exchange/Team3/ros2_ws/install/obstacle_detector/share/obstacle_detector/local_setup.dsv
-- Symlinking: /home/didac/exchange/Team3/ros2_ws/install/obstacle_detector/share/obstacle_detector/package.dsv
-- Up-to-date symlink: /home/didac/exchange/Team3/ros2_ws/install/obstacle_detector/share/ament_index/resource_index/packages/obstacle_detector
-- Up-to-date symlink: /home/didac/exchange/Team3/ros2_ws/install/obstacle_detector/share/obstacle_detector/cmake/obstacle_detectorConfig.cmake
-- Up-to-date symlink: /home/didac/exchange/Team3/ros2_ws/install/obstacle_detector/share/obstacle_detector/cmake/obstacle_detectorConfig-version.cmake
-- Up-to-date symlink: /home/didac/exchange/Team3/ros2_ws/install/obstacle_detector/share/obstacle_detector/package.xml
