[0.254s] Invoking command in '/home/didac/exchange/Team3/ros2_ws/build/obstacle_detector': CMAKE_PREFIX_PATH=${CMAKE_PREFIX_PATH}:/home/didac/exchange/Team3/ros2_ws/install/mission_manager:/opt/ros/humble /usr/bin/cmake /home/didac/exchange/Team3/ros2_ws/src/obstacle_detector -DAMENT_CMAKE_SYMLINK_INSTALL=1 -DCMAKE_INSTALL_PREFIX=/home/didac/exchange/Team3/ros2_ws/install/obstacle_detector
[0.324s] -- The C compiler identification is GNU 11.4.0
[0.388s] -- The CXX compiler identification is GNU 11.4.0
[0.397s] -- Detecting C compiler ABI info
[0.505s] -- Detecting C compiler ABI info - done
[0.517s] -- Check for working C compiler: /usr/bin/cc - skipped
[0.517s] -- Detecting C compile features
[0.523s] -- Detecting C compile features - done
[0.530s] -- Detecting CXX compiler ABI info
[0.722s] -- Detecting CXX compiler ABI info - done
[0.731s] -- Check for working CXX compiler: /usr/bin/c++ - skipped
[0.731s] -- Detecting CXX compile features
[0.732s] -- Detecting CXX compile features - done
[0.739s] -- Found ament_cmake: 1.3.14 (/opt/ros/humble/share/ament_cmake/cmake)
[0.946s] -- Found Python3: /usr/bin/python3 (found version "3.10.12") found components: Interpreter 
[1.111s] -- Override CMake install command with custom implementation using symlinks instead of copying resources
[1.170s] -- Found rclcpp: 16.0.19 (/opt/ros/humble/share/rclcpp/cmake)
[1.257s] -- Found rosidl_generator_c: 3.1.8 (/opt/ros/humble/share/rosidl_generator_c/cmake)
[1.264s] -- Found rosidl_adapter: 3.1.8 (/opt/ros/humble/share/rosidl_adapter/cmake)
[1.299s] -- Found rosidl_generator_cpp: 3.1.8 (/opt/ros/humble/share/rosidl_generator_cpp/cmake)
[1.342s] -- Using all available rosidl_typesupport_c: rosidl_typesupport_fastrtps_c;rosidl_typesupport_introspection_c
[1.432s] -- Using all available rosidl_typesupport_cpp: rosidl_typesupport_fastrtps_cpp;rosidl_typesupport_introspection_cpp
[1.554s] -- Found rmw_implementation_cmake: 6.1.2 (/opt/ros/humble/share/rmw_implementation_cmake/cmake)
[1.554s] -- Found rmw_fastrtps_cpp: 6.2.10 (/opt/ros/humble/share/rmw_fastrtps_cpp/cmake)
[1.727s] -- Found OpenSSL: /usr/lib/x86_64-linux-gnu/libcrypto.so (found version "3.0.2")  
[1.777s] -- Found FastRTPS: /opt/ros/humble/include  
[1.840s] -- Using RMW implementation 'rmw_fastrtps_cpp' as default
[1.857s] -- Looking for pthread.h
[1.967s] -- Looking for pthread.h - found
[1.968s] -- Performing Test CMAKE_HAVE_LIBC_PTHREAD
[2.078s] -- Performing Test CMAKE_HAVE_LIBC_PTHREAD - Success
[2.086s] -- Found Threads: TRUE  
[2.284s] -- Found geometry_msgs: 4.9.1 (/opt/ros/humble/share/geometry_msgs/cmake)
[2.325s] -- Found sensor_msgs: 4.9.1 (/opt/ros/humble/share/sensor_msgs/cmake)
[2.502s] -- Configuring done
[2.519s] -- Generating done
[2.530s] -- Build files have been written to: /home/didac/exchange/Team3/ros2_ws/build/obstacle_detector
[2.562s] Invoked command in '/home/didac/exchange/Team3/ros2_ws/build/obstacle_detector' returned '0': CMAKE_PREFIX_PATH=${CMAKE_PREFIX_PATH}:/home/didac/exchange/Team3/ros2_ws/install/mission_manager:/opt/ros/humble /usr/bin/cmake /home/didac/exchange/Team3/ros2_ws/src/obstacle_detector -DAMENT_CMAKE_SYMLINK_INSTALL=1 -DCMAKE_INSTALL_PREFIX=/home/didac/exchange/Team3/ros2_ws/install/obstacle_detector
[2.563s] Invoking command in '/home/didac/exchange/Team3/ros2_ws/build/obstacle_detector': CMAKE_PREFIX_PATH=${CMAKE_PREFIX_PATH}:/home/didac/exchange/Team3/ros2_ws/install/mission_manager:/opt/ros/humble /usr/bin/cmake --build /home/didac/exchange/Team3/ros2_ws/build/obstacle_detector -- -j8 -l8
[2.728s] [ 50%] [32mBuilding CXX object CMakeFiles/obstacle_detector_node.dir/src/obstacle_detector_node.cpp.o[0m
[13.379s] [100%] [32m[1mLinking CXX executable obstacle_detector_node[0m
[13.918s] [100%] Built target obstacle_detector_node
[13.927s] Invoked command in '/home/didac/exchange/Team3/ros2_ws/build/obstacle_detector' returned '0': CMAKE_PREFIX_PATH=${CMAKE_PREFIX_PATH}:/home/didac/exchange/Team3/ros2_ws/install/mission_manager:/opt/ros/humble /usr/bin/cmake --build /home/didac/exchange/Team3/ros2_ws/build/obstacle_detector -- -j8 -l8
[13.928s] Invoking command in '/home/didac/exchange/Team3/ros2_ws/build/obstacle_detector': CMAKE_PREFIX_PATH=${CMAKE_PREFIX_PATH}:/home/didac/exchange/Team3/ros2_ws/install/mission_manager:/opt/ros/humble /usr/bin/cmake --install /home/didac/exchange/Team3/ros2_ws/build/obstacle_detector
[13.934s] -- Install configuration: ""
[13.934s] -- Execute custom install script
[13.934s] -- Symlinking: /home/didac/exchange/Team3/ros2_ws/install/obstacle_detector/lib/obstacle_detector/obstacle_detector_node
[13.942s] -- Symlinking: /home/didac/exchange/Team3/ros2_ws/install/obstacle_detector/include/obstacle_detector/obstacle_detector_node.hpp
[13.951s] -- Up-to-date symlink: /home/didac/exchange/Team3/ros2_ws/install/obstacle_detector/share/ament_index/resource_index/package_run_dependencies/obstacle_detector
[13.951s] -- Up-to-date symlink: /home/didac/exchange/Team3/ros2_ws/install/obstacle_detector/share/ament_index/resource_index/parent_prefix_path/obstacle_detector
[13.951s] -- Up-to-date symlink: /home/didac/exchange/Team3/ros2_ws/install/obstacle_detector/share/obstacle_detector/environment/ament_prefix_path.sh
[13.951s] -- Up-to-date symlink: /home/didac/exchange/Team3/ros2_ws/install/obstacle_detector/share/obstacle_detector/environment/ament_prefix_path.dsv
[13.952s] -- Up-to-date symlink: /home/didac/exchange/Team3/ros2_ws/install/obstacle_detector/share/obstacle_detector/environment/path.sh
[13.952s] -- Up-to-date symlink: /home/didac/exchange/Team3/ros2_ws/install/obstacle_detector/share/obstacle_detector/environment/path.dsv
[13.952s] -- Up-to-date symlink: /home/didac/exchange/Team3/ros2_ws/install/obstacle_detector/share/obstacle_detector/local_setup.bash
[13.952s] -- Up-to-date symlink: /home/didac/exchange/Team3/ros2_ws/install/obstacle_detector/share/obstacle_detector/local_setup.sh
[13.952s] -- Up-to-date symlink: /home/didac/exchange/Team3/ros2_ws/install/obstacle_detector/share/obstacle_detector/local_setup.zsh
[13.952s] -- Up-to-date symlink: /home/didac/exchange/Team3/ros2_ws/install/obstacle_detector/share/obstacle_detector/local_setup.dsv
[13.952s] -- Symlinking: /home/didac/exchange/Team3/ros2_ws/install/obstacle_detector/share/obstacle_detector/package.dsv
[13.962s] -- Up-to-date symlink: /home/didac/exchange/Team3/ros2_ws/install/obstacle_detector/share/ament_index/resource_index/packages/obstacle_detector
[13.962s] -- Up-to-date symlink: /home/didac/exchange/Team3/ros2_ws/install/obstacle_detector/share/obstacle_detector/cmake/obstacle_detectorConfig.cmake
[13.962s] -- Up-to-date symlink: /home/didac/exchange/Team3/ros2_ws/install/obstacle_detector/share/obstacle_detector/cmake/obstacle_detectorConfig-version.cmake
[13.962s] -- Up-to-date symlink: /home/didac/exchange/Team3/ros2_ws/install/obstacle_detector/share/obstacle_detector/package.xml
[13.964s] Invoked command in '/home/didac/exchange/Team3/ros2_ws/build/obstacle_detector' returned '0': CMAKE_PREFIX_PATH=${CMAKE_PREFIX_PATH}:/home/didac/exchange/Team3/ros2_ws/install/mission_manager:/opt/ros/humble /usr/bin/cmake --install /home/didac/exchange/Team3/ros2_ws/build/obstacle_detector
