[0.066s] DEBUG:colcon:Command line arguments: ['/usr/bin/colcon', 'build', '--symlink-install']
[0.067s] DEBUG:colcon:Parsed command line arguments: Namespace(log_base=None, log_level=None, verb_name='build', build_base='build', install_base='install', merge_install=False, symlink_install=True, test_result_base=None, continue_on_error=False, executor='parallel', parallel_workers=8, event_handlers=None, ignore_user_meta=False, metas=['./colcon.meta'], base_paths=['.'], packages_ignore=None, packages_ignore_regex=None, paths=None, packages_up_to=None, packages_up_to_regex=None, packages_above=None, packages_above_and_dependencies=None, packages_above_depth=None, packages_select_by_dep=None, packages_skip_by_dep=None, packages_skip_up_to=None, packages_select_build_failed=False, packages_skip_build_finished=False, packages_select_test_failures=False, packages_skip_test_passed=False, packages_select=None, packages_skip=None, packages_select_regex=None, packages_skip_regex=None, packages_start=None, packages_end=None, allow_overriding=[], cmake_args=None, cmake_target=None, cmake_target_skip_unavailable=False, cmake_clean_cache=False, cmake_clean_first=False, cmake_force_configure=False, ament_cmake_args=None, catkin_cmake_args=None, catkin_skip_building_tests=False, mixin_files=None, mixin=None, verb_parser=<colcon_mixin.mixin.mixin_argument.MixinArgumentDecorator object at 0x7d9cdaf426b0>, verb_extension=<colcon_core.verb.build.BuildVerb object at 0x7d9cdaf41840>, main=<bound method BuildVerb.main of <colcon_core.verb.build.BuildVerb object at 0x7d9cdaf41840>>, mixin_verb=('build',))
[0.179s] Level 1:colcon.colcon_core.package_discovery:discover_packages(colcon_meta) check parameters
[0.179s] Level 1:colcon.colcon_core.package_discovery:discover_packages(recursive) check parameters
[0.179s] Level 1:colcon.colcon_core.package_discovery:discover_packages(ignore) check parameters
[0.179s] Level 1:colcon.colcon_core.package_discovery:discover_packages(path) check parameters
[0.179s] Level 1:colcon.colcon_core.package_discovery:discover_packages(colcon_meta) discover
[0.179s] Level 1:colcon.colcon_core.package_discovery:discover_packages(recursive) discover
[0.179s] INFO:colcon.colcon_core.package_discovery:Crawling recursively for packages in '/home/didac/exchange/Team3/ros2_ws'
[0.179s] Level 1:colcon.colcon_core.package_identification:_identify(.) by extensions ['ignore', 'ignore_ament_install']
[0.179s] Level 1:colcon.colcon_core.package_identification:_identify(.) by extension 'ignore'
[0.179s] Level 1:colcon.colcon_core.package_identification:_identify(.) by extension 'ignore_ament_install'
[0.179s] Level 1:colcon.colcon_core.package_identification:_identify(.) by extensions ['colcon_pkg']
[0.179s] Level 1:colcon.colcon_core.package_identification:_identify(.) by extension 'colcon_pkg'
[0.179s] Level 1:colcon.colcon_core.package_identification:_identify(.) by extensions ['colcon_meta']
[0.179s] Level 1:colcon.colcon_core.package_identification:_identify(.) by extension 'colcon_meta'
[0.179s] Level 1:colcon.colcon_core.package_identification:_identify(.) by extensions ['ros']
[0.179s] Level 1:colcon.colcon_core.package_identification:_identify(.) by extension 'ros'
[0.187s] Level 1:colcon.colcon_core.package_identification:_identify(.) by extensions ['cmake', 'python']
[0.187s] Level 1:colcon.colcon_core.package_identification:_identify(.) by extension 'cmake'
[0.187s] Level 1:colcon.colcon_core.package_identification:_identify(.) by extension 'python'
[0.187s] Level 1:colcon.colcon_core.package_identification:_identify(.) by extensions ['python_setup_py']
[0.187s] Level 1:colcon.colcon_core.package_identification:_identify(.) by extension 'python_setup_py'
[0.187s] Level 1:colcon.colcon_core.package_identification:_identify(build) by extensions ['ignore', 'ignore_ament_install']
[0.187s] Level 1:colcon.colcon_core.package_identification:_identify(build) by extension 'ignore'
[0.187s] Level 1:colcon.colcon_core.package_identification:_identify(build) ignored
[0.187s] Level 1:colcon.colcon_core.package_identification:_identify(install) by extensions ['ignore', 'ignore_ament_install']
[0.187s] Level 1:colcon.colcon_core.package_identification:_identify(install) by extension 'ignore'
[0.187s] Level 1:colcon.colcon_core.package_identification:_identify(install) ignored
[0.187s] Level 1:colcon.colcon_core.package_identification:_identify(log) by extensions ['ignore', 'ignore_ament_install']
[0.188s] Level 1:colcon.colcon_core.package_identification:_identify(log) by extension 'ignore'
[0.188s] Level 1:colcon.colcon_core.package_identification:_identify(log) ignored
[0.188s] Level 1:colcon.colcon_core.package_identification:_identify(src) by extensions ['ignore', 'ignore_ament_install']
[0.188s] Level 1:colcon.colcon_core.package_identification:_identify(src) by extension 'ignore'
[0.188s] Level 1:colcon.colcon_core.package_identification:_identify(src) by extension 'ignore_ament_install'
[0.188s] Level 1:colcon.colcon_core.package_identification:_identify(src) by extensions ['colcon_pkg']
[0.188s] Level 1:colcon.colcon_core.package_identification:_identify(src) by extension 'colcon_pkg'
[0.188s] Level 1:colcon.colcon_core.package_identification:_identify(src) by extensions ['colcon_meta']
[0.188s] Level 1:colcon.colcon_core.package_identification:_identify(src) by extension 'colcon_meta'
[0.188s] Level 1:colcon.colcon_core.package_identification:_identify(src) by extensions ['ros']
[0.188s] Level 1:colcon.colcon_core.package_identification:_identify(src) by extension 'ros'
[0.188s] Level 1:colcon.colcon_core.package_identification:_identify(src) by extensions ['cmake', 'python']
[0.188s] Level 1:colcon.colcon_core.package_identification:_identify(src) by extension 'cmake'
[0.188s] Level 1:colcon.colcon_core.package_identification:_identify(src) by extension 'python'
[0.188s] Level 1:colcon.colcon_core.package_identification:_identify(src) by extensions ['python_setup_py']
[0.188s] Level 1:colcon.colcon_core.package_identification:_identify(src) by extension 'python_setup_py'
[0.188s] Level 1:colcon.colcon_core.package_identification:_identify(src/beacon_locator) by extensions ['ignore', 'ignore_ament_install']
[0.188s] Level 1:colcon.colcon_core.package_identification:_identify(src/beacon_locator) by extension 'ignore'
[0.188s] Level 1:colcon.colcon_core.package_identification:_identify(src/beacon_locator) ignored
[0.188s] Level 1:colcon.colcon_core.package_identification:_identify(src/controller_pkg) by extensions ['ignore', 'ignore_ament_install']
[0.188s] Level 1:colcon.colcon_core.package_identification:_identify(src/controller_pkg) by extension 'ignore'
[0.188s] Level 1:colcon.colcon_core.package_identification:_identify(src/controller_pkg) by extension 'ignore_ament_install'
[0.188s] Level 1:colcon.colcon_core.package_identification:_identify(src/controller_pkg) by extensions ['colcon_pkg']
[0.188s] Level 1:colcon.colcon_core.package_identification:_identify(src/controller_pkg) by extension 'colcon_pkg'
[0.188s] Level 1:colcon.colcon_core.package_identification:_identify(src/controller_pkg) by extensions ['colcon_meta']
[0.188s] Level 1:colcon.colcon_core.package_identification:_identify(src/controller_pkg) by extension 'colcon_meta'
[0.188s] Level 1:colcon.colcon_core.package_identification:_identify(src/controller_pkg) by extensions ['ros']
[0.188s] Level 1:colcon.colcon_core.package_identification:_identify(src/controller_pkg) by extension 'ros'
[0.190s] DEBUG:colcon.colcon_core.package_identification:Package 'src/controller_pkg' with type 'ros.ament_cmake' and name 'controller_pkg'
[0.190s] Level 1:colcon.colcon_core.package_identification:_identify(src/ldlidar_stl_ros2) by extensions ['ignore', 'ignore_ament_install']
[0.190s] Level 1:colcon.colcon_core.package_identification:_identify(src/ldlidar_stl_ros2) by extension 'ignore'
[0.191s] Level 1:colcon.colcon_core.package_identification:_identify(src/ldlidar_stl_ros2) by extension 'ignore_ament_install'
[0.191s] Level 1:colcon.colcon_core.package_identification:_identify(src/ldlidar_stl_ros2) by extensions ['colcon_pkg']
[0.191s] Level 1:colcon.colcon_core.package_identification:_identify(src/ldlidar_stl_ros2) by extension 'colcon_pkg'
[0.191s] Level 1:colcon.colcon_core.package_identification:_identify(src/ldlidar_stl_ros2) by extensions ['colcon_meta']
[0.191s] Level 1:colcon.colcon_core.package_identification:_identify(src/ldlidar_stl_ros2) by extension 'colcon_meta'
[0.191s] Level 1:colcon.colcon_core.package_identification:_identify(src/ldlidar_stl_ros2) by extensions ['ros']
[0.191s] Level 1:colcon.colcon_core.package_identification:_identify(src/ldlidar_stl_ros2) by extension 'ros'
[0.198s] DEBUG:colcon.colcon_core.package_identification:Package 'src/ldlidar_stl_ros2' with type 'ros.ament_cmake' and name 'ldlidar_stl_ros2'
[0.199s] Level 1:colcon.colcon_core.package_identification:_identify(src/mission_manager) by extensions ['ignore', 'ignore_ament_install']
[0.199s] Level 1:colcon.colcon_core.package_identification:_identify(src/mission_manager) by extension 'ignore'
[0.199s] Level 1:colcon.colcon_core.package_identification:_identify(src/mission_manager) by extension 'ignore_ament_install'
[0.199s] Level 1:colcon.colcon_core.package_identification:_identify(src/mission_manager) by extensions ['colcon_pkg']
[0.199s] Level 1:colcon.colcon_core.package_identification:_identify(src/mission_manager) by extension 'colcon_pkg'
[0.199s] Level 1:colcon.colcon_core.package_identification:_identify(src/mission_manager) by extensions ['colcon_meta']
[0.199s] Level 1:colcon.colcon_core.package_identification:_identify(src/mission_manager) by extension 'colcon_meta'
[0.199s] Level 1:colcon.colcon_core.package_identification:_identify(src/mission_manager) by extensions ['ros']
[0.199s] Level 1:colcon.colcon_core.package_identification:_identify(src/mission_manager) by extension 'ros'
[0.199s] DEBUG:colcon.colcon_core.package_identification:Package 'src/mission_manager' with type 'ros.ament_python' and name 'mission_manager'
[0.199s] Level 1:colcon.colcon_core.package_identification:_identify(src/obstacle_detector) by extensions ['ignore', 'ignore_ament_install']
[0.200s] Level 1:colcon.colcon_core.package_identification:_identify(src/obstacle_detector) by extension 'ignore'
[0.200s] Level 1:colcon.colcon_core.package_identification:_identify(src/obstacle_detector) by extension 'ignore_ament_install'
[0.200s] Level 1:colcon.colcon_core.package_identification:_identify(src/obstacle_detector) by extensions ['colcon_pkg']
[0.200s] Level 1:colcon.colcon_core.package_identification:_identify(src/obstacle_detector) by extension 'colcon_pkg'
[0.200s] Level 1:colcon.colcon_core.package_identification:_identify(src/obstacle_detector) by extensions ['colcon_meta']
[0.200s] Level 1:colcon.colcon_core.package_identification:_identify(src/obstacle_detector) by extension 'colcon_meta'
[0.200s] Level 1:colcon.colcon_core.package_identification:_identify(src/obstacle_detector) by extensions ['ros']
[0.200s] Level 1:colcon.colcon_core.package_identification:_identify(src/obstacle_detector) by extension 'ros'
[0.200s] DEBUG:colcon.colcon_core.package_identification:Package 'src/obstacle_detector' with type 'ros.ament_cmake' and name 'obstacle_detector'
[0.200s] Level 1:colcon.colcon_core.package_identification:_identify(src/robot_bringup) by extensions ['ignore', 'ignore_ament_install']
[0.200s] Level 1:colcon.colcon_core.package_identification:_identify(src/robot_bringup) by extension 'ignore'
[0.200s] Level 1:colcon.colcon_core.package_identification:_identify(src/robot_bringup) by extension 'ignore_ament_install'
[0.200s] Level 1:colcon.colcon_core.package_identification:_identify(src/robot_bringup) by extensions ['colcon_pkg']
[0.200s] Level 1:colcon.colcon_core.package_identification:_identify(src/robot_bringup) by extension 'colcon_pkg'
[0.200s] Level 1:colcon.colcon_core.package_identification:_identify(src/robot_bringup) by extensions ['colcon_meta']
[0.200s] Level 1:colcon.colcon_core.package_identification:_identify(src/robot_bringup) by extension 'colcon_meta'
[0.200s] Level 1:colcon.colcon_core.package_identification:_identify(src/robot_bringup) by extensions ['ros']
[0.200s] Level 1:colcon.colcon_core.package_identification:_identify(src/robot_bringup) by extension 'ros'
[0.201s] DEBUG:colcon.colcon_core.package_identification:Package 'src/robot_bringup' with type 'ros.ament_cmake' and name 'robot_bringup'
[0.201s] Level 1:colcon.colcon_core.package_identification:_identify(src/zenoh_bridge) by extensions ['ignore', 'ignore_ament_install']
[0.201s] Level 1:colcon.colcon_core.package_identification:_identify(src/zenoh_bridge) by extension 'ignore'
[0.201s] Level 1:colcon.colcon_core.package_identification:_identify(src/zenoh_bridge) by extension 'ignore_ament_install'
[0.201s] Level 1:colcon.colcon_core.package_identification:_identify(src/zenoh_bridge) by extensions ['colcon_pkg']
[0.201s] Level 1:colcon.colcon_core.package_identification:_identify(src/zenoh_bridge) by extension 'colcon_pkg'
[0.201s] Level 1:colcon.colcon_core.package_identification:_identify(src/zenoh_bridge) by extensions ['colcon_meta']
[0.201s] Level 1:colcon.colcon_core.package_identification:_identify(src/zenoh_bridge) by extension 'colcon_meta'
[0.201s] Level 1:colcon.colcon_core.package_identification:_identify(src/zenoh_bridge) by extensions ['ros']
[0.201s] Level 1:colcon.colcon_core.package_identification:_identify(src/zenoh_bridge) by extension 'ros'
[0.202s] DEBUG:colcon.colcon_core.package_identification:Package 'src/zenoh_bridge' with type 'ros.ament_cmake' and name 'zenoh_bridge'
[0.202s] Level 1:colcon.colcon_core.package_discovery:discover_packages(recursive) using defaults
[0.202s] Level 1:colcon.colcon_core.package_discovery:discover_packages(ignore) discover
[0.202s] Level 1:colcon.colcon_core.package_discovery:discover_packages(ignore) using defaults
[0.202s] Level 1:colcon.colcon_core.package_discovery:discover_packages(path) discover
[0.202s] Level 1:colcon.colcon_core.package_discovery:discover_packages(path) using defaults
[0.215s] Level 1:colcon.colcon_core.package_discovery:discover_packages(prefix_path) check parameters
[0.215s] Level 1:colcon.colcon_core.package_discovery:discover_packages(prefix_path) discover
[0.216s] DEBUG:colcon.colcon_installed_package_information.package_discovery:Found 6 installed packages in /home/didac/exchange/Team3/ros2_ws/install
[0.217s] DEBUG:colcon.colcon_installed_package_information.package_discovery:Found 278 installed packages in /opt/ros/humble
[0.218s] Level 1:colcon.colcon_core.package_discovery:discover_packages(prefix_path) using defaults
[0.240s] Level 5:colcon.colcon_core.verb:set package 'controller_pkg' build argument 'cmake_args' from command line to 'None'
[0.240s] Level 5:colcon.colcon_core.verb:set package 'controller_pkg' build argument 'cmake_target' from command line to 'None'
[0.240s] Level 5:colcon.colcon_core.verb:set package 'controller_pkg' build argument 'cmake_target_skip_unavailable' from command line to 'False'
[0.240s] Level 5:colcon.colcon_core.verb:set package 'controller_pkg' build argument 'cmake_clean_cache' from command line to 'False'
[0.240s] Level 5:colcon.colcon_core.verb:set package 'controller_pkg' build argument 'cmake_clean_first' from command line to 'False'
[0.240s] Level 5:colcon.colcon_core.verb:set package 'controller_pkg' build argument 'cmake_force_configure' from command line to 'False'
[0.240s] Level 5:colcon.colcon_core.verb:set package 'controller_pkg' build argument 'ament_cmake_args' from command line to 'None'
[0.240s] Level 5:colcon.colcon_core.verb:set package 'controller_pkg' build argument 'catkin_cmake_args' from command line to 'None'
[0.240s] Level 5:colcon.colcon_core.verb:set package 'controller_pkg' build argument 'catkin_skip_building_tests' from command line to 'False'
[0.240s] DEBUG:colcon.colcon_core.verb:Building package 'controller_pkg' with the following arguments: {'ament_cmake_args': None, 'build_base': '/home/didac/exchange/Team3/ros2_ws/build/controller_pkg', 'catkin_cmake_args': None, 'catkin_skip_building_tests': False, 'cmake_args': None, 'cmake_clean_cache': False, 'cmake_clean_first': False, 'cmake_force_configure': False, 'cmake_target': None, 'cmake_target_skip_unavailable': False, 'install_base': '/home/didac/exchange/Team3/ros2_ws/install/controller_pkg', 'merge_install': False, 'path': '/home/didac/exchange/Team3/ros2_ws/src/controller_pkg', 'symlink_install': True, 'test_result_base': None}
[0.240s] Level 5:colcon.colcon_core.verb:set package 'ldlidar_stl_ros2' build argument 'cmake_args' from command line to 'None'
[0.240s] Level 5:colcon.colcon_core.verb:set package 'ldlidar_stl_ros2' build argument 'cmake_target' from command line to 'None'
[0.240s] Level 5:colcon.colcon_core.verb:set package 'ldlidar_stl_ros2' build argument 'cmake_target_skip_unavailable' from command line to 'False'
[0.240s] Level 5:colcon.colcon_core.verb:set package 'ldlidar_stl_ros2' build argument 'cmake_clean_cache' from command line to 'False'
[0.240s] Level 5:colcon.colcon_core.verb:set package 'ldlidar_stl_ros2' build argument 'cmake_clean_first' from command line to 'False'
[0.240s] Level 5:colcon.colcon_core.verb:set package 'ldlidar_stl_ros2' build argument 'cmake_force_configure' from command line to 'False'
[0.240s] Level 5:colcon.colcon_core.verb:set package 'ldlidar_stl_ros2' build argument 'ament_cmake_args' from command line to 'None'
[0.240s] Level 5:colcon.colcon_core.verb:set package 'ldlidar_stl_ros2' build argument 'catkin_cmake_args' from command line to 'None'
[0.240s] Level 5:colcon.colcon_core.verb:set package 'ldlidar_stl_ros2' build argument 'catkin_skip_building_tests' from command line to 'False'
[0.241s] DEBUG:colcon.colcon_core.verb:Building package 'ldlidar_stl_ros2' with the following arguments: {'ament_cmake_args': None, 'build_base': '/home/didac/exchange/Team3/ros2_ws/build/ldlidar_stl_ros2', 'catkin_cmake_args': None, 'catkin_skip_building_tests': False, 'cmake_args': None, 'cmake_clean_cache': False, 'cmake_clean_first': False, 'cmake_force_configure': False, 'cmake_target': None, 'cmake_target_skip_unavailable': False, 'install_base': '/home/didac/exchange/Team3/ros2_ws/install/ldlidar_stl_ros2', 'merge_install': False, 'path': '/home/didac/exchange/Team3/ros2_ws/src/ldlidar_stl_ros2', 'symlink_install': True, 'test_result_base': None}
[0.241s] Level 5:colcon.colcon_core.verb:set package 'mission_manager' build argument 'cmake_args' from command line to 'None'
[0.241s] Level 5:colcon.colcon_core.verb:set package 'mission_manager' build argument 'cmake_target' from command line to 'None'
[0.241s] Level 5:colcon.colcon_core.verb:set package 'mission_manager' build argument 'cmake_target_skip_unavailable' from command line to 'False'
[0.241s] Level 5:colcon.colcon_core.verb:set package 'mission_manager' build argument 'cmake_clean_cache' from command line to 'False'
[0.241s] Level 5:colcon.colcon_core.verb:set package 'mission_manager' build argument 'cmake_clean_first' from command line to 'False'
[0.241s] Level 5:colcon.colcon_core.verb:set package 'mission_manager' build argument 'cmake_force_configure' from command line to 'False'
[0.241s] Level 5:colcon.colcon_core.verb:set package 'mission_manager' build argument 'ament_cmake_args' from command line to 'None'
[0.241s] Level 5:colcon.colcon_core.verb:set package 'mission_manager' build argument 'catkin_cmake_args' from command line to 'None'
[0.241s] Level 5:colcon.colcon_core.verb:set package 'mission_manager' build argument 'catkin_skip_building_tests' from command line to 'False'
[0.241s] DEBUG:colcon.colcon_core.verb:Building package 'mission_manager' with the following arguments: {'ament_cmake_args': None, 'build_base': '/home/didac/exchange/Team3/ros2_ws/build/mission_manager', 'catkin_cmake_args': None, 'catkin_skip_building_tests': False, 'cmake_args': None, 'cmake_clean_cache': False, 'cmake_clean_first': False, 'cmake_force_configure': False, 'cmake_target': None, 'cmake_target_skip_unavailable': False, 'install_base': '/home/didac/exchange/Team3/ros2_ws/install/mission_manager', 'merge_install': False, 'path': '/home/didac/exchange/Team3/ros2_ws/src/mission_manager', 'symlink_install': True, 'test_result_base': None}
[0.241s] Level 5:colcon.colcon_core.verb:set package 'obstacle_detector' build argument 'cmake_args' from command line to 'None'
[0.241s] Level 5:colcon.colcon_core.verb:set package 'obstacle_detector' build argument 'cmake_target' from command line to 'None'
[0.241s] Level 5:colcon.colcon_core.verb:set package 'obstacle_detector' build argument 'cmake_target_skip_unavailable' from command line to 'False'
[0.241s] Level 5:colcon.colcon_core.verb:set package 'obstacle_detector' build argument 'cmake_clean_cache' from command line to 'False'
[0.241s] Level 5:colcon.colcon_core.verb:set package 'obstacle_detector' build argument 'cmake_clean_first' from command line to 'False'
[0.241s] Level 5:colcon.colcon_core.verb:set package 'obstacle_detector' build argument 'cmake_force_configure' from command line to 'False'
[0.241s] Level 5:colcon.colcon_core.verb:set package 'obstacle_detector' build argument 'ament_cmake_args' from command line to 'None'
[0.241s] Level 5:colcon.colcon_core.verb:set package 'obstacle_detector' build argument 'catkin_cmake_args' from command line to 'None'
[0.241s] Level 5:colcon.colcon_core.verb:set package 'obstacle_detector' build argument 'catkin_skip_building_tests' from command line to 'False'
[0.241s] DEBUG:colcon.colcon_core.verb:Building package 'obstacle_detector' with the following arguments: {'ament_cmake_args': None, 'build_base': '/home/didac/exchange/Team3/ros2_ws/build/obstacle_detector', 'catkin_cmake_args': None, 'catkin_skip_building_tests': False, 'cmake_args': None, 'cmake_clean_cache': False, 'cmake_clean_first': False, 'cmake_force_configure': False, 'cmake_target': None, 'cmake_target_skip_unavailable': False, 'install_base': '/home/didac/exchange/Team3/ros2_ws/install/obstacle_detector', 'merge_install': False, 'path': '/home/didac/exchange/Team3/ros2_ws/src/obstacle_detector', 'symlink_install': True, 'test_result_base': None}
[0.241s] Level 5:colcon.colcon_core.verb:set package 'robot_bringup' build argument 'cmake_args' from command line to 'None'
[0.241s] Level 5:colcon.colcon_core.verb:set package 'robot_bringup' build argument 'cmake_target' from command line to 'None'
[0.241s] Level 5:colcon.colcon_core.verb:set package 'robot_bringup' build argument 'cmake_target_skip_unavailable' from command line to 'False'
[0.241s] Level 5:colcon.colcon_core.verb:set package 'robot_bringup' build argument 'cmake_clean_cache' from command line to 'False'
[0.242s] Level 5:colcon.colcon_core.verb:set package 'robot_bringup' build argument 'cmake_clean_first' from command line to 'False'
[0.242s] Level 5:colcon.colcon_core.verb:set package 'robot_bringup' build argument 'cmake_force_configure' from command line to 'False'
[0.242s] Level 5:colcon.colcon_core.verb:set package 'robot_bringup' build argument 'ament_cmake_args' from command line to 'None'
[0.242s] Level 5:colcon.colcon_core.verb:set package 'robot_bringup' build argument 'catkin_cmake_args' from command line to 'None'
[0.242s] Level 5:colcon.colcon_core.verb:set package 'robot_bringup' build argument 'catkin_skip_building_tests' from command line to 'False'
[0.242s] DEBUG:colcon.colcon_core.verb:Building package 'robot_bringup' with the following arguments: {'ament_cmake_args': None, 'build_base': '/home/didac/exchange/Team3/ros2_ws/build/robot_bringup', 'catkin_cmake_args': None, 'catkin_skip_building_tests': False, 'cmake_args': None, 'cmake_clean_cache': False, 'cmake_clean_first': False, 'cmake_force_configure': False, 'cmake_target': None, 'cmake_target_skip_unavailable': False, 'install_base': '/home/didac/exchange/Team3/ros2_ws/install/robot_bringup', 'merge_install': False, 'path': '/home/didac/exchange/Team3/ros2_ws/src/robot_bringup', 'symlink_install': True, 'test_result_base': None}
[0.242s] Level 5:colcon.colcon_core.verb:set package 'zenoh_bridge' build argument 'cmake_args' from command line to 'None'
[0.242s] Level 5:colcon.colcon_core.verb:set package 'zenoh_bridge' build argument 'cmake_target' from command line to 'None'
[0.242s] Level 5:colcon.colcon_core.verb:set package 'zenoh_bridge' build argument 'cmake_target_skip_unavailable' from command line to 'False'
[0.242s] Level 5:colcon.colcon_core.verb:set package 'zenoh_bridge' build argument 'cmake_clean_cache' from command line to 'False'
[0.242s] Level 5:colcon.colcon_core.verb:set package 'zenoh_bridge' build argument 'cmake_clean_first' from command line to 'False'
[0.242s] Level 5:colcon.colcon_core.verb:set package 'zenoh_bridge' build argument 'cmake_force_configure' from command line to 'False'
[0.242s] Level 5:colcon.colcon_core.verb:set package 'zenoh_bridge' build argument 'ament_cmake_args' from command line to 'None'
[0.242s] Level 5:colcon.colcon_core.verb:set package 'zenoh_bridge' build argument 'catkin_cmake_args' from command line to 'None'
[0.242s] Level 5:colcon.colcon_core.verb:set package 'zenoh_bridge' build argument 'catkin_skip_building_tests' from command line to 'False'
[0.242s] DEBUG:colcon.colcon_core.verb:Building package 'zenoh_bridge' with the following arguments: {'ament_cmake_args': None, 'build_base': '/home/didac/exchange/Team3/ros2_ws/build/zenoh_bridge', 'catkin_cmake_args': None, 'catkin_skip_building_tests': False, 'cmake_args': None, 'cmake_clean_cache': False, 'cmake_clean_first': False, 'cmake_force_configure': False, 'cmake_target': None, 'cmake_target_skip_unavailable': False, 'install_base': '/home/didac/exchange/Team3/ros2_ws/install/zenoh_bridge', 'merge_install': False, 'path': '/home/didac/exchange/Team3/ros2_ws/src/zenoh_bridge', 'symlink_install': True, 'test_result_base': None}
[0.242s] INFO:colcon.colcon_core.executor:Executing jobs using 'parallel' executor
[0.243s] DEBUG:colcon.colcon_parallel_executor.executor.parallel:run_until_complete
[0.243s] INFO:colcon.colcon_ros.task.ament_cmake.build:Building ROS package in '/home/didac/exchange/Team3/ros2_ws/src/controller_pkg' with build type 'ament_cmake'
[0.243s] INFO:colcon.colcon_cmake.task.cmake.build:Building CMake package in '/home/didac/exchange/Team3/ros2_ws/src/controller_pkg'
[0.244s] INFO:colcon.colcon_core.plugin_system:Skipping extension 'colcon_core.shell.bat': Not used on non-Windows systems
[0.244s] INFO:colcon.colcon_core.shell:Skip shell extension 'powershell' for command environment: Not usable outside of PowerShell
[0.244s] DEBUG:colcon.colcon_core.shell:Skip shell extension 'dsv' for command environment
[0.247s] INFO:colcon.colcon_ros.task.ament_cmake.build:Building ROS package in '/home/didac/exchange/Team3/ros2_ws/src/ldlidar_stl_ros2' with build type 'ament_cmake'
[0.247s] INFO:colcon.colcon_cmake.task.cmake.build:Building CMake package in '/home/didac/exchange/Team3/ros2_ws/src/ldlidar_stl_ros2'
[0.247s] INFO:colcon.colcon_core.shell:Skip shell extension 'powershell' for command environment: Not usable outside of PowerShell
[0.247s] DEBUG:colcon.colcon_core.shell:Skip shell extension 'dsv' for command environment
[0.249s] INFO:colcon.colcon_ros.task.ament_python.build:Building ROS package in '/home/didac/exchange/Team3/ros2_ws/src/mission_manager' with build type 'ament_python'
[0.249s] Level 1:colcon.colcon_core.shell:create_environment_hook('mission_manager', 'ament_prefix_path')
[0.249s] INFO:colcon.colcon_core.shell:Creating environment hook '/home/didac/exchange/Team3/ros2_ws/install/mission_manager/share/mission_manager/hook/ament_prefix_path.ps1'
[0.249s] INFO:colcon.colcon_core.shell:Creating environment descriptor '/home/didac/exchange/Team3/ros2_ws/install/mission_manager/share/mission_manager/hook/ament_prefix_path.dsv'
[0.250s] INFO:colcon.colcon_core.shell:Creating environment hook '/home/didac/exchange/Team3/ros2_ws/install/mission_manager/share/mission_manager/hook/ament_prefix_path.sh'
[0.250s] INFO:colcon.colcon_core.shell:Skip shell extension 'powershell' for command environment: Not usable outside of PowerShell
[0.250s] DEBUG:colcon.colcon_core.shell:Skip shell extension 'dsv' for command environment
[0.252s] INFO:colcon.colcon_ros.task.ament_cmake.build:Building ROS package in '/home/didac/exchange/Team3/ros2_ws/src/obstacle_detector' with build type 'ament_cmake'
[0.252s] INFO:colcon.colcon_cmake.task.cmake.build:Building CMake package in '/home/didac/exchange/Team3/ros2_ws/src/obstacle_detector'
[0.252s] INFO:colcon.colcon_core.shell:Skip shell extension 'powershell' for command environment: Not usable outside of PowerShell
[0.252s] DEBUG:colcon.colcon_core.shell:Skip shell extension 'dsv' for command environment
[0.254s] INFO:colcon.colcon_ros.task.ament_cmake.build:Building ROS package in '/home/didac/exchange/Team3/ros2_ws/src/robot_bringup' with build type 'ament_cmake'
[0.254s] INFO:colcon.colcon_cmake.task.cmake.build:Building CMake package in '/home/didac/exchange/Team3/ros2_ws/src/robot_bringup'
[0.254s] INFO:colcon.colcon_core.shell:Skip shell extension 'powershell' for command environment: Not usable outside of PowerShell
[0.254s] DEBUG:colcon.colcon_core.shell:Skip shell extension 'dsv' for command environment
[0.256s] INFO:colcon.colcon_ros.task.ament_cmake.build:Building ROS package in '/home/didac/exchange/Team3/ros2_ws/src/zenoh_bridge' with build type 'ament_cmake'
[0.256s] INFO:colcon.colcon_cmake.task.cmake.build:Building CMake package in '/home/didac/exchange/Team3/ros2_ws/src/zenoh_bridge'
[0.256s] INFO:colcon.colcon_core.shell:Skip shell extension 'powershell' for command environment: Not usable outside of PowerShell
[0.257s] DEBUG:colcon.colcon_core.shell:Skip shell extension 'dsv' for command environment
[0.263s] DEBUG:colcon.colcon_core.event_handler.log_command:Invoking command in '/home/didac/exchange/Team3/ros2_ws/build/controller_pkg': CMAKE_PREFIX_PATH=${CMAKE_PREFIX_PATH}:/home/didac/exchange/Team3/ros2_ws/install/mission_manager:/opt/ros/humble /usr/bin/cmake --build /home/didac/exchange/Team3/ros2_ws/build/controller_pkg -- -j8 -l8
[0.265s] DEBUG:colcon.colcon_core.event_handler.log_command:Invoking command in '/home/didac/exchange/Team3/ros2_ws/build/ldlidar_stl_ros2': CMAKE_PREFIX_PATH=${CMAKE_PREFIX_PATH}:/home/didac/exchange/Team3/ros2_ws/install/mission_manager:/opt/ros/humble /usr/bin/cmake --build /home/didac/exchange/Team3/ros2_ws/build/ldlidar_stl_ros2 -- -j8 -l8
[0.470s] INFO:colcon.colcon_core.task.python.build:Building Python package in '/home/didac/exchange/Team3/ros2_ws/src/mission_manager'
[0.470s] INFO:colcon.colcon_core.shell:Skip shell extension 'powershell' for command environment: Not usable outside of PowerShell
[0.470s] DEBUG:colcon.colcon_core.shell:Skip shell extension 'dsv' for command environment
[0.478s] DEBUG:colcon.colcon_core.event_handler.log_command:Invoking command in '/home/didac/exchange/Team3/ros2_ws/build/obstacle_detector': CMAKE_PREFIX_PATH=${CMAKE_PREFIX_PATH}:/home/didac/exchange/Team3/ros2_ws/install/mission_manager:/opt/ros/humble /usr/bin/cmake --build /home/didac/exchange/Team3/ros2_ws/build/obstacle_detector -- -j8 -l8
[0.480s] DEBUG:colcon.colcon_core.event_handler.log_command:Invoking command in '/home/didac/exchange/Team3/ros2_ws/build/robot_bringup': CMAKE_PREFIX_PATH=${CMAKE_PREFIX_PATH}:/home/didac/exchange/Team3/ros2_ws/install/mission_manager:/opt/ros/humble /usr/bin/cmake --build /home/didac/exchange/Team3/ros2_ws/build/robot_bringup -- -j8 -l8
[0.484s] DEBUG:colcon.colcon_core.event_handler.log_command:Invoking command in '/home/didac/exchange/Team3/ros2_ws/build/zenoh_bridge': CMAKE_PREFIX_PATH=${CMAKE_PREFIX_PATH}:/home/didac/exchange/Team3/ros2_ws/install/mission_manager:/opt/ros/humble /usr/bin/cmake --build /home/didac/exchange/Team3/ros2_ws/build/zenoh_bridge -- -j8 -l8
[0.485s] DEBUG:colcon.colcon_core.event_handler.log_command:Invoked command in '/home/didac/exchange/Team3/ros2_ws/build/ldlidar_stl_ros2' returned '0': CMAKE_PREFIX_PATH=${CMAKE_PREFIX_PATH}:/home/didac/exchange/Team3/ros2_ws/install/mission_manager:/opt/ros/humble /usr/bin/cmake --build /home/didac/exchange/Team3/ros2_ws/build/ldlidar_stl_ros2 -- -j8 -l8
[0.491s] DEBUG:colcon.colcon_core.event_handler.log_command:Invoking command in '/home/didac/exchange/Team3/ros2_ws/build/ldlidar_stl_ros2': CMAKE_PREFIX_PATH=${CMAKE_PREFIX_PATH}:/home/didac/exchange/Team3/ros2_ws/install/mission_manager:/opt/ros/humble /usr/bin/cmake --install /home/didac/exchange/Team3/ros2_ws/build/ldlidar_stl_ros2
[0.493s] DEBUG:colcon.colcon_core.event_handler.log_command:Invoked command in '/home/didac/exchange/Team3/ros2_ws/build/controller_pkg' returned '0': CMAKE_PREFIX_PATH=${CMAKE_PREFIX_PATH}:/home/didac/exchange/Team3/ros2_ws/install/mission_manager:/opt/ros/humble /usr/bin/cmake --build /home/didac/exchange/Team3/ros2_ws/build/controller_pkg -- -j8 -l8
[0.494s] DEBUG:colcon.colcon_core.event_handler.log_command:Invoking command in '/home/didac/exchange/Team3/ros2_ws/build/controller_pkg': CMAKE_PREFIX_PATH=${CMAKE_PREFIX_PATH}:/home/didac/exchange/Team3/ros2_ws/install/mission_manager:/opt/ros/humble /usr/bin/cmake --install /home/didac/exchange/Team3/ros2_ws/build/controller_pkg
[0.513s] Level 1:colcon.colcon_core.environment:create_environment_scripts_only(ldlidar_stl_ros2)
[0.513s] DEBUG:colcon.colcon_core.event_handler.log_command:Invoked command in '/home/didac/exchange/Team3/ros2_ws/build/ldlidar_stl_ros2' returned '0': CMAKE_PREFIX_PATH=${CMAKE_PREFIX_PATH}:/home/didac/exchange/Team3/ros2_ws/install/mission_manager:/opt/ros/humble /usr/bin/cmake --install /home/didac/exchange/Team3/ros2_ws/build/ldlidar_stl_ros2
[0.515s] Level 1:colcon.colcon_core.environment:checking '/home/didac/exchange/Team3/ros2_ws/install/ldlidar_stl_ros2' for CMake module files
[0.516s] Level 1:colcon.colcon_core.environment:checking '/home/didac/exchange/Team3/ros2_ws/install/ldlidar_stl_ros2' for CMake config files
[0.516s] Level 1:colcon.colcon_core.shell:create_environment_hook('ldlidar_stl_ros2', 'cmake_prefix_path')
[0.516s] INFO:colcon.colcon_core.shell:Creating environment hook '/home/didac/exchange/Team3/ros2_ws/install/ldlidar_stl_ros2/share/ldlidar_stl_ros2/hook/cmake_prefix_path.ps1'
[0.517s] INFO:colcon.colcon_core.shell:Creating environment descriptor '/home/didac/exchange/Team3/ros2_ws/install/ldlidar_stl_ros2/share/ldlidar_stl_ros2/hook/cmake_prefix_path.dsv'
[0.517s] INFO:colcon.colcon_core.shell:Creating environment hook '/home/didac/exchange/Team3/ros2_ws/install/ldlidar_stl_ros2/share/ldlidar_stl_ros2/hook/cmake_prefix_path.sh'
[0.518s] Level 1:colcon.colcon_core.environment:checking '/home/didac/exchange/Team3/ros2_ws/install/ldlidar_stl_ros2/lib'
[0.518s] Level 1:colcon.colcon_core.environment:checking '/home/didac/exchange/Team3/ros2_ws/install/ldlidar_stl_ros2/bin'
[0.518s] Level 1:colcon.colcon_core.environment:checking '/home/didac/exchange/Team3/ros2_ws/install/ldlidar_stl_ros2/lib/pkgconfig/ldlidar_stl_ros2.pc'
[0.519s] Level 1:colcon.colcon_core.environment:checking '/home/didac/exchange/Team3/ros2_ws/install/ldlidar_stl_ros2/lib/python3.10/site-packages'
[0.519s] Level 1:colcon.colcon_core.environment:checking '/home/didac/exchange/Team3/ros2_ws/install/ldlidar_stl_ros2/bin'
[0.519s] INFO:colcon.colcon_core.shell:Creating package script '/home/didac/exchange/Team3/ros2_ws/install/ldlidar_stl_ros2/share/ldlidar_stl_ros2/package.ps1'
[0.522s] INFO:colcon.colcon_core.shell:Creating package descriptor '/home/didac/exchange/Team3/ros2_ws/install/ldlidar_stl_ros2/share/ldlidar_stl_ros2/package.dsv'
[0.523s] INFO:colcon.colcon_core.shell:Creating package script '/home/didac/exchange/Team3/ros2_ws/install/ldlidar_stl_ros2/share/ldlidar_stl_ros2/package.sh'
[0.524s] INFO:colcon.colcon_core.shell:Creating package script '/home/didac/exchange/Team3/ros2_ws/install/ldlidar_stl_ros2/share/ldlidar_stl_ros2/package.bash'
[0.525s] INFO:colcon.colcon_core.shell:Creating package script '/home/didac/exchange/Team3/ros2_ws/install/ldlidar_stl_ros2/share/ldlidar_stl_ros2/package.zsh'
[0.525s] Level 1:colcon.colcon_core.environment:create_file_with_runtime_dependencies(/home/didac/exchange/Team3/ros2_ws/install/ldlidar_stl_ros2/share/colcon-core/packages/ldlidar_stl_ros2)
[0.526s] Level 1:colcon.colcon_core.environment:create_environment_scripts_only(ldlidar_stl_ros2)
[0.526s] Level 1:colcon.colcon_core.environment:checking '/home/didac/exchange/Team3/ros2_ws/install/ldlidar_stl_ros2' for CMake module files
[0.527s] Level 1:colcon.colcon_core.environment:checking '/home/didac/exchange/Team3/ros2_ws/install/ldlidar_stl_ros2' for CMake config files
[0.527s] Level 1:colcon.colcon_core.shell:create_environment_hook('ldlidar_stl_ros2', 'cmake_prefix_path')
[0.527s] INFO:colcon.colcon_core.shell:Creating environment hook '/home/didac/exchange/Team3/ros2_ws/install/ldlidar_stl_ros2/share/ldlidar_stl_ros2/hook/cmake_prefix_path.ps1'
[0.528s] INFO:colcon.colcon_core.shell:Creating environment descriptor '/home/didac/exchange/Team3/ros2_ws/install/ldlidar_stl_ros2/share/ldlidar_stl_ros2/hook/cmake_prefix_path.dsv'
[0.528s] INFO:colcon.colcon_core.shell:Creating environment hook '/home/didac/exchange/Team3/ros2_ws/install/ldlidar_stl_ros2/share/ldlidar_stl_ros2/hook/cmake_prefix_path.sh'
[0.528s] Level 1:colcon.colcon_core.environment:checking '/home/didac/exchange/Team3/ros2_ws/install/ldlidar_stl_ros2/lib'
[0.528s] Level 1:colcon.colcon_core.environment:checking '/home/didac/exchange/Team3/ros2_ws/install/ldlidar_stl_ros2/bin'
[0.528s] Level 1:colcon.colcon_core.environment:checking '/home/didac/exchange/Team3/ros2_ws/install/ldlidar_stl_ros2/lib/pkgconfig/ldlidar_stl_ros2.pc'
[0.529s] Level 1:colcon.colcon_core.environment:checking '/home/didac/exchange/Team3/ros2_ws/install/ldlidar_stl_ros2/lib/python3.10/site-packages'
[0.529s] Level 1:colcon.colcon_core.environment:checking '/home/didac/exchange/Team3/ros2_ws/install/ldlidar_stl_ros2/bin'
[0.529s] INFO:colcon.colcon_core.shell:Creating package script '/home/didac/exchange/Team3/ros2_ws/install/ldlidar_stl_ros2/share/ldlidar_stl_ros2/package.ps1'
[0.529s] INFO:colcon.colcon_core.shell:Creating package descriptor '/home/didac/exchange/Team3/ros2_ws/install/ldlidar_stl_ros2/share/ldlidar_stl_ros2/package.dsv'
[0.530s] INFO:colcon.colcon_core.shell:Creating package script '/home/didac/exchange/Team3/ros2_ws/install/ldlidar_stl_ros2/share/ldlidar_stl_ros2/package.sh'
[0.530s] INFO:colcon.colcon_core.shell:Creating package script '/home/didac/exchange/Team3/ros2_ws/install/ldlidar_stl_ros2/share/ldlidar_stl_ros2/package.bash'
[0.530s] INFO:colcon.colcon_core.shell:Creating package script '/home/didac/exchange/Team3/ros2_ws/install/ldlidar_stl_ros2/share/ldlidar_stl_ros2/package.zsh'
[0.531s] Level 1:colcon.colcon_core.environment:create_file_with_runtime_dependencies(/home/didac/exchange/Team3/ros2_ws/install/ldlidar_stl_ros2/share/colcon-core/packages/ldlidar_stl_ros2)
[0.533s] DEBUG:colcon.colcon_core.event_handler.log_command:Invoked command in '/home/didac/exchange/Team3/ros2_ws/build/robot_bringup' returned '0': CMAKE_PREFIX_PATH=${CMAKE_PREFIX_PATH}:/home/didac/exchange/Team3/ros2_ws/install/mission_manager:/opt/ros/humble /usr/bin/cmake --build /home/didac/exchange/Team3/ros2_ws/build/robot_bringup -- -j8 -l8
[0.533s] Level 1:colcon.colcon_core.environment:create_environment_scripts_only(controller_pkg)
[0.534s] Level 1:colcon.colcon_core.environment:checking '/home/didac/exchange/Team3/ros2_ws/install/controller_pkg' for CMake module files
[0.534s] DEBUG:colcon.colcon_core.event_handler.log_command:Invoking command in '/home/didac/exchange/Team3/ros2_ws/build/robot_bringup': CMAKE_PREFIX_PATH=${CMAKE_PREFIX_PATH}:/home/didac/exchange/Team3/ros2_ws/install/mission_manager:/opt/ros/humble /usr/bin/cmake --install /home/didac/exchange/Team3/ros2_ws/build/robot_bringup
[0.535s] DEBUG:colcon.colcon_core.event_handler.log_command:Invoked command in '/home/didac/exchange/Team3/ros2_ws/build/controller_pkg' returned '0': CMAKE_PREFIX_PATH=${CMAKE_PREFIX_PATH}:/home/didac/exchange/Team3/ros2_ws/install/mission_manager:/opt/ros/humble /usr/bin/cmake --install /home/didac/exchange/Team3/ros2_ws/build/controller_pkg
[0.535s] Level 1:colcon.colcon_core.environment:checking '/home/didac/exchange/Team3/ros2_ws/install/controller_pkg' for CMake config files
[0.535s] Level 1:colcon.colcon_core.shell:create_environment_hook('controller_pkg', 'cmake_prefix_path')
[0.536s] INFO:colcon.colcon_core.shell:Creating environment hook '/home/didac/exchange/Team3/ros2_ws/install/controller_pkg/share/controller_pkg/hook/cmake_prefix_path.ps1'
[0.536s] INFO:colcon.colcon_core.shell:Creating environment descriptor '/home/didac/exchange/Team3/ros2_ws/install/controller_pkg/share/controller_pkg/hook/cmake_prefix_path.dsv'
[0.536s] INFO:colcon.colcon_core.shell:Creating environment hook '/home/didac/exchange/Team3/ros2_ws/install/controller_pkg/share/controller_pkg/hook/cmake_prefix_path.sh'
[0.537s] Level 1:colcon.colcon_core.environment:checking '/home/didac/exchange/Team3/ros2_ws/install/controller_pkg/lib'
[0.537s] Level 1:colcon.colcon_core.environment:checking '/home/didac/exchange/Team3/ros2_ws/install/controller_pkg/bin'
[0.537s] Level 1:colcon.colcon_core.environment:checking '/home/didac/exchange/Team3/ros2_ws/install/controller_pkg/lib/pkgconfig/controller_pkg.pc'
[0.537s] Level 1:colcon.colcon_core.environment:checking '/home/didac/exchange/Team3/ros2_ws/install/controller_pkg/lib/python3.10/site-packages'
[0.537s] Level 1:colcon.colcon_core.environment:checking '/home/didac/exchange/Team3/ros2_ws/install/controller_pkg/bin'
[0.537s] INFO:colcon.colcon_core.shell:Creating package script '/home/didac/exchange/Team3/ros2_ws/install/controller_pkg/share/controller_pkg/package.ps1'
[0.538s] INFO:colcon.colcon_core.shell:Creating package descriptor '/home/didac/exchange/Team3/ros2_ws/install/controller_pkg/share/controller_pkg/package.dsv'
[0.538s] INFO:colcon.colcon_core.shell:Creating package script '/home/didac/exchange/Team3/ros2_ws/install/controller_pkg/share/controller_pkg/package.sh'
[0.539s] INFO:colcon.colcon_core.shell:Creating package script '/home/didac/exchange/Team3/ros2_ws/install/controller_pkg/share/controller_pkg/package.bash'
[0.540s] INFO:colcon.colcon_core.shell:Creating package script '/home/didac/exchange/Team3/ros2_ws/install/controller_pkg/share/controller_pkg/package.zsh'
[0.541s] Level 1:colcon.colcon_core.environment:create_file_with_runtime_dependencies(/home/didac/exchange/Team3/ros2_ws/install/controller_pkg/share/colcon-core/packages/controller_pkg)
[0.542s] Level 1:colcon.colcon_core.environment:create_environment_scripts_only(controller_pkg)
[0.542s] Level 1:colcon.colcon_core.environment:checking '/home/didac/exchange/Team3/ros2_ws/install/controller_pkg' for CMake module files
[0.542s] Level 1:colcon.colcon_core.environment:checking '/home/didac/exchange/Team3/ros2_ws/install/controller_pkg' for CMake config files
[0.543s] Level 1:colcon.colcon_core.shell:create_environment_hook('controller_pkg', 'cmake_prefix_path')
[0.543s] INFO:colcon.colcon_core.shell:Creating environment hook '/home/didac/exchange/Team3/ros2_ws/install/controller_pkg/share/controller_pkg/hook/cmake_prefix_path.ps1'
[0.543s] INFO:colcon.colcon_core.shell:Creating environment descriptor '/home/didac/exchange/Team3/ros2_ws/install/controller_pkg/share/controller_pkg/hook/cmake_prefix_path.dsv'
[0.544s] INFO:colcon.colcon_core.shell:Creating environment hook '/home/didac/exchange/Team3/ros2_ws/install/controller_pkg/share/controller_pkg/hook/cmake_prefix_path.sh'
[0.544s] Level 1:colcon.colcon_core.environment:checking '/home/didac/exchange/Team3/ros2_ws/install/controller_pkg/lib'
[0.544s] Level 1:colcon.colcon_core.environment:checking '/home/didac/exchange/Team3/ros2_ws/install/controller_pkg/bin'
[0.544s] Level 1:colcon.colcon_core.environment:checking '/home/didac/exchange/Team3/ros2_ws/install/controller_pkg/lib/pkgconfig/controller_pkg.pc'
[0.545s] Level 1:colcon.colcon_core.environment:checking '/home/didac/exchange/Team3/ros2_ws/install/controller_pkg/lib/python3.10/site-packages'
[0.545s] Level 1:colcon.colcon_core.environment:checking '/home/didac/exchange/Team3/ros2_ws/install/controller_pkg/bin'
[0.545s] INFO:colcon.colcon_core.shell:Creating package script '/home/didac/exchange/Team3/ros2_ws/install/controller_pkg/share/controller_pkg/package.ps1'
[0.546s] INFO:colcon.colcon_core.shell:Creating package descriptor '/home/didac/exchange/Team3/ros2_ws/install/controller_pkg/share/controller_pkg/package.dsv'
[0.546s] INFO:colcon.colcon_core.shell:Creating package script '/home/didac/exchange/Team3/ros2_ws/install/controller_pkg/share/controller_pkg/package.sh'
[0.547s] INFO:colcon.colcon_core.shell:Creating package script '/home/didac/exchange/Team3/ros2_ws/install/controller_pkg/share/controller_pkg/package.bash'
[0.548s] INFO:colcon.colcon_core.shell:Creating package script '/home/didac/exchange/Team3/ros2_ws/install/controller_pkg/share/controller_pkg/package.zsh'
[0.548s] Level 1:colcon.colcon_core.environment:create_file_with_runtime_dependencies(/home/didac/exchange/Team3/ros2_ws/install/controller_pkg/share/colcon-core/packages/controller_pkg)
[0.550s] DEBUG:colcon.colcon_core.event_handler.log_command:Invoked command in '/home/didac/exchange/Team3/ros2_ws/build/obstacle_detector' returned '0': CMAKE_PREFIX_PATH=${CMAKE_PREFIX_PATH}:/home/didac/exchange/Team3/ros2_ws/install/mission_manager:/opt/ros/humble /usr/bin/cmake --build /home/didac/exchange/Team3/ros2_ws/build/obstacle_detector -- -j8 -l8
[0.551s] DEBUG:colcon.colcon_core.event_handler.log_command:Invoking command in '/home/didac/exchange/Team3/ros2_ws/build/obstacle_detector': CMAKE_PREFIX_PATH=${CMAKE_PREFIX_PATH}:/home/didac/exchange/Team3/ros2_ws/install/mission_manager:/opt/ros/humble /usr/bin/cmake --install /home/didac/exchange/Team3/ros2_ws/build/obstacle_detector
[0.551s] Level 1:colcon.colcon_core.environment:create_environment_scripts_only(robot_bringup)
[0.552s] Level 1:colcon.colcon_core.environment:checking '/home/didac/exchange/Team3/ros2_ws/install/robot_bringup' for CMake module files
[0.552s] DEBUG:colcon.colcon_core.event_handler.log_command:Invoked command in '/home/didac/exchange/Team3/ros2_ws/build/robot_bringup' returned '0': CMAKE_PREFIX_PATH=${CMAKE_PREFIX_PATH}:/home/didac/exchange/Team3/ros2_ws/install/mission_manager:/opt/ros/humble /usr/bin/cmake --install /home/didac/exchange/Team3/ros2_ws/build/robot_bringup
[0.552s] Level 1:colcon.colcon_core.environment:checking '/home/didac/exchange/Team3/ros2_ws/install/robot_bringup' for CMake config files
[0.553s] Level 1:colcon.colcon_core.shell:create_environment_hook('robot_bringup', 'cmake_prefix_path')
[0.553s] INFO:colcon.colcon_core.shell:Creating environment hook '/home/didac/exchange/Team3/ros2_ws/install/robot_bringup/share/robot_bringup/hook/cmake_prefix_path.ps1'
[0.553s] INFO:colcon.colcon_core.shell:Creating environment descriptor '/home/didac/exchange/Team3/ros2_ws/install/robot_bringup/share/robot_bringup/hook/cmake_prefix_path.dsv'
[0.554s] INFO:colcon.colcon_core.shell:Creating environment hook '/home/didac/exchange/Team3/ros2_ws/install/robot_bringup/share/robot_bringup/hook/cmake_prefix_path.sh'
[0.554s] Level 1:colcon.colcon_core.environment:checking '/home/didac/exchange/Team3/ros2_ws/install/robot_bringup/bin'
[0.554s] Level 1:colcon.colcon_core.environment:checking '/home/didac/exchange/Team3/ros2_ws/install/robot_bringup/lib/pkgconfig/robot_bringup.pc'
[0.555s] Level 1:colcon.colcon_core.environment:checking '/home/didac/exchange/Team3/ros2_ws/install/robot_bringup/lib/python3.10/site-packages'
[0.555s] Level 1:colcon.colcon_core.environment:checking '/home/didac/exchange/Team3/ros2_ws/install/robot_bringup/bin'
[0.555s] INFO:colcon.colcon_core.shell:Creating package script '/home/didac/exchange/Team3/ros2_ws/install/robot_bringup/share/robot_bringup/package.ps1'
[0.556s] INFO:colcon.colcon_core.shell:Creating package descriptor '/home/didac/exchange/Team3/ros2_ws/install/robot_bringup/share/robot_bringup/package.dsv'
[0.556s] INFO:colcon.colcon_core.shell:Creating package script '/home/didac/exchange/Team3/ros2_ws/install/robot_bringup/share/robot_bringup/package.sh'
[0.557s] INFO:colcon.colcon_core.shell:Creating package script '/home/didac/exchange/Team3/ros2_ws/install/robot_bringup/share/robot_bringup/package.bash'
[0.557s] INFO:colcon.colcon_core.shell:Creating package script '/home/didac/exchange/Team3/ros2_ws/install/robot_bringup/share/robot_bringup/package.zsh'
[0.557s] Level 1:colcon.colcon_core.environment:create_file_with_runtime_dependencies(/home/didac/exchange/Team3/ros2_ws/install/robot_bringup/share/colcon-core/packages/robot_bringup)
[0.558s] Level 1:colcon.colcon_core.environment:create_environment_scripts_only(robot_bringup)
[0.558s] Level 1:colcon.colcon_core.environment:checking '/home/didac/exchange/Team3/ros2_ws/install/robot_bringup' for CMake module files
[0.558s] Level 1:colcon.colcon_core.environment:checking '/home/didac/exchange/Team3/ros2_ws/install/robot_bringup' for CMake config files
[0.559s] Level 1:colcon.colcon_core.shell:create_environment_hook('robot_bringup', 'cmake_prefix_path')
[0.559s] INFO:colcon.colcon_core.shell:Creating environment hook '/home/didac/exchange/Team3/ros2_ws/install/robot_bringup/share/robot_bringup/hook/cmake_prefix_path.ps1'
[0.559s] INFO:colcon.colcon_core.shell:Creating environment descriptor '/home/didac/exchange/Team3/ros2_ws/install/robot_bringup/share/robot_bringup/hook/cmake_prefix_path.dsv'
[0.560s] INFO:colcon.colcon_core.shell:Creating environment hook '/home/didac/exchange/Team3/ros2_ws/install/robot_bringup/share/robot_bringup/hook/cmake_prefix_path.sh'
[0.560s] Level 1:colcon.colcon_core.environment:checking '/home/didac/exchange/Team3/ros2_ws/install/robot_bringup/bin'
[0.560s] Level 1:colcon.colcon_core.environment:checking '/home/didac/exchange/Team3/ros2_ws/install/robot_bringup/lib/pkgconfig/robot_bringup.pc'
[0.561s] Level 1:colcon.colcon_core.environment:checking '/home/didac/exchange/Team3/ros2_ws/install/robot_bringup/lib/python3.10/site-packages'
[0.561s] Level 1:colcon.colcon_core.environment:checking '/home/didac/exchange/Team3/ros2_ws/install/robot_bringup/bin'
[0.561s] INFO:colcon.colcon_core.shell:Creating package script '/home/didac/exchange/Team3/ros2_ws/install/robot_bringup/share/robot_bringup/package.ps1'
[0.562s] INFO:colcon.colcon_core.shell:Creating package descriptor '/home/didac/exchange/Team3/ros2_ws/install/robot_bringup/share/robot_bringup/package.dsv'
[0.562s] INFO:colcon.colcon_core.shell:Creating package script '/home/didac/exchange/Team3/ros2_ws/install/robot_bringup/share/robot_bringup/package.sh'
[0.563s] INFO:colcon.colcon_core.shell:Creating package script '/home/didac/exchange/Team3/ros2_ws/install/robot_bringup/share/robot_bringup/package.bash'
[0.563s] INFO:colcon.colcon_core.shell:Creating package script '/home/didac/exchange/Team3/ros2_ws/install/robot_bringup/share/robot_bringup/package.zsh'
[0.564s] Level 1:colcon.colcon_core.environment:create_file_with_runtime_dependencies(/home/didac/exchange/Team3/ros2_ws/install/robot_bringup/share/colcon-core/packages/robot_bringup)
[0.565s] DEBUG:colcon.colcon_core.event_handler.log_command:Invoked command in '/home/didac/exchange/Team3/ros2_ws/build/zenoh_bridge' returned '0': CMAKE_PREFIX_PATH=${CMAKE_PREFIX_PATH}:/home/didac/exchange/Team3/ros2_ws/install/mission_manager:/opt/ros/humble /usr/bin/cmake --build /home/didac/exchange/Team3/ros2_ws/build/zenoh_bridge -- -j8 -l8
[0.567s] DEBUG:colcon.colcon_core.event_handler.log_command:Invoking command in '/home/didac/exchange/Team3/ros2_ws/build/zenoh_bridge': CMAKE_PREFIX_PATH=${CMAKE_PREFIX_PATH}:/home/didac/exchange/Team3/ros2_ws/install/mission_manager:/opt/ros/humble /usr/bin/cmake --install /home/didac/exchange/Team3/ros2_ws/build/zenoh_bridge
[0.569s] Level 1:colcon.colcon_core.environment:create_environment_scripts_only(obstacle_detector)
[0.569s] Level 1:colcon.colcon_core.environment:checking '/home/didac/exchange/Team3/ros2_ws/install/obstacle_detector' for CMake module files
[0.569s] DEBUG:colcon.colcon_core.event_handler.log_command:Invoked command in '/home/didac/exchange/Team3/ros2_ws/build/obstacle_detector' returned '0': CMAKE_PREFIX_PATH=${CMAKE_PREFIX_PATH}:/home/didac/exchange/Team3/ros2_ws/install/mission_manager:/opt/ros/humble /usr/bin/cmake --install /home/didac/exchange/Team3/ros2_ws/build/obstacle_detector
[0.570s] Level 1:colcon.colcon_core.environment:checking '/home/didac/exchange/Team3/ros2_ws/install/obstacle_detector' for CMake config files
[0.570s] Level 1:colcon.colcon_core.shell:create_environment_hook('obstacle_detector', 'cmake_prefix_path')
[0.570s] INFO:colcon.colcon_core.shell:Creating environment hook '/home/didac/exchange/Team3/ros2_ws/install/obstacle_detector/share/obstacle_detector/hook/cmake_prefix_path.ps1'
[0.570s] INFO:colcon.colcon_core.shell:Creating environment descriptor '/home/didac/exchange/Team3/ros2_ws/install/obstacle_detector/share/obstacle_detector/hook/cmake_prefix_path.dsv'
[0.571s] INFO:colcon.colcon_core.shell:Creating environment hook '/home/didac/exchange/Team3/ros2_ws/install/obstacle_detector/share/obstacle_detector/hook/cmake_prefix_path.sh'
[0.571s] Level 1:colcon.colcon_core.environment:checking '/home/didac/exchange/Team3/ros2_ws/install/obstacle_detector/lib'
[0.571s] Level 1:colcon.colcon_core.environment:checking '/home/didac/exchange/Team3/ros2_ws/install/obstacle_detector/bin'
[0.571s] Level 1:colcon.colcon_core.environment:checking '/home/didac/exchange/Team3/ros2_ws/install/obstacle_detector/lib/pkgconfig/obstacle_detector.pc'
[0.571s] Level 1:colcon.colcon_core.environment:checking '/home/didac/exchange/Team3/ros2_ws/install/obstacle_detector/lib/python3.10/site-packages'
[0.571s] Level 1:colcon.colcon_core.environment:checking '/home/didac/exchange/Team3/ros2_ws/install/obstacle_detector/bin'
[0.572s] INFO:colcon.colcon_core.shell:Creating package script '/home/didac/exchange/Team3/ros2_ws/install/obstacle_detector/share/obstacle_detector/package.ps1'
[0.572s] INFO:colcon.colcon_core.shell:Creating package descriptor '/home/didac/exchange/Team3/ros2_ws/install/obstacle_detector/share/obstacle_detector/package.dsv'
[0.573s] INFO:colcon.colcon_core.shell:Creating package script '/home/didac/exchange/Team3/ros2_ws/install/obstacle_detector/share/obstacle_detector/package.sh'
[0.574s] INFO:colcon.colcon_core.shell:Creating package script '/home/didac/exchange/Team3/ros2_ws/install/obstacle_detector/share/obstacle_detector/package.bash'
[0.574s] INFO:colcon.colcon_core.shell:Creating package script '/home/didac/exchange/Team3/ros2_ws/install/obstacle_detector/share/obstacle_detector/package.zsh'
[0.574s] Level 1:colcon.colcon_core.environment:create_file_with_runtime_dependencies(/home/didac/exchange/Team3/ros2_ws/install/obstacle_detector/share/colcon-core/packages/obstacle_detector)
[0.574s] Level 1:colcon.colcon_core.environment:create_environment_scripts_only(obstacle_detector)
[0.575s] Level 1:colcon.colcon_core.environment:checking '/home/didac/exchange/Team3/ros2_ws/install/obstacle_detector' for CMake module files
[0.575s] Level 1:colcon.colcon_core.environment:checking '/home/didac/exchange/Team3/ros2_ws/install/obstacle_detector' for CMake config files
[0.575s] Level 1:colcon.colcon_core.shell:create_environment_hook('obstacle_detector', 'cmake_prefix_path')
[0.575s] INFO:colcon.colcon_core.shell:Creating environment hook '/home/didac/exchange/Team3/ros2_ws/install/obstacle_detector/share/obstacle_detector/hook/cmake_prefix_path.ps1'
[0.575s] INFO:colcon.colcon_core.shell:Creating environment descriptor '/home/didac/exchange/Team3/ros2_ws/install/obstacle_detector/share/obstacle_detector/hook/cmake_prefix_path.dsv'
[0.576s] INFO:colcon.colcon_core.shell:Creating environment hook '/home/didac/exchange/Team3/ros2_ws/install/obstacle_detector/share/obstacle_detector/hook/cmake_prefix_path.sh'
[0.576s] Level 1:colcon.colcon_core.environment:checking '/home/didac/exchange/Team3/ros2_ws/install/obstacle_detector/lib'
[0.576s] Level 1:colcon.colcon_core.environment:checking '/home/didac/exchange/Team3/ros2_ws/install/obstacle_detector/bin'
[0.576s] Level 1:colcon.colcon_core.environment:checking '/home/didac/exchange/Team3/ros2_ws/install/obstacle_detector/lib/pkgconfig/obstacle_detector.pc'
[0.576s] Level 1:colcon.colcon_core.environment:checking '/home/didac/exchange/Team3/ros2_ws/install/obstacle_detector/lib/python3.10/site-packages'
[0.577s] Level 1:colcon.colcon_core.environment:checking '/home/didac/exchange/Team3/ros2_ws/install/obstacle_detector/bin'
[0.577s] INFO:colcon.colcon_core.shell:Creating package script '/home/didac/exchange/Team3/ros2_ws/install/obstacle_detector/share/obstacle_detector/package.ps1'
[0.577s] INFO:colcon.colcon_core.shell:Creating package descriptor '/home/didac/exchange/Team3/ros2_ws/install/obstacle_detector/share/obstacle_detector/package.dsv'
[0.577s] INFO:colcon.colcon_core.shell:Creating package script '/home/didac/exchange/Team3/ros2_ws/install/obstacle_detector/share/obstacle_detector/package.sh'
[0.578s] INFO:colcon.colcon_core.shell:Creating package script '/home/didac/exchange/Team3/ros2_ws/install/obstacle_detector/share/obstacle_detector/package.bash'
[0.578s] INFO:colcon.colcon_core.shell:Creating package script '/home/didac/exchange/Team3/ros2_ws/install/obstacle_detector/share/obstacle_detector/package.zsh'
[0.578s] Level 1:colcon.colcon_core.environment:create_file_with_runtime_dependencies(/home/didac/exchange/Team3/ros2_ws/install/obstacle_detector/share/colcon-core/packages/obstacle_detector)
[0.581s] Level 1:colcon.colcon_core.environment:create_environment_scripts_only(zenoh_bridge)
[0.582s] Level 1:colcon.colcon_core.environment:checking '/home/didac/exchange/Team3/ros2_ws/install/zenoh_bridge' for CMake module files
[0.582s] DEBUG:colcon.colcon_core.event_handler.log_command:Invoked command in '/home/didac/exchange/Team3/ros2_ws/build/zenoh_bridge' returned '0': CMAKE_PREFIX_PATH=${CMAKE_PREFIX_PATH}:/home/didac/exchange/Team3/ros2_ws/install/mission_manager:/opt/ros/humble /usr/bin/cmake --install /home/didac/exchange/Team3/ros2_ws/build/zenoh_bridge
[0.582s] Level 1:colcon.colcon_core.environment:checking '/home/didac/exchange/Team3/ros2_ws/install/zenoh_bridge' for CMake config files
[0.583s] Level 1:colcon.colcon_core.shell:create_environment_hook('zenoh_bridge', 'cmake_prefix_path')
[0.583s] INFO:colcon.colcon_core.shell:Creating environment hook '/home/didac/exchange/Team3/ros2_ws/install/zenoh_bridge/share/zenoh_bridge/hook/cmake_prefix_path.ps1'
[0.584s] INFO:colcon.colcon_core.shell:Creating environment descriptor '/home/didac/exchange/Team3/ros2_ws/install/zenoh_bridge/share/zenoh_bridge/hook/cmake_prefix_path.dsv'
[0.584s] INFO:colcon.colcon_core.shell:Creating environment hook '/home/didac/exchange/Team3/ros2_ws/install/zenoh_bridge/share/zenoh_bridge/hook/cmake_prefix_path.sh'
[0.584s] Level 1:colcon.colcon_core.environment:checking '/home/didac/exchange/Team3/ros2_ws/install/zenoh_bridge/lib'
[0.584s] Level 1:colcon.colcon_core.environment:checking '/home/didac/exchange/Team3/ros2_ws/install/zenoh_bridge/bin'
[0.584s] Level 1:colcon.colcon_core.environment:checking '/home/didac/exchange/Team3/ros2_ws/install/zenoh_bridge/lib/pkgconfig/zenoh_bridge.pc'
[0.585s] Level 1:colcon.colcon_core.environment:checking '/home/didac/exchange/Team3/ros2_ws/install/zenoh_bridge/lib/python3.10/site-packages'
[0.585s] Level 1:colcon.colcon_core.environment:checking '/home/didac/exchange/Team3/ros2_ws/install/zenoh_bridge/bin'
[0.585s] INFO:colcon.colcon_core.shell:Creating package script '/home/didac/exchange/Team3/ros2_ws/install/zenoh_bridge/share/zenoh_bridge/package.ps1'
[0.586s] INFO:colcon.colcon_core.shell:Creating package descriptor '/home/didac/exchange/Team3/ros2_ws/install/zenoh_bridge/share/zenoh_bridge/package.dsv'
[0.586s] INFO:colcon.colcon_core.shell:Creating package script '/home/didac/exchange/Team3/ros2_ws/install/zenoh_bridge/share/zenoh_bridge/package.sh'
[0.587s] INFO:colcon.colcon_core.shell:Creating package script '/home/didac/exchange/Team3/ros2_ws/install/zenoh_bridge/share/zenoh_bridge/package.bash'
[0.587s] INFO:colcon.colcon_core.shell:Creating package script '/home/didac/exchange/Team3/ros2_ws/install/zenoh_bridge/share/zenoh_bridge/package.zsh'
[0.587s] Level 1:colcon.colcon_core.environment:create_file_with_runtime_dependencies(/home/didac/exchange/Team3/ros2_ws/install/zenoh_bridge/share/colcon-core/packages/zenoh_bridge)
[0.588s] Level 1:colcon.colcon_core.environment:create_environment_scripts_only(zenoh_bridge)
[0.588s] Level 1:colcon.colcon_core.environment:checking '/home/didac/exchange/Team3/ros2_ws/install/zenoh_bridge' for CMake module files
[0.588s] Level 1:colcon.colcon_core.environment:checking '/home/didac/exchange/Team3/ros2_ws/install/zenoh_bridge' for CMake config files
[0.589s] Level 1:colcon.colcon_core.shell:create_environment_hook('zenoh_bridge', 'cmake_prefix_path')
[0.589s] INFO:colcon.colcon_core.shell:Creating environment hook '/home/didac/exchange/Team3/ros2_ws/install/zenoh_bridge/share/zenoh_bridge/hook/cmake_prefix_path.ps1'
[0.589s] INFO:colcon.colcon_core.shell:Creating environment descriptor '/home/didac/exchange/Team3/ros2_ws/install/zenoh_bridge/share/zenoh_bridge/hook/cmake_prefix_path.dsv'
[0.590s] INFO:colcon.colcon_core.shell:Creating environment hook '/home/didac/exchange/Team3/ros2_ws/install/zenoh_bridge/share/zenoh_bridge/hook/cmake_prefix_path.sh'
[0.590s] Level 1:colcon.colcon_core.environment:checking '/home/didac/exchange/Team3/ros2_ws/install/zenoh_bridge/lib'
[0.590s] Level 1:colcon.colcon_core.environment:checking '/home/didac/exchange/Team3/ros2_ws/install/zenoh_bridge/bin'
[0.590s] Level 1:colcon.colcon_core.environment:checking '/home/didac/exchange/Team3/ros2_ws/install/zenoh_bridge/lib/pkgconfig/zenoh_bridge.pc'
[0.590s] Level 1:colcon.colcon_core.environment:checking '/home/didac/exchange/Team3/ros2_ws/install/zenoh_bridge/lib/python3.10/site-packages'
[0.591s] Level 1:colcon.colcon_core.environment:checking '/home/didac/exchange/Team3/ros2_ws/install/zenoh_bridge/bin'
[0.591s] INFO:colcon.colcon_core.shell:Creating package script '/home/didac/exchange/Team3/ros2_ws/install/zenoh_bridge/share/zenoh_bridge/package.ps1'
[0.592s] INFO:colcon.colcon_core.shell:Creating package descriptor '/home/didac/exchange/Team3/ros2_ws/install/zenoh_bridge/share/zenoh_bridge/package.dsv'
[0.593s] INFO:colcon.colcon_core.shell:Creating package script '/home/didac/exchange/Team3/ros2_ws/install/zenoh_bridge/share/zenoh_bridge/package.sh'
[0.593s] INFO:colcon.colcon_core.shell:Creating package script '/home/didac/exchange/Team3/ros2_ws/install/zenoh_bridge/share/zenoh_bridge/package.bash'
[0.594s] INFO:colcon.colcon_core.shell:Creating package script '/home/didac/exchange/Team3/ros2_ws/install/zenoh_bridge/share/zenoh_bridge/package.zsh'
[0.594s] Level 1:colcon.colcon_core.environment:create_file_with_runtime_dependencies(/home/didac/exchange/Team3/ros2_ws/install/zenoh_bridge/share/colcon-core/packages/zenoh_bridge)
[0.815s] DEBUG:colcon.colcon_core.event_handler.log_command:Invoking command in '/home/didac/exchange/Team3/ros2_ws/build/mission_manager': PYTHONPATH=/home/didac/exchange/Team3/ros2_ws/build/mission_manager/prefix_override:/usr/lib/python3/dist-packages/colcon_core/task/python/colcon_distutils_commands:/home/didac/exchange/Team3/ros2_ws/install/mission_manager/lib/python3.10/site-packages:${PYTHONPATH} /usr/bin/python3 -W ignore:setup.py install is deprecated -W ignore:easy_install command is deprecated setup.py develop --editable --build-directory /home/didac/exchange/Team3/ros2_ws/build/mission_manager/build --no-deps symlink_data
[1.122s] Level 1:colcon.colcon_core.shell:create_environment_hook('mission_manager', 'pythonpath_develop')
[1.123s] INFO:colcon.colcon_core.shell:Creating environment hook '/home/didac/exchange/Team3/ros2_ws/build/mission_manager/share/mission_manager/hook/pythonpath_develop.ps1'
[1.123s] DEBUG:colcon.colcon_core.event_handler.log_command:Invoked command in '/home/didac/exchange/Team3/ros2_ws/build/mission_manager' returned '0': PYTHONPATH=/home/didac/exchange/Team3/ros2_ws/build/mission_manager/prefix_override:/usr/lib/python3/dist-packages/colcon_core/task/python/colcon_distutils_commands:/home/didac/exchange/Team3/ros2_ws/install/mission_manager/lib/python3.10/site-packages:${PYTHONPATH} /usr/bin/python3 -W ignore:setup.py install is deprecated -W ignore:easy_install command is deprecated setup.py develop --editable --build-directory /home/didac/exchange/Team3/ros2_ws/build/mission_manager/build --no-deps symlink_data
[1.123s] INFO:colcon.colcon_core.shell:Creating environment descriptor '/home/didac/exchange/Team3/ros2_ws/build/mission_manager/share/mission_manager/hook/pythonpath_develop.dsv'
[1.124s] INFO:colcon.colcon_core.shell:Creating environment hook '/home/didac/exchange/Team3/ros2_ws/build/mission_manager/share/mission_manager/hook/pythonpath_develop.sh'
[1.124s] Level 1:colcon.colcon_core.environment:checking '/home/didac/exchange/Team3/ros2_ws/install/mission_manager' for CMake module files
[1.125s] Level 1:colcon.colcon_core.environment:checking '/home/didac/exchange/Team3/ros2_ws/install/mission_manager' for CMake config files
[1.125s] Level 1:colcon.colcon_core.environment:checking '/home/didac/exchange/Team3/ros2_ws/install/mission_manager/lib'
[1.125s] Level 1:colcon.colcon_core.environment:checking '/home/didac/exchange/Team3/ros2_ws/install/mission_manager/bin'
[1.125s] Level 1:colcon.colcon_core.environment:checking '/home/didac/exchange/Team3/ros2_ws/install/mission_manager/lib/pkgconfig/mission_manager.pc'
[1.125s] Level 1:colcon.colcon_core.environment:checking '/home/didac/exchange/Team3/ros2_ws/install/mission_manager/lib/python3.10/site-packages'
[1.125s] Level 1:colcon.colcon_core.shell:create_environment_hook('mission_manager', 'pythonpath')
[1.125s] INFO:colcon.colcon_core.shell:Creating environment hook '/home/didac/exchange/Team3/ros2_ws/install/mission_manager/share/mission_manager/hook/pythonpath.ps1'
[1.126s] INFO:colcon.colcon_core.shell:Creating environment descriptor '/home/didac/exchange/Team3/ros2_ws/install/mission_manager/share/mission_manager/hook/pythonpath.dsv'
[1.126s] INFO:colcon.colcon_core.shell:Creating environment hook '/home/didac/exchange/Team3/ros2_ws/install/mission_manager/share/mission_manager/hook/pythonpath.sh'
[1.126s] Level 1:colcon.colcon_core.environment:checking '/home/didac/exchange/Team3/ros2_ws/install/mission_manager/bin'
[1.126s] Level 1:colcon.colcon_core.environment:create_environment_scripts_only(mission_manager)
[1.127s] INFO:colcon.colcon_core.shell:Creating package script '/home/didac/exchange/Team3/ros2_ws/install/mission_manager/share/mission_manager/package.ps1'
[1.127s] INFO:colcon.colcon_core.shell:Creating package descriptor '/home/didac/exchange/Team3/ros2_ws/install/mission_manager/share/mission_manager/package.dsv'
[1.127s] INFO:colcon.colcon_core.shell:Creating package script '/home/didac/exchange/Team3/ros2_ws/install/mission_manager/share/mission_manager/package.sh'
[1.128s] INFO:colcon.colcon_core.shell:Creating package script '/home/didac/exchange/Team3/ros2_ws/install/mission_manager/share/mission_manager/package.bash'
[1.128s] INFO:colcon.colcon_core.shell:Creating package script '/home/didac/exchange/Team3/ros2_ws/install/mission_manager/share/mission_manager/package.zsh'
[1.128s] Level 1:colcon.colcon_core.environment:create_file_with_runtime_dependencies(/home/didac/exchange/Team3/ros2_ws/install/mission_manager/share/colcon-core/packages/mission_manager)
[1.128s] DEBUG:colcon.colcon_parallel_executor.executor.parallel:closing loop
[1.129s] DEBUG:colcon.colcon_parallel_executor.executor.parallel:loop closed
[1.129s] DEBUG:colcon.colcon_parallel_executor.executor.parallel:run_until_complete finished with '0'
[1.129s] DEBUG:colcon.colcon_core.event_reactor:joining thread
[1.133s] INFO:colcon.colcon_core.plugin_system:Skipping extension 'colcon_notification.desktop_notification.terminal_notifier': Not used on non-Darwin systems
[1.133s] INFO:colcon.colcon_core.plugin_system:Skipping extension 'colcon_notification.desktop_notification.win32': Not used on non-Windows systems
[1.133s] INFO:colcon.colcon_notification.desktop_notification:Sending desktop notification using 'notify2'
[1.143s] DEBUG:colcon.colcon_core.event_reactor:joined thread
[1.143s] INFO:colcon.colcon_core.shell:Creating prefix script '/home/didac/exchange/Team3/ros2_ws/install/local_setup.ps1'
[1.144s] INFO:colcon.colcon_core.shell:Creating prefix util module '/home/didac/exchange/Team3/ros2_ws/install/_local_setup_util_ps1.py'
[1.145s] INFO:colcon.colcon_core.shell:Creating prefix chain script '/home/didac/exchange/Team3/ros2_ws/install/setup.ps1'
[1.146s] INFO:colcon.colcon_core.shell:Creating prefix script '/home/didac/exchange/Team3/ros2_ws/install/local_setup.sh'
[1.146s] INFO:colcon.colcon_core.shell:Creating prefix util module '/home/didac/exchange/Team3/ros2_ws/install/_local_setup_util_sh.py'
[1.147s] INFO:colcon.colcon_core.shell:Creating prefix chain script '/home/didac/exchange/Team3/ros2_ws/install/setup.sh'
[1.148s] INFO:colcon.colcon_core.shell:Creating prefix script '/home/didac/exchange/Team3/ros2_ws/install/local_setup.bash'
[1.148s] INFO:colcon.colcon_core.shell:Creating prefix chain script '/home/didac/exchange/Team3/ros2_ws/install/setup.bash'
[1.149s] INFO:colcon.colcon_core.shell:Creating prefix script '/home/didac/exchange/Team3/ros2_ws/install/local_setup.zsh'
[1.149s] INFO:colcon.colcon_core.shell:Creating prefix chain script '/home/didac/exchange/Team3/ros2_ws/install/setup.zsh'
