[0.068s] DEBUG:colcon:Command line arguments: ['/usr/bin/colcon', 'build', '--symlink-install']
[0.068s] DEBUG:colcon:Parsed command line arguments: Namespace(log_base=None, log_level=None, verb_name='build', build_base='build', install_base='install', merge_install=False, symlink_install=True, test_result_base=None, continue_on_error=False, executor='parallel', parallel_workers=8, event_handlers=None, ignore_user_meta=False, metas=['./colcon.meta'], base_paths=['.'], packages_ignore=None, packages_ignore_regex=None, paths=None, packages_up_to=None, packages_up_to_regex=None, packages_above=None, packages_above_and_dependencies=None, packages_above_depth=None, packages_select_by_dep=None, packages_skip_by_dep=None, packages_skip_up_to=None, packages_select_build_failed=False, packages_skip_build_finished=False, packages_select_test_failures=False, packages_skip_test_passed=False, packages_select=None, packages_skip=None, packages_select_regex=None, packages_skip_regex=None, packages_start=None, packages_end=None, allow_overriding=[], cmake_args=None, cmake_target=None, cmake_target_skip_unavailable=False, cmake_clean_cache=False, cmake_clean_first=False, cmake_force_configure=False, ament_cmake_args=None, catkin_cmake_args=None, catkin_skip_building_tests=False, mixin_files=None, mixin=None, verb_parser=<colcon_mixin.mixin.mixin_argument.MixinArgumentDecorator object at 0x72a105d2a6b0>, verb_extension=<colcon_core.verb.build.BuildVerb object at 0x72a105d29840>, main=<bound method BuildVerb.main of <colcon_core.verb.build.BuildVerb object at 0x72a105d29840>>, mixin_verb=('build',))
[0.182s] Level 1:colcon.colcon_core.package_discovery:discover_packages(colcon_meta) check parameters
[0.182s] Level 1:colcon.colcon_core.package_discovery:discover_packages(recursive) check parameters
[0.182s] Level 1:colcon.colcon_core.package_discovery:discover_packages(ignore) check parameters
[0.182s] Level 1:colcon.colcon_core.package_discovery:discover_packages(path) check parameters
[0.182s] Level 1:colcon.colcon_core.package_discovery:discover_packages(colcon_meta) discover
[0.182s] Level 1:colcon.colcon_core.package_discovery:discover_packages(recursive) discover
[0.183s] INFO:colcon.colcon_core.package_discovery:Crawling recursively for packages in '/home/didac/exchange/Team3/ros2_ws'
[0.183s] Level 1:colcon.colcon_core.package_identification:_identify(.) by extensions ['ignore', 'ignore_ament_install']
[0.183s] Level 1:colcon.colcon_core.package_identification:_identify(.) by extension 'ignore'
[0.183s] Level 1:colcon.colcon_core.package_identification:_identify(.) by extension 'ignore_ament_install'
[0.183s] Level 1:colcon.colcon_core.package_identification:_identify(.) by extensions ['colcon_pkg']
[0.183s] Level 1:colcon.colcon_core.package_identification:_identify(.) by extension 'colcon_pkg'
[0.183s] Level 1:colcon.colcon_core.package_identification:_identify(.) by extensions ['colcon_meta']
[0.183s] Level 1:colcon.colcon_core.package_identification:_identify(.) by extension 'colcon_meta'
[0.183s] Level 1:colcon.colcon_core.package_identification:_identify(.) by extensions ['ros']
[0.183s] Level 1:colcon.colcon_core.package_identification:_identify(.) by extension 'ros'
[0.190s] Level 1:colcon.colcon_core.package_identification:_identify(.) by extensions ['cmake', 'python']
[0.190s] Level 1:colcon.colcon_core.package_identification:_identify(.) by extension 'cmake'
[0.190s] Level 1:colcon.colcon_core.package_identification:_identify(.) by extension 'python'
[0.190s] Level 1:colcon.colcon_core.package_identification:_identify(.) by extensions ['python_setup_py']
[0.190s] Level 1:colcon.colcon_core.package_identification:_identify(.) by extension 'python_setup_py'
[0.190s] Level 1:colcon.colcon_core.package_identification:_identify(build) by extensions ['ignore', 'ignore_ament_install']
[0.190s] Level 1:colcon.colcon_core.package_identification:_identify(build) by extension 'ignore'
[0.191s] Level 1:colcon.colcon_core.package_identification:_identify(build) ignored
[0.191s] Level 1:colcon.colcon_core.package_identification:_identify(install) by extensions ['ignore', 'ignore_ament_install']
[0.191s] Level 1:colcon.colcon_core.package_identification:_identify(install) by extension 'ignore'
[0.191s] Level 1:colcon.colcon_core.package_identification:_identify(install) ignored
[0.191s] Level 1:colcon.colcon_core.package_identification:_identify(log) by extensions ['ignore', 'ignore_ament_install']
[0.191s] Level 1:colcon.colcon_core.package_identification:_identify(log) by extension 'ignore'
[0.191s] Level 1:colcon.colcon_core.package_identification:_identify(log) ignored
[0.191s] Level 1:colcon.colcon_core.package_identification:_identify(src) by extensions ['ignore', 'ignore_ament_install']
[0.191s] Level 1:colcon.colcon_core.package_identification:_identify(src) by extension 'ignore'
[0.191s] Level 1:colcon.colcon_core.package_identification:_identify(src) by extension 'ignore_ament_install'
[0.191s] Level 1:colcon.colcon_core.package_identification:_identify(src) by extensions ['colcon_pkg']
[0.191s] Level 1:colcon.colcon_core.package_identification:_identify(src) by extension 'colcon_pkg'
[0.191s] Level 1:colcon.colcon_core.package_identification:_identify(src) by extensions ['colcon_meta']
[0.191s] Level 1:colcon.colcon_core.package_identification:_identify(src) by extension 'colcon_meta'
[0.191s] Level 1:colcon.colcon_core.package_identification:_identify(src) by extensions ['ros']
[0.191s] Level 1:colcon.colcon_core.package_identification:_identify(src) by extension 'ros'
[0.191s] Level 1:colcon.colcon_core.package_identification:_identify(src) by extensions ['cmake', 'python']
[0.191s] Level 1:colcon.colcon_core.package_identification:_identify(src) by extension 'cmake'
[0.191s] Level 1:colcon.colcon_core.package_identification:_identify(src) by extension 'python'
[0.191s] Level 1:colcon.colcon_core.package_identification:_identify(src) by extensions ['python_setup_py']
[0.191s] Level 1:colcon.colcon_core.package_identification:_identify(src) by extension 'python_setup_py'
[0.191s] Level 1:colcon.colcon_core.package_identification:_identify(src/beacon_locator) by extensions ['ignore', 'ignore_ament_install']
[0.191s] Level 1:colcon.colcon_core.package_identification:_identify(src/beacon_locator) by extension 'ignore'
[0.191s] Level 1:colcon.colcon_core.package_identification:_identify(src/beacon_locator) ignored
[0.191s] Level 1:colcon.colcon_core.package_identification:_identify(src/controller_pkg) by extensions ['ignore', 'ignore_ament_install']
[0.191s] Level 1:colcon.colcon_core.package_identification:_identify(src/controller_pkg) by extension 'ignore'
[0.191s] Level 1:colcon.colcon_core.package_identification:_identify(src/controller_pkg) by extension 'ignore_ament_install'
[0.192s] Level 1:colcon.colcon_core.package_identification:_identify(src/controller_pkg) by extensions ['colcon_pkg']
[0.192s] Level 1:colcon.colcon_core.package_identification:_identify(src/controller_pkg) by extension 'colcon_pkg'
[0.192s] Level 1:colcon.colcon_core.package_identification:_identify(src/controller_pkg) by extensions ['colcon_meta']
[0.192s] Level 1:colcon.colcon_core.package_identification:_identify(src/controller_pkg) by extension 'colcon_meta'
[0.192s] Level 1:colcon.colcon_core.package_identification:_identify(src/controller_pkg) by extensions ['ros']
[0.192s] Level 1:colcon.colcon_core.package_identification:_identify(src/controller_pkg) by extension 'ros'
[0.193s] DEBUG:colcon.colcon_core.package_identification:Package 'src/controller_pkg' with type 'ros.ament_cmake' and name 'controller_pkg'
[0.194s] Level 1:colcon.colcon_core.package_identification:_identify(src/ldlidar_stl_ros2) by extensions ['ignore', 'ignore_ament_install']
[0.194s] Level 1:colcon.colcon_core.package_identification:_identify(src/ldlidar_stl_ros2) by extension 'ignore'
[0.194s] Level 1:colcon.colcon_core.package_identification:_identify(src/ldlidar_stl_ros2) by extension 'ignore_ament_install'
[0.194s] Level 1:colcon.colcon_core.package_identification:_identify(src/ldlidar_stl_ros2) by extensions ['colcon_pkg']
[0.194s] Level 1:colcon.colcon_core.package_identification:_identify(src/ldlidar_stl_ros2) by extension 'colcon_pkg'
[0.194s] Level 1:colcon.colcon_core.package_identification:_identify(src/ldlidar_stl_ros2) by extensions ['colcon_meta']
[0.194s] Level 1:colcon.colcon_core.package_identification:_identify(src/ldlidar_stl_ros2) by extension 'colcon_meta'
[0.194s] Level 1:colcon.colcon_core.package_identification:_identify(src/ldlidar_stl_ros2) by extensions ['ros']
[0.194s] Level 1:colcon.colcon_core.package_identification:_identify(src/ldlidar_stl_ros2) by extension 'ros'
[0.202s] DEBUG:colcon.colcon_core.package_identification:Package 'src/ldlidar_stl_ros2' with type 'ros.ament_cmake' and name 'ldlidar_stl_ros2'
[0.202s] Level 1:colcon.colcon_core.package_identification:_identify(src/mission_manager) by extensions ['ignore', 'ignore_ament_install']
[0.202s] Level 1:colcon.colcon_core.package_identification:_identify(src/mission_manager) by extension 'ignore'
[0.202s] Level 1:colcon.colcon_core.package_identification:_identify(src/mission_manager) by extension 'ignore_ament_install'
[0.202s] Level 1:colcon.colcon_core.package_identification:_identify(src/mission_manager) by extensions ['colcon_pkg']
[0.202s] Level 1:colcon.colcon_core.package_identification:_identify(src/mission_manager) by extension 'colcon_pkg'
[0.202s] Level 1:colcon.colcon_core.package_identification:_identify(src/mission_manager) by extensions ['colcon_meta']
[0.202s] Level 1:colcon.colcon_core.package_identification:_identify(src/mission_manager) by extension 'colcon_meta'
[0.202s] Level 1:colcon.colcon_core.package_identification:_identify(src/mission_manager) by extensions ['ros']
[0.202s] Level 1:colcon.colcon_core.package_identification:_identify(src/mission_manager) by extension 'ros'
[0.203s] DEBUG:colcon.colcon_core.package_identification:Package 'src/mission_manager' with type 'ros.ament_python' and name 'mission_manager'
[0.203s] Level 1:colcon.colcon_core.package_identification:_identify(src/obstacle_detector) by extensions ['ignore', 'ignore_ament_install']
[0.203s] Level 1:colcon.colcon_core.package_identification:_identify(src/obstacle_detector) by extension 'ignore'
[0.203s] Level 1:colcon.colcon_core.package_identification:_identify(src/obstacle_detector) by extension 'ignore_ament_install'
[0.203s] Level 1:colcon.colcon_core.package_identification:_identify(src/obstacle_detector) by extensions ['colcon_pkg']
[0.203s] Level 1:colcon.colcon_core.package_identification:_identify(src/obstacle_detector) by extension 'colcon_pkg'
[0.203s] Level 1:colcon.colcon_core.package_identification:_identify(src/obstacle_detector) by extensions ['colcon_meta']
[0.203s] Level 1:colcon.colcon_core.package_identification:_identify(src/obstacle_detector) by extension 'colcon_meta'
[0.203s] Level 1:colcon.colcon_core.package_identification:_identify(src/obstacle_detector) by extensions ['ros']
[0.203s] Level 1:colcon.colcon_core.package_identification:_identify(src/obstacle_detector) by extension 'ros'
[0.203s] DEBUG:colcon.colcon_core.package_identification:Package 'src/obstacle_detector' with type 'ros.ament_cmake' and name 'obstacle_detector'
[0.204s] Level 1:colcon.colcon_core.package_identification:_identify(src/robot_bringup) by extensions ['ignore', 'ignore_ament_install']
[0.204s] Level 1:colcon.colcon_core.package_identification:_identify(src/robot_bringup) by extension 'ignore'
[0.204s] Level 1:colcon.colcon_core.package_identification:_identify(src/robot_bringup) by extension 'ignore_ament_install'
[0.204s] Level 1:colcon.colcon_core.package_identification:_identify(src/robot_bringup) by extensions ['colcon_pkg']
[0.204s] Level 1:colcon.colcon_core.package_identification:_identify(src/robot_bringup) by extension 'colcon_pkg'
[0.204s] Level 1:colcon.colcon_core.package_identification:_identify(src/robot_bringup) by extensions ['colcon_meta']
[0.204s] Level 1:colcon.colcon_core.package_identification:_identify(src/robot_bringup) by extension 'colcon_meta'
[0.204s] Level 1:colcon.colcon_core.package_identification:_identify(src/robot_bringup) by extensions ['ros']
[0.204s] Level 1:colcon.colcon_core.package_identification:_identify(src/robot_bringup) by extension 'ros'
[0.204s] DEBUG:colcon.colcon_core.package_identification:Package 'src/robot_bringup' with type 'ros.ament_cmake' and name 'robot_bringup'
[0.204s] Level 1:colcon.colcon_core.package_identification:_identify(src/zenoh_bridge) by extensions ['ignore', 'ignore_ament_install']
[0.204s] Level 1:colcon.colcon_core.package_identification:_identify(src/zenoh_bridge) by extension 'ignore'
[0.204s] Level 1:colcon.colcon_core.package_identification:_identify(src/zenoh_bridge) by extension 'ignore_ament_install'
[0.204s] Level 1:colcon.colcon_core.package_identification:_identify(src/zenoh_bridge) by extensions ['colcon_pkg']
[0.204s] Level 1:colcon.colcon_core.package_identification:_identify(src/zenoh_bridge) by extension 'colcon_pkg'
[0.204s] Level 1:colcon.colcon_core.package_identification:_identify(src/zenoh_bridge) by extensions ['colcon_meta']
[0.204s] Level 1:colcon.colcon_core.package_identification:_identify(src/zenoh_bridge) by extension 'colcon_meta'
[0.204s] Level 1:colcon.colcon_core.package_identification:_identify(src/zenoh_bridge) by extensions ['ros']
[0.204s] Level 1:colcon.colcon_core.package_identification:_identify(src/zenoh_bridge) by extension 'ros'
[0.205s] DEBUG:colcon.colcon_core.package_identification:Package 'src/zenoh_bridge' with type 'ros.ament_cmake' and name 'zenoh_bridge'
[0.205s] Level 1:colcon.colcon_core.package_discovery:discover_packages(recursive) using defaults
[0.205s] Level 1:colcon.colcon_core.package_discovery:discover_packages(ignore) discover
[0.205s] Level 1:colcon.colcon_core.package_discovery:discover_packages(ignore) using defaults
[0.205s] Level 1:colcon.colcon_core.package_discovery:discover_packages(path) discover
[0.205s] Level 1:colcon.colcon_core.package_discovery:discover_packages(path) using defaults
[0.218s] Level 1:colcon.colcon_core.package_discovery:discover_packages(prefix_path) check parameters
[0.218s] Level 1:colcon.colcon_core.package_discovery:discover_packages(prefix_path) discover
[0.220s] DEBUG:colcon.colcon_installed_package_information.package_discovery:Found 6 installed packages in /home/didac/exchange/Team3/ros2_ws/install
[0.220s] DEBUG:colcon.colcon_installed_package_information.package_discovery:Found 278 installed packages in /opt/ros/humble
[0.221s] Level 1:colcon.colcon_core.package_discovery:discover_packages(prefix_path) using defaults
[0.247s] Level 5:colcon.colcon_core.verb:set package 'controller_pkg' build argument 'cmake_args' from command line to 'None'
[0.247s] Level 5:colcon.colcon_core.verb:set package 'controller_pkg' build argument 'cmake_target' from command line to 'None'
[0.247s] Level 5:colcon.colcon_core.verb:set package 'controller_pkg' build argument 'cmake_target_skip_unavailable' from command line to 'False'
[0.247s] Level 5:colcon.colcon_core.verb:set package 'controller_pkg' build argument 'cmake_clean_cache' from command line to 'False'
[0.247s] Level 5:colcon.colcon_core.verb:set package 'controller_pkg' build argument 'cmake_clean_first' from command line to 'False'
[0.247s] Level 5:colcon.colcon_core.verb:set package 'controller_pkg' build argument 'cmake_force_configure' from command line to 'False'
[0.247s] Level 5:colcon.colcon_core.verb:set package 'controller_pkg' build argument 'ament_cmake_args' from command line to 'None'
[0.247s] Level 5:colcon.colcon_core.verb:set package 'controller_pkg' build argument 'catkin_cmake_args' from command line to 'None'
[0.247s] Level 5:colcon.colcon_core.verb:set package 'controller_pkg' build argument 'catkin_skip_building_tests' from command line to 'False'
[0.247s] DEBUG:colcon.colcon_core.verb:Building package 'controller_pkg' with the following arguments: {'ament_cmake_args': None, 'build_base': '/home/didac/exchange/Team3/ros2_ws/build/controller_pkg', 'catkin_cmake_args': None, 'catkin_skip_building_tests': False, 'cmake_args': None, 'cmake_clean_cache': False, 'cmake_clean_first': False, 'cmake_force_configure': False, 'cmake_target': None, 'cmake_target_skip_unavailable': False, 'install_base': '/home/didac/exchange/Team3/ros2_ws/install/controller_pkg', 'merge_install': False, 'path': '/home/didac/exchange/Team3/ros2_ws/src/controller_pkg', 'symlink_install': True, 'test_result_base': None}
[0.248s] Level 5:colcon.colcon_core.verb:set package 'ldlidar_stl_ros2' build argument 'cmake_args' from command line to 'None'
[0.248s] Level 5:colcon.colcon_core.verb:set package 'ldlidar_stl_ros2' build argument 'cmake_target' from command line to 'None'
[0.248s] Level 5:colcon.colcon_core.verb:set package 'ldlidar_stl_ros2' build argument 'cmake_target_skip_unavailable' from command line to 'False'
[0.248s] Level 5:colcon.colcon_core.verb:set package 'ldlidar_stl_ros2' build argument 'cmake_clean_cache' from command line to 'False'
[0.248s] Level 5:colcon.colcon_core.verb:set package 'ldlidar_stl_ros2' build argument 'cmake_clean_first' from command line to 'False'
[0.248s] Level 5:colcon.colcon_core.verb:set package 'ldlidar_stl_ros2' build argument 'cmake_force_configure' from command line to 'False'
[0.248s] Level 5:colcon.colcon_core.verb:set package 'ldlidar_stl_ros2' build argument 'ament_cmake_args' from command line to 'None'
[0.248s] Level 5:colcon.colcon_core.verb:set package 'ldlidar_stl_ros2' build argument 'catkin_cmake_args' from command line to 'None'
[0.248s] Level 5:colcon.colcon_core.verb:set package 'ldlidar_stl_ros2' build argument 'catkin_skip_building_tests' from command line to 'False'
[0.248s] DEBUG:colcon.colcon_core.verb:Building package 'ldlidar_stl_ros2' with the following arguments: {'ament_cmake_args': None, 'build_base': '/home/didac/exchange/Team3/ros2_ws/build/ldlidar_stl_ros2', 'catkin_cmake_args': None, 'catkin_skip_building_tests': False, 'cmake_args': None, 'cmake_clean_cache': False, 'cmake_clean_first': False, 'cmake_force_configure': False, 'cmake_target': None, 'cmake_target_skip_unavailable': False, 'install_base': '/home/didac/exchange/Team3/ros2_ws/install/ldlidar_stl_ros2', 'merge_install': False, 'path': '/home/didac/exchange/Team3/ros2_ws/src/ldlidar_stl_ros2', 'symlink_install': True, 'test_result_base': None}
[0.248s] Level 5:colcon.colcon_core.verb:set package 'mission_manager' build argument 'cmake_args' from command line to 'None'
[0.248s] Level 5:colcon.colcon_core.verb:set package 'mission_manager' build argument 'cmake_target' from command line to 'None'
[0.248s] Level 5:colcon.colcon_core.verb:set package 'mission_manager' build argument 'cmake_target_skip_unavailable' from command line to 'False'
[0.248s] Level 5:colcon.colcon_core.verb:set package 'mission_manager' build argument 'cmake_clean_cache' from command line to 'False'
[0.248s] Level 5:colcon.colcon_core.verb:set package 'mission_manager' build argument 'cmake_clean_first' from command line to 'False'
[0.248s] Level 5:colcon.colcon_core.verb:set package 'mission_manager' build argument 'cmake_force_configure' from command line to 'False'
[0.248s] Level 5:colcon.colcon_core.verb:set package 'mission_manager' build argument 'ament_cmake_args' from command line to 'None'
[0.248s] Level 5:colcon.colcon_core.verb:set package 'mission_manager' build argument 'catkin_cmake_args' from command line to 'None'
[0.248s] Level 5:colcon.colcon_core.verb:set package 'mission_manager' build argument 'catkin_skip_building_tests' from command line to 'False'
[0.248s] DEBUG:colcon.colcon_core.verb:Building package 'mission_manager' with the following arguments: {'ament_cmake_args': None, 'build_base': '/home/didac/exchange/Team3/ros2_ws/build/mission_manager', 'catkin_cmake_args': None, 'catkin_skip_building_tests': False, 'cmake_args': None, 'cmake_clean_cache': False, 'cmake_clean_first': False, 'cmake_force_configure': False, 'cmake_target': None, 'cmake_target_skip_unavailable': False, 'install_base': '/home/didac/exchange/Team3/ros2_ws/install/mission_manager', 'merge_install': False, 'path': '/home/didac/exchange/Team3/ros2_ws/src/mission_manager', 'symlink_install': True, 'test_result_base': None}
[0.248s] Level 5:colcon.colcon_core.verb:set package 'obstacle_detector' build argument 'cmake_args' from command line to 'None'
[0.248s] Level 5:colcon.colcon_core.verb:set package 'obstacle_detector' build argument 'cmake_target' from command line to 'None'
[0.248s] Level 5:colcon.colcon_core.verb:set package 'obstacle_detector' build argument 'cmake_target_skip_unavailable' from command line to 'False'
[0.248s] Level 5:colcon.colcon_core.verb:set package 'obstacle_detector' build argument 'cmake_clean_cache' from command line to 'False'
[0.248s] Level 5:colcon.colcon_core.verb:set package 'obstacle_detector' build argument 'cmake_clean_first' from command line to 'False'
[0.248s] Level 5:colcon.colcon_core.verb:set package 'obstacle_detector' build argument 'cmake_force_configure' from command line to 'False'
[0.248s] Level 5:colcon.colcon_core.verb:set package 'obstacle_detector' build argument 'ament_cmake_args' from command line to 'None'
[0.248s] Level 5:colcon.colcon_core.verb:set package 'obstacle_detector' build argument 'catkin_cmake_args' from command line to 'None'
[0.248s] Level 5:colcon.colcon_core.verb:set package 'obstacle_detector' build argument 'catkin_skip_building_tests' from command line to 'False'
[0.248s] DEBUG:colcon.colcon_core.verb:Building package 'obstacle_detector' with the following arguments: {'ament_cmake_args': None, 'build_base': '/home/didac/exchange/Team3/ros2_ws/build/obstacle_detector', 'catkin_cmake_args': None, 'catkin_skip_building_tests': False, 'cmake_args': None, 'cmake_clean_cache': False, 'cmake_clean_first': False, 'cmake_force_configure': False, 'cmake_target': None, 'cmake_target_skip_unavailable': False, 'install_base': '/home/didac/exchange/Team3/ros2_ws/install/obstacle_detector', 'merge_install': False, 'path': '/home/didac/exchange/Team3/ros2_ws/src/obstacle_detector', 'symlink_install': True, 'test_result_base': None}
[0.249s] Level 5:colcon.colcon_core.verb:set package 'robot_bringup' build argument 'cmake_args' from command line to 'None'
[0.249s] Level 5:colcon.colcon_core.verb:set package 'robot_bringup' build argument 'cmake_target' from command line to 'None'
[0.249s] Level 5:colcon.colcon_core.verb:set package 'robot_bringup' build argument 'cmake_target_skip_unavailable' from command line to 'False'
[0.249s] Level 5:colcon.colcon_core.verb:set package 'robot_bringup' build argument 'cmake_clean_cache' from command line to 'False'
[0.249s] Level 5:colcon.colcon_core.verb:set package 'robot_bringup' build argument 'cmake_clean_first' from command line to 'False'
[0.249s] Level 5:colcon.colcon_core.verb:set package 'robot_bringup' build argument 'cmake_force_configure' from command line to 'False'
[0.249s] Level 5:colcon.colcon_core.verb:set package 'robot_bringup' build argument 'ament_cmake_args' from command line to 'None'
[0.249s] Level 5:colcon.colcon_core.verb:set package 'robot_bringup' build argument 'catkin_cmake_args' from command line to 'None'
[0.249s] Level 5:colcon.colcon_core.verb:set package 'robot_bringup' build argument 'catkin_skip_building_tests' from command line to 'False'
[0.249s] DEBUG:colcon.colcon_core.verb:Building package 'robot_bringup' with the following arguments: {'ament_cmake_args': None, 'build_base': '/home/didac/exchange/Team3/ros2_ws/build/robot_bringup', 'catkin_cmake_args': None, 'catkin_skip_building_tests': False, 'cmake_args': None, 'cmake_clean_cache': False, 'cmake_clean_first': False, 'cmake_force_configure': False, 'cmake_target': None, 'cmake_target_skip_unavailable': False, 'install_base': '/home/didac/exchange/Team3/ros2_ws/install/robot_bringup', 'merge_install': False, 'path': '/home/didac/exchange/Team3/ros2_ws/src/robot_bringup', 'symlink_install': True, 'test_result_base': None}
[0.249s] Level 5:colcon.colcon_core.verb:set package 'zenoh_bridge' build argument 'cmake_args' from command line to 'None'
[0.249s] Level 5:colcon.colcon_core.verb:set package 'zenoh_bridge' build argument 'cmake_target' from command line to 'None'
[0.249s] Level 5:colcon.colcon_core.verb:set package 'zenoh_bridge' build argument 'cmake_target_skip_unavailable' from command line to 'False'
[0.249s] Level 5:colcon.colcon_core.verb:set package 'zenoh_bridge' build argument 'cmake_clean_cache' from command line to 'False'
[0.249s] Level 5:colcon.colcon_core.verb:set package 'zenoh_bridge' build argument 'cmake_clean_first' from command line to 'False'
[0.249s] Level 5:colcon.colcon_core.verb:set package 'zenoh_bridge' build argument 'cmake_force_configure' from command line to 'False'
[0.249s] Level 5:colcon.colcon_core.verb:set package 'zenoh_bridge' build argument 'ament_cmake_args' from command line to 'None'
[0.249s] Level 5:colcon.colcon_core.verb:set package 'zenoh_bridge' build argument 'catkin_cmake_args' from command line to 'None'
[0.249s] Level 5:colcon.colcon_core.verb:set package 'zenoh_bridge' build argument 'catkin_skip_building_tests' from command line to 'False'
[0.249s] DEBUG:colcon.colcon_core.verb:Building package 'zenoh_bridge' with the following arguments: {'ament_cmake_args': None, 'build_base': '/home/didac/exchange/Team3/ros2_ws/build/zenoh_bridge', 'catkin_cmake_args': None, 'catkin_skip_building_tests': False, 'cmake_args': None, 'cmake_clean_cache': False, 'cmake_clean_first': False, 'cmake_force_configure': False, 'cmake_target': None, 'cmake_target_skip_unavailable': False, 'install_base': '/home/didac/exchange/Team3/ros2_ws/install/zenoh_bridge', 'merge_install': False, 'path': '/home/didac/exchange/Team3/ros2_ws/src/zenoh_bridge', 'symlink_install': True, 'test_result_base': None}
[0.249s] INFO:colcon.colcon_core.executor:Executing jobs using 'parallel' executor
[0.250s] DEBUG:colcon.colcon_parallel_executor.executor.parallel:run_until_complete
[0.250s] INFO:colcon.colcon_ros.task.ament_cmake.build:Building ROS package in '/home/didac/exchange/Team3/ros2_ws/src/controller_pkg' with build type 'ament_cmake'
[0.250s] INFO:colcon.colcon_cmake.task.cmake.build:Building CMake package in '/home/didac/exchange/Team3/ros2_ws/src/controller_pkg'
[0.252s] INFO:colcon.colcon_core.plugin_system:Skipping extension 'colcon_core.shell.bat': Not used on non-Windows systems
[0.252s] INFO:colcon.colcon_core.shell:Skip shell extension 'powershell' for command environment: Not usable outside of PowerShell
[0.252s] DEBUG:colcon.colcon_core.shell:Skip shell extension 'dsv' for command environment
[0.254s] INFO:colcon.colcon_ros.task.ament_cmake.build:Building ROS package in '/home/didac/exchange/Team3/ros2_ws/src/ldlidar_stl_ros2' with build type 'ament_cmake'
[0.254s] INFO:colcon.colcon_cmake.task.cmake.build:Building CMake package in '/home/didac/exchange/Team3/ros2_ws/src/ldlidar_stl_ros2'
[0.254s] INFO:colcon.colcon_core.shell:Skip shell extension 'powershell' for command environment: Not usable outside of PowerShell
[0.254s] DEBUG:colcon.colcon_core.shell:Skip shell extension 'dsv' for command environment
[0.256s] INFO:colcon.colcon_ros.task.ament_python.build:Building ROS package in '/home/didac/exchange/Team3/ros2_ws/src/mission_manager' with build type 'ament_python'
[0.256s] Level 1:colcon.colcon_core.shell:create_environment_hook('mission_manager', 'ament_prefix_path')
[0.256s] INFO:colcon.colcon_core.shell:Creating environment hook '/home/didac/exchange/Team3/ros2_ws/install/mission_manager/share/mission_manager/hook/ament_prefix_path.ps1'
[0.257s] INFO:colcon.colcon_core.shell:Creating environment descriptor '/home/didac/exchange/Team3/ros2_ws/install/mission_manager/share/mission_manager/hook/ament_prefix_path.dsv'
[0.257s] INFO:colcon.colcon_core.shell:Creating environment hook '/home/didac/exchange/Team3/ros2_ws/install/mission_manager/share/mission_manager/hook/ament_prefix_path.sh'
[0.257s] INFO:colcon.colcon_core.shell:Skip shell extension 'powershell' for command environment: Not usable outside of PowerShell
[0.257s] DEBUG:colcon.colcon_core.shell:Skip shell extension 'dsv' for command environment
[0.259s] INFO:colcon.colcon_ros.task.ament_cmake.build:Building ROS package in '/home/didac/exchange/Team3/ros2_ws/src/obstacle_detector' with build type 'ament_cmake'
[0.259s] INFO:colcon.colcon_cmake.task.cmake.build:Building CMake package in '/home/didac/exchange/Team3/ros2_ws/src/obstacle_detector'
[0.259s] INFO:colcon.colcon_core.shell:Skip shell extension 'powershell' for command environment: Not usable outside of PowerShell
[0.259s] DEBUG:colcon.colcon_core.shell:Skip shell extension 'dsv' for command environment
[0.261s] INFO:colcon.colcon_ros.task.ament_cmake.build:Building ROS package in '/home/didac/exchange/Team3/ros2_ws/src/robot_bringup' with build type 'ament_cmake'
[0.261s] INFO:colcon.colcon_cmake.task.cmake.build:Building CMake package in '/home/didac/exchange/Team3/ros2_ws/src/robot_bringup'
[0.262s] INFO:colcon.colcon_core.shell:Skip shell extension 'powershell' for command environment: Not usable outside of PowerShell
[0.262s] DEBUG:colcon.colcon_core.shell:Skip shell extension 'dsv' for command environment
[0.264s] INFO:colcon.colcon_ros.task.ament_cmake.build:Building ROS package in '/home/didac/exchange/Team3/ros2_ws/src/zenoh_bridge' with build type 'ament_cmake'
[0.264s] INFO:colcon.colcon_cmake.task.cmake.build:Building CMake package in '/home/didac/exchange/Team3/ros2_ws/src/zenoh_bridge'
[0.264s] INFO:colcon.colcon_core.shell:Skip shell extension 'powershell' for command environment: Not usable outside of PowerShell
[0.264s] DEBUG:colcon.colcon_core.shell:Skip shell extension 'dsv' for command environment
[0.270s] DEBUG:colcon.colcon_core.event_handler.log_command:Invoking command in '/home/didac/exchange/Team3/ros2_ws/build/controller_pkg': CMAKE_PREFIX_PATH=${CMAKE_PREFIX_PATH}:/home/didac/exchange/Team3/ros2_ws/install/mission_manager:/opt/ros/humble /usr/bin/cmake --build /home/didac/exchange/Team3/ros2_ws/build/controller_pkg -- -j8 -l8
[0.272s] DEBUG:colcon.colcon_core.event_handler.log_command:Invoking command in '/home/didac/exchange/Team3/ros2_ws/build/ldlidar_stl_ros2': CMAKE_PREFIX_PATH=${CMAKE_PREFIX_PATH}:/home/didac/exchange/Team3/ros2_ws/install/mission_manager:/opt/ros/humble /usr/bin/cmake --build /home/didac/exchange/Team3/ros2_ws/build/ldlidar_stl_ros2 -- -j8 -l8
[0.451s] INFO:colcon.colcon_core.task.python.build:Building Python package in '/home/didac/exchange/Team3/ros2_ws/src/mission_manager'
[0.451s] INFO:colcon.colcon_core.shell:Skip shell extension 'powershell' for command environment: Not usable outside of PowerShell
[0.451s] DEBUG:colcon.colcon_core.shell:Skip shell extension 'dsv' for command environment
[0.455s] DEBUG:colcon.colcon_core.event_handler.log_command:Invoking command in '/home/didac/exchange/Team3/ros2_ws/build/obstacle_detector': CMAKE_PREFIX_PATH=${CMAKE_PREFIX_PATH}:/home/didac/exchange/Team3/ros2_ws/install/mission_manager:/opt/ros/humble /usr/bin/cmake --build /home/didac/exchange/Team3/ros2_ws/build/obstacle_detector -- -j8 -l8
[0.457s] DEBUG:colcon.colcon_core.event_handler.log_command:Invoking command in '/home/didac/exchange/Team3/ros2_ws/build/robot_bringup': CMAKE_PREFIX_PATH=${CMAKE_PREFIX_PATH}:/home/didac/exchange/Team3/ros2_ws/install/mission_manager:/opt/ros/humble /usr/bin/cmake --build /home/didac/exchange/Team3/ros2_ws/build/robot_bringup -- -j8 -l8
[0.461s] DEBUG:colcon.colcon_core.event_handler.log_command:Invoking command in '/home/didac/exchange/Team3/ros2_ws/build/zenoh_bridge': CMAKE_PREFIX_PATH=${CMAKE_PREFIX_PATH}:/home/didac/exchange/Team3/ros2_ws/install/mission_manager:/opt/ros/humble /usr/bin/cmake --build /home/didac/exchange/Team3/ros2_ws/build/zenoh_bridge -- -j8 -l8
[0.461s] DEBUG:colcon.colcon_core.event_handler.log_command:Invoked command in '/home/didac/exchange/Team3/ros2_ws/build/controller_pkg' returned '0': CMAKE_PREFIX_PATH=${CMAKE_PREFIX_PATH}:/home/didac/exchange/Team3/ros2_ws/install/mission_manager:/opt/ros/humble /usr/bin/cmake --build /home/didac/exchange/Team3/ros2_ws/build/controller_pkg -- -j8 -l8
[0.468s] DEBUG:colcon.colcon_core.event_handler.log_command:Invoking command in '/home/didac/exchange/Team3/ros2_ws/build/controller_pkg': CMAKE_PREFIX_PATH=${CMAKE_PREFIX_PATH}:/home/didac/exchange/Team3/ros2_ws/install/mission_manager:/opt/ros/humble /usr/bin/cmake --install /home/didac/exchange/Team3/ros2_ws/build/controller_pkg
[0.468s] DEBUG:colcon.colcon_core.event_handler.log_command:Invoked command in '/home/didac/exchange/Team3/ros2_ws/build/ldlidar_stl_ros2' returned '0': CMAKE_PREFIX_PATH=${CMAKE_PREFIX_PATH}:/home/didac/exchange/Team3/ros2_ws/install/mission_manager:/opt/ros/humble /usr/bin/cmake --build /home/didac/exchange/Team3/ros2_ws/build/ldlidar_stl_ros2 -- -j8 -l8
[0.473s] DEBUG:colcon.colcon_core.event_handler.log_command:Invoking command in '/home/didac/exchange/Team3/ros2_ws/build/ldlidar_stl_ros2': CMAKE_PREFIX_PATH=${CMAKE_PREFIX_PATH}:/home/didac/exchange/Team3/ros2_ws/install/mission_manager:/opt/ros/humble /usr/bin/cmake --install /home/didac/exchange/Team3/ros2_ws/build/ldlidar_stl_ros2
[0.492s] Level 1:colcon.colcon_core.environment:create_environment_scripts_only(controller_pkg)
[0.493s] DEBUG:colcon.colcon_core.event_handler.log_command:Invoked command in '/home/didac/exchange/Team3/ros2_ws/build/controller_pkg' returned '0': CMAKE_PREFIX_PATH=${CMAKE_PREFIX_PATH}:/home/didac/exchange/Team3/ros2_ws/install/mission_manager:/opt/ros/humble /usr/bin/cmake --install /home/didac/exchange/Team3/ros2_ws/build/controller_pkg
[0.495s] Level 1:colcon.colcon_core.environment:checking '/home/didac/exchange/Team3/ros2_ws/install/controller_pkg' for CMake module files
[0.495s] Level 1:colcon.colcon_core.environment:checking '/home/didac/exchange/Team3/ros2_ws/install/controller_pkg' for CMake config files
[0.496s] Level 1:colcon.colcon_core.shell:create_environment_hook('controller_pkg', 'cmake_prefix_path')
[0.496s] INFO:colcon.colcon_core.shell:Creating environment hook '/home/didac/exchange/Team3/ros2_ws/install/controller_pkg/share/controller_pkg/hook/cmake_prefix_path.ps1'
[0.498s] INFO:colcon.colcon_core.shell:Creating environment descriptor '/home/didac/exchange/Team3/ros2_ws/install/controller_pkg/share/controller_pkg/hook/cmake_prefix_path.dsv'
[0.498s] INFO:colcon.colcon_core.shell:Creating environment hook '/home/didac/exchange/Team3/ros2_ws/install/controller_pkg/share/controller_pkg/hook/cmake_prefix_path.sh'
[0.499s] Level 1:colcon.colcon_core.environment:checking '/home/didac/exchange/Team3/ros2_ws/install/controller_pkg/lib'
[0.499s] Level 1:colcon.colcon_core.environment:checking '/home/didac/exchange/Team3/ros2_ws/install/controller_pkg/bin'
[0.499s] Level 1:colcon.colcon_core.environment:checking '/home/didac/exchange/Team3/ros2_ws/install/controller_pkg/lib/pkgconfig/controller_pkg.pc'
[0.499s] Level 1:colcon.colcon_core.environment:checking '/home/didac/exchange/Team3/ros2_ws/install/controller_pkg/lib/python3.10/site-packages'
[0.500s] Level 1:colcon.colcon_core.environment:checking '/home/didac/exchange/Team3/ros2_ws/install/controller_pkg/bin'
[0.500s] INFO:colcon.colcon_core.shell:Creating package script '/home/didac/exchange/Team3/ros2_ws/install/controller_pkg/share/controller_pkg/package.ps1'
[0.501s] INFO:colcon.colcon_core.shell:Creating package descriptor '/home/didac/exchange/Team3/ros2_ws/install/controller_pkg/share/controller_pkg/package.dsv'
[0.501s] INFO:colcon.colcon_core.shell:Creating package script '/home/didac/exchange/Team3/ros2_ws/install/controller_pkg/share/controller_pkg/package.sh'
[0.502s] INFO:colcon.colcon_core.shell:Creating package script '/home/didac/exchange/Team3/ros2_ws/install/controller_pkg/share/controller_pkg/package.bash'
[0.502s] INFO:colcon.colcon_core.shell:Creating package script '/home/didac/exchange/Team3/ros2_ws/install/controller_pkg/share/controller_pkg/package.zsh'
[0.503s] Level 1:colcon.colcon_core.environment:create_file_with_runtime_dependencies(/home/didac/exchange/Team3/ros2_ws/install/controller_pkg/share/colcon-core/packages/controller_pkg)
[0.503s] Level 1:colcon.colcon_core.environment:create_environment_scripts_only(controller_pkg)
[0.503s] Level 1:colcon.colcon_core.environment:checking '/home/didac/exchange/Team3/ros2_ws/install/controller_pkg' for CMake module files
[0.504s] Level 1:colcon.colcon_core.environment:checking '/home/didac/exchange/Team3/ros2_ws/install/controller_pkg' for CMake config files
[0.504s] Level 1:colcon.colcon_core.shell:create_environment_hook('controller_pkg', 'cmake_prefix_path')
[0.504s] INFO:colcon.colcon_core.shell:Creating environment hook '/home/didac/exchange/Team3/ros2_ws/install/controller_pkg/share/controller_pkg/hook/cmake_prefix_path.ps1'
[0.505s] INFO:colcon.colcon_core.shell:Creating environment descriptor '/home/didac/exchange/Team3/ros2_ws/install/controller_pkg/share/controller_pkg/hook/cmake_prefix_path.dsv'
[0.505s] INFO:colcon.colcon_core.shell:Creating environment hook '/home/didac/exchange/Team3/ros2_ws/install/controller_pkg/share/controller_pkg/hook/cmake_prefix_path.sh'
[0.505s] Level 1:colcon.colcon_core.environment:checking '/home/didac/exchange/Team3/ros2_ws/install/controller_pkg/lib'
[0.505s] Level 1:colcon.colcon_core.environment:checking '/home/didac/exchange/Team3/ros2_ws/install/controller_pkg/bin'
[0.506s] Level 1:colcon.colcon_core.environment:checking '/home/didac/exchange/Team3/ros2_ws/install/controller_pkg/lib/pkgconfig/controller_pkg.pc'
[0.506s] Level 1:colcon.colcon_core.environment:checking '/home/didac/exchange/Team3/ros2_ws/install/controller_pkg/lib/python3.10/site-packages'
[0.506s] Level 1:colcon.colcon_core.environment:checking '/home/didac/exchange/Team3/ros2_ws/install/controller_pkg/bin'
[0.507s] INFO:colcon.colcon_core.shell:Creating package script '/home/didac/exchange/Team3/ros2_ws/install/controller_pkg/share/controller_pkg/package.ps1'
[0.507s] INFO:colcon.colcon_core.shell:Creating package descriptor '/home/didac/exchange/Team3/ros2_ws/install/controller_pkg/share/controller_pkg/package.dsv'
[0.508s] INFO:colcon.colcon_core.shell:Creating package script '/home/didac/exchange/Team3/ros2_ws/install/controller_pkg/share/controller_pkg/package.sh'
[0.508s] INFO:colcon.colcon_core.shell:Creating package script '/home/didac/exchange/Team3/ros2_ws/install/controller_pkg/share/controller_pkg/package.bash'
[0.509s] INFO:colcon.colcon_core.shell:Creating package script '/home/didac/exchange/Team3/ros2_ws/install/controller_pkg/share/controller_pkg/package.zsh'
[0.509s] Level 1:colcon.colcon_core.environment:create_file_with_runtime_dependencies(/home/didac/exchange/Team3/ros2_ws/install/controller_pkg/share/colcon-core/packages/controller_pkg)
[0.510s] Level 1:colcon.colcon_core.environment:create_environment_scripts_only(ldlidar_stl_ros2)
[0.510s] Level 1:colcon.colcon_core.environment:checking '/home/didac/exchange/Team3/ros2_ws/install/ldlidar_stl_ros2' for CMake module files
[0.511s] Level 1:colcon.colcon_core.environment:checking '/home/didac/exchange/Team3/ros2_ws/install/ldlidar_stl_ros2' for CMake config files
[0.511s] DEBUG:colcon.colcon_core.event_handler.log_command:Invoked command in '/home/didac/exchange/Team3/ros2_ws/build/ldlidar_stl_ros2' returned '0': CMAKE_PREFIX_PATH=${CMAKE_PREFIX_PATH}:/home/didac/exchange/Team3/ros2_ws/install/mission_manager:/opt/ros/humble /usr/bin/cmake --install /home/didac/exchange/Team3/ros2_ws/build/ldlidar_stl_ros2
[0.511s] Level 1:colcon.colcon_core.shell:create_environment_hook('ldlidar_stl_ros2', 'cmake_prefix_path')
[0.512s] INFO:colcon.colcon_core.shell:Creating environment hook '/home/didac/exchange/Team3/ros2_ws/install/ldlidar_stl_ros2/share/ldlidar_stl_ros2/hook/cmake_prefix_path.ps1'
[0.512s] INFO:colcon.colcon_core.shell:Creating environment descriptor '/home/didac/exchange/Team3/ros2_ws/install/ldlidar_stl_ros2/share/ldlidar_stl_ros2/hook/cmake_prefix_path.dsv'
[0.512s] INFO:colcon.colcon_core.shell:Creating environment hook '/home/didac/exchange/Team3/ros2_ws/install/ldlidar_stl_ros2/share/ldlidar_stl_ros2/hook/cmake_prefix_path.sh'
[0.513s] Level 1:colcon.colcon_core.environment:checking '/home/didac/exchange/Team3/ros2_ws/install/ldlidar_stl_ros2/lib'
[0.513s] Level 1:colcon.colcon_core.environment:checking '/home/didac/exchange/Team3/ros2_ws/install/ldlidar_stl_ros2/bin'
[0.513s] Level 1:colcon.colcon_core.environment:checking '/home/didac/exchange/Team3/ros2_ws/install/ldlidar_stl_ros2/lib/pkgconfig/ldlidar_stl_ros2.pc'
[0.513s] Level 1:colcon.colcon_core.environment:checking '/home/didac/exchange/Team3/ros2_ws/install/ldlidar_stl_ros2/lib/python3.10/site-packages'
[0.513s] Level 1:colcon.colcon_core.environment:checking '/home/didac/exchange/Team3/ros2_ws/install/ldlidar_stl_ros2/bin'
[0.514s] INFO:colcon.colcon_core.shell:Creating package script '/home/didac/exchange/Team3/ros2_ws/install/ldlidar_stl_ros2/share/ldlidar_stl_ros2/package.ps1'
[0.514s] INFO:colcon.colcon_core.shell:Creating package descriptor '/home/didac/exchange/Team3/ros2_ws/install/ldlidar_stl_ros2/share/ldlidar_stl_ros2/package.dsv'
[0.514s] INFO:colcon.colcon_core.shell:Creating package script '/home/didac/exchange/Team3/ros2_ws/install/ldlidar_stl_ros2/share/ldlidar_stl_ros2/package.sh'
[0.514s] INFO:colcon.colcon_core.shell:Creating package script '/home/didac/exchange/Team3/ros2_ws/install/ldlidar_stl_ros2/share/ldlidar_stl_ros2/package.bash'
[0.515s] INFO:colcon.colcon_core.shell:Creating package script '/home/didac/exchange/Team3/ros2_ws/install/ldlidar_stl_ros2/share/ldlidar_stl_ros2/package.zsh'
[0.515s] Level 1:colcon.colcon_core.environment:create_file_with_runtime_dependencies(/home/didac/exchange/Team3/ros2_ws/install/ldlidar_stl_ros2/share/colcon-core/packages/ldlidar_stl_ros2)
[0.515s] Level 1:colcon.colcon_core.environment:create_environment_scripts_only(ldlidar_stl_ros2)
[0.516s] Level 1:colcon.colcon_core.environment:checking '/home/didac/exchange/Team3/ros2_ws/install/ldlidar_stl_ros2' for CMake module files
[0.516s] Level 1:colcon.colcon_core.environment:checking '/home/didac/exchange/Team3/ros2_ws/install/ldlidar_stl_ros2' for CMake config files
[0.516s] Level 1:colcon.colcon_core.shell:create_environment_hook('ldlidar_stl_ros2', 'cmake_prefix_path')
[0.516s] INFO:colcon.colcon_core.shell:Creating environment hook '/home/didac/exchange/Team3/ros2_ws/install/ldlidar_stl_ros2/share/ldlidar_stl_ros2/hook/cmake_prefix_path.ps1'
[0.517s] INFO:colcon.colcon_core.shell:Creating environment descriptor '/home/didac/exchange/Team3/ros2_ws/install/ldlidar_stl_ros2/share/ldlidar_stl_ros2/hook/cmake_prefix_path.dsv'
[0.517s] INFO:colcon.colcon_core.shell:Creating environment hook '/home/didac/exchange/Team3/ros2_ws/install/ldlidar_stl_ros2/share/ldlidar_stl_ros2/hook/cmake_prefix_path.sh'
[0.518s] Level 1:colcon.colcon_core.environment:checking '/home/didac/exchange/Team3/ros2_ws/install/ldlidar_stl_ros2/lib'
[0.518s] Level 1:colcon.colcon_core.environment:checking '/home/didac/exchange/Team3/ros2_ws/install/ldlidar_stl_ros2/bin'
[0.518s] Level 1:colcon.colcon_core.environment:checking '/home/didac/exchange/Team3/ros2_ws/install/ldlidar_stl_ros2/lib/pkgconfig/ldlidar_stl_ros2.pc'
[0.518s] Level 1:colcon.colcon_core.environment:checking '/home/didac/exchange/Team3/ros2_ws/install/ldlidar_stl_ros2/lib/python3.10/site-packages'
[0.518s] Level 1:colcon.colcon_core.environment:checking '/home/didac/exchange/Team3/ros2_ws/install/ldlidar_stl_ros2/bin'
[0.519s] INFO:colcon.colcon_core.shell:Creating package script '/home/didac/exchange/Team3/ros2_ws/install/ldlidar_stl_ros2/share/ldlidar_stl_ros2/package.ps1'
[0.519s] INFO:colcon.colcon_core.shell:Creating package descriptor '/home/didac/exchange/Team3/ros2_ws/install/ldlidar_stl_ros2/share/ldlidar_stl_ros2/package.dsv'
[0.520s] INFO:colcon.colcon_core.shell:Creating package script '/home/didac/exchange/Team3/ros2_ws/install/ldlidar_stl_ros2/share/ldlidar_stl_ros2/package.sh'
[0.520s] INFO:colcon.colcon_core.shell:Creating package script '/home/didac/exchange/Team3/ros2_ws/install/ldlidar_stl_ros2/share/ldlidar_stl_ros2/package.bash'
[0.520s] INFO:colcon.colcon_core.shell:Creating package script '/home/didac/exchange/Team3/ros2_ws/install/ldlidar_stl_ros2/share/ldlidar_stl_ros2/package.zsh'
[0.520s] Level 1:colcon.colcon_core.environment:create_file_with_runtime_dependencies(/home/didac/exchange/Team3/ros2_ws/install/ldlidar_stl_ros2/share/colcon-core/packages/ldlidar_stl_ros2)
[0.523s] DEBUG:colcon.colcon_core.event_handler.log_command:Invoked command in '/home/didac/exchange/Team3/ros2_ws/build/obstacle_detector' returned '0': CMAKE_PREFIX_PATH=${CMAKE_PREFIX_PATH}:/home/didac/exchange/Team3/ros2_ws/install/mission_manager:/opt/ros/humble /usr/bin/cmake --build /home/didac/exchange/Team3/ros2_ws/build/obstacle_detector -- -j8 -l8
[0.524s] DEBUG:colcon.colcon_core.event_handler.log_command:Invoking command in '/home/didac/exchange/Team3/ros2_ws/build/obstacle_detector': CMAKE_PREFIX_PATH=${CMAKE_PREFIX_PATH}:/home/didac/exchange/Team3/ros2_ws/install/mission_manager:/opt/ros/humble /usr/bin/cmake --install /home/didac/exchange/Team3/ros2_ws/build/obstacle_detector
[0.527s] DEBUG:colcon.colcon_core.event_handler.log_command:Invoked command in '/home/didac/exchange/Team3/ros2_ws/build/zenoh_bridge' returned '0': CMAKE_PREFIX_PATH=${CMAKE_PREFIX_PATH}:/home/didac/exchange/Team3/ros2_ws/install/mission_manager:/opt/ros/humble /usr/bin/cmake --build /home/didac/exchange/Team3/ros2_ws/build/zenoh_bridge -- -j8 -l8
[0.530s] DEBUG:colcon.colcon_core.event_handler.log_command:Invoking command in '/home/didac/exchange/Team3/ros2_ws/build/zenoh_bridge': CMAKE_PREFIX_PATH=${CMAKE_PREFIX_PATH}:/home/didac/exchange/Team3/ros2_ws/install/mission_manager:/opt/ros/humble /usr/bin/cmake --install /home/didac/exchange/Team3/ros2_ws/build/zenoh_bridge
[0.547s] Level 1:colcon.colcon_core.environment:create_environment_scripts_only(obstacle_detector)
[0.547s] Level 1:colcon.colcon_core.environment:checking '/home/didac/exchange/Team3/ros2_ws/install/obstacle_detector' for CMake module files
[0.548s] DEBUG:colcon.colcon_core.event_handler.log_command:Invoked command in '/home/didac/exchange/Team3/ros2_ws/build/obstacle_detector' returned '0': CMAKE_PREFIX_PATH=${CMAKE_PREFIX_PATH}:/home/didac/exchange/Team3/ros2_ws/install/mission_manager:/opt/ros/humble /usr/bin/cmake --install /home/didac/exchange/Team3/ros2_ws/build/obstacle_detector
[0.548s] Level 1:colcon.colcon_core.environment:checking '/home/didac/exchange/Team3/ros2_ws/install/obstacle_detector' for CMake config files
[0.548s] Level 1:colcon.colcon_core.shell:create_environment_hook('obstacle_detector', 'cmake_prefix_path')
[0.549s] INFO:colcon.colcon_core.shell:Creating environment hook '/home/didac/exchange/Team3/ros2_ws/install/obstacle_detector/share/obstacle_detector/hook/cmake_prefix_path.ps1'
[0.549s] INFO:colcon.colcon_core.shell:Creating environment descriptor '/home/didac/exchange/Team3/ros2_ws/install/obstacle_detector/share/obstacle_detector/hook/cmake_prefix_path.dsv'
[0.550s] INFO:colcon.colcon_core.shell:Creating environment hook '/home/didac/exchange/Team3/ros2_ws/install/obstacle_detector/share/obstacle_detector/hook/cmake_prefix_path.sh'
[0.550s] Level 1:colcon.colcon_core.environment:checking '/home/didac/exchange/Team3/ros2_ws/install/obstacle_detector/lib'
[0.550s] Level 1:colcon.colcon_core.environment:checking '/home/didac/exchange/Team3/ros2_ws/install/obstacle_detector/bin'
[0.550s] Level 1:colcon.colcon_core.environment:checking '/home/didac/exchange/Team3/ros2_ws/install/obstacle_detector/lib/pkgconfig/obstacle_detector.pc'
[0.551s] Level 1:colcon.colcon_core.environment:checking '/home/didac/exchange/Team3/ros2_ws/install/obstacle_detector/lib/python3.10/site-packages'
[0.551s] Level 1:colcon.colcon_core.environment:checking '/home/didac/exchange/Team3/ros2_ws/install/obstacle_detector/bin'
[0.551s] INFO:colcon.colcon_core.shell:Creating package script '/home/didac/exchange/Team3/ros2_ws/install/obstacle_detector/share/obstacle_detector/package.ps1'
[0.551s] INFO:colcon.colcon_core.shell:Creating package descriptor '/home/didac/exchange/Team3/ros2_ws/install/obstacle_detector/share/obstacle_detector/package.dsv'
[0.552s] INFO:colcon.colcon_core.shell:Creating package script '/home/didac/exchange/Team3/ros2_ws/install/obstacle_detector/share/obstacle_detector/package.sh'
[0.552s] INFO:colcon.colcon_core.shell:Creating package script '/home/didac/exchange/Team3/ros2_ws/install/obstacle_detector/share/obstacle_detector/package.bash'
[0.552s] INFO:colcon.colcon_core.shell:Creating package script '/home/didac/exchange/Team3/ros2_ws/install/obstacle_detector/share/obstacle_detector/package.zsh'
[0.552s] Level 1:colcon.colcon_core.environment:create_file_with_runtime_dependencies(/home/didac/exchange/Team3/ros2_ws/install/obstacle_detector/share/colcon-core/packages/obstacle_detector)
[0.553s] Level 1:colcon.colcon_core.environment:create_environment_scripts_only(obstacle_detector)
[0.553s] Level 1:colcon.colcon_core.environment:checking '/home/didac/exchange/Team3/ros2_ws/install/obstacle_detector' for CMake module files
[0.553s] Level 1:colcon.colcon_core.environment:checking '/home/didac/exchange/Team3/ros2_ws/install/obstacle_detector' for CMake config files
[0.554s] Level 1:colcon.colcon_core.shell:create_environment_hook('obstacle_detector', 'cmake_prefix_path')
[0.554s] INFO:colcon.colcon_core.shell:Creating environment hook '/home/didac/exchange/Team3/ros2_ws/install/obstacle_detector/share/obstacle_detector/hook/cmake_prefix_path.ps1'
[0.555s] INFO:colcon.colcon_core.shell:Creating environment descriptor '/home/didac/exchange/Team3/ros2_ws/install/obstacle_detector/share/obstacle_detector/hook/cmake_prefix_path.dsv'
[0.555s] INFO:colcon.colcon_core.shell:Creating environment hook '/home/didac/exchange/Team3/ros2_ws/install/obstacle_detector/share/obstacle_detector/hook/cmake_prefix_path.sh'
[0.556s] Level 1:colcon.colcon_core.environment:checking '/home/didac/exchange/Team3/ros2_ws/install/obstacle_detector/lib'
[0.556s] Level 1:colcon.colcon_core.environment:checking '/home/didac/exchange/Team3/ros2_ws/install/obstacle_detector/bin'
[0.556s] Level 1:colcon.colcon_core.environment:checking '/home/didac/exchange/Team3/ros2_ws/install/obstacle_detector/lib/pkgconfig/obstacle_detector.pc'
[0.556s] Level 1:colcon.colcon_core.environment:checking '/home/didac/exchange/Team3/ros2_ws/install/obstacle_detector/lib/python3.10/site-packages'
[0.556s] Level 1:colcon.colcon_core.environment:checking '/home/didac/exchange/Team3/ros2_ws/install/obstacle_detector/bin'
[0.556s] INFO:colcon.colcon_core.shell:Creating package script '/home/didac/exchange/Team3/ros2_ws/install/obstacle_detector/share/obstacle_detector/package.ps1'
[0.557s] INFO:colcon.colcon_core.shell:Creating package descriptor '/home/didac/exchange/Team3/ros2_ws/install/obstacle_detector/share/obstacle_detector/package.dsv'
[0.557s] INFO:colcon.colcon_core.shell:Creating package script '/home/didac/exchange/Team3/ros2_ws/install/obstacle_detector/share/obstacle_detector/package.sh'
[0.557s] INFO:colcon.colcon_core.shell:Creating package script '/home/didac/exchange/Team3/ros2_ws/install/obstacle_detector/share/obstacle_detector/package.bash'
[0.557s] INFO:colcon.colcon_core.shell:Creating package script '/home/didac/exchange/Team3/ros2_ws/install/obstacle_detector/share/obstacle_detector/package.zsh'
[0.558s] Level 1:colcon.colcon_core.environment:create_file_with_runtime_dependencies(/home/didac/exchange/Team3/ros2_ws/install/obstacle_detector/share/colcon-core/packages/obstacle_detector)
[0.559s] Level 1:colcon.colcon_core.environment:create_environment_scripts_only(zenoh_bridge)
[0.559s] Level 1:colcon.colcon_core.environment:checking '/home/didac/exchange/Team3/ros2_ws/install/zenoh_bridge' for CMake module files
[0.559s] DEBUG:colcon.colcon_core.event_handler.log_command:Invoked command in '/home/didac/exchange/Team3/ros2_ws/build/zenoh_bridge' returned '0': CMAKE_PREFIX_PATH=${CMAKE_PREFIX_PATH}:/home/didac/exchange/Team3/ros2_ws/install/mission_manager:/opt/ros/humble /usr/bin/cmake --install /home/didac/exchange/Team3/ros2_ws/build/zenoh_bridge
[0.559s] Level 1:colcon.colcon_core.environment:checking '/home/didac/exchange/Team3/ros2_ws/install/zenoh_bridge' for CMake config files
[0.560s] Level 1:colcon.colcon_core.shell:create_environment_hook('zenoh_bridge', 'cmake_prefix_path')
[0.560s] INFO:colcon.colcon_core.shell:Creating environment hook '/home/didac/exchange/Team3/ros2_ws/install/zenoh_bridge/share/zenoh_bridge/hook/cmake_prefix_path.ps1'
[0.560s] INFO:colcon.colcon_core.shell:Creating environment descriptor '/home/didac/exchange/Team3/ros2_ws/install/zenoh_bridge/share/zenoh_bridge/hook/cmake_prefix_path.dsv'
[0.560s] INFO:colcon.colcon_core.shell:Creating environment hook '/home/didac/exchange/Team3/ros2_ws/install/zenoh_bridge/share/zenoh_bridge/hook/cmake_prefix_path.sh'
[0.561s] Level 1:colcon.colcon_core.environment:checking '/home/didac/exchange/Team3/ros2_ws/install/zenoh_bridge/lib'
[0.561s] Level 1:colcon.colcon_core.environment:checking '/home/didac/exchange/Team3/ros2_ws/install/zenoh_bridge/bin'
[0.561s] Level 1:colcon.colcon_core.environment:checking '/home/didac/exchange/Team3/ros2_ws/install/zenoh_bridge/lib/pkgconfig/zenoh_bridge.pc'
[0.561s] Level 1:colcon.colcon_core.environment:checking '/home/didac/exchange/Team3/ros2_ws/install/zenoh_bridge/lib/python3.10/site-packages'
[0.561s] Level 1:colcon.colcon_core.environment:checking '/home/didac/exchange/Team3/ros2_ws/install/zenoh_bridge/bin'
[0.561s] INFO:colcon.colcon_core.shell:Creating package script '/home/didac/exchange/Team3/ros2_ws/install/zenoh_bridge/share/zenoh_bridge/package.ps1'
[0.562s] INFO:colcon.colcon_core.shell:Creating package descriptor '/home/didac/exchange/Team3/ros2_ws/install/zenoh_bridge/share/zenoh_bridge/package.dsv'
[0.562s] INFO:colcon.colcon_core.shell:Creating package script '/home/didac/exchange/Team3/ros2_ws/install/zenoh_bridge/share/zenoh_bridge/package.sh'
[0.562s] INFO:colcon.colcon_core.shell:Creating package script '/home/didac/exchange/Team3/ros2_ws/install/zenoh_bridge/share/zenoh_bridge/package.bash'
[0.562s] INFO:colcon.colcon_core.shell:Creating package script '/home/didac/exchange/Team3/ros2_ws/install/zenoh_bridge/share/zenoh_bridge/package.zsh'
[0.562s] Level 1:colcon.colcon_core.environment:create_file_with_runtime_dependencies(/home/didac/exchange/Team3/ros2_ws/install/zenoh_bridge/share/colcon-core/packages/zenoh_bridge)
[0.563s] Level 1:colcon.colcon_core.environment:create_environment_scripts_only(zenoh_bridge)
[0.563s] Level 1:colcon.colcon_core.environment:checking '/home/didac/exchange/Team3/ros2_ws/install/zenoh_bridge' for CMake module files
[0.563s] Level 1:colcon.colcon_core.environment:checking '/home/didac/exchange/Team3/ros2_ws/install/zenoh_bridge' for CMake config files
[0.563s] Level 1:colcon.colcon_core.shell:create_environment_hook('zenoh_bridge', 'cmake_prefix_path')
[0.564s] INFO:colcon.colcon_core.shell:Creating environment hook '/home/didac/exchange/Team3/ros2_ws/install/zenoh_bridge/share/zenoh_bridge/hook/cmake_prefix_path.ps1'
[0.564s] INFO:colcon.colcon_core.shell:Creating environment descriptor '/home/didac/exchange/Team3/ros2_ws/install/zenoh_bridge/share/zenoh_bridge/hook/cmake_prefix_path.dsv'
[0.564s] INFO:colcon.colcon_core.shell:Creating environment hook '/home/didac/exchange/Team3/ros2_ws/install/zenoh_bridge/share/zenoh_bridge/hook/cmake_prefix_path.sh'
[0.564s] Level 1:colcon.colcon_core.environment:checking '/home/didac/exchange/Team3/ros2_ws/install/zenoh_bridge/lib'
[0.564s] Level 1:colcon.colcon_core.environment:checking '/home/didac/exchange/Team3/ros2_ws/install/zenoh_bridge/bin'
[0.564s] Level 1:colcon.colcon_core.environment:checking '/home/didac/exchange/Team3/ros2_ws/install/zenoh_bridge/lib/pkgconfig/zenoh_bridge.pc'
[0.564s] Level 1:colcon.colcon_core.environment:checking '/home/didac/exchange/Team3/ros2_ws/install/zenoh_bridge/lib/python3.10/site-packages'
[0.565s] Level 1:colcon.colcon_core.environment:checking '/home/didac/exchange/Team3/ros2_ws/install/zenoh_bridge/bin'
[0.565s] INFO:colcon.colcon_core.shell:Creating package script '/home/didac/exchange/Team3/ros2_ws/install/zenoh_bridge/share/zenoh_bridge/package.ps1'
[0.565s] INFO:colcon.colcon_core.shell:Creating package descriptor '/home/didac/exchange/Team3/ros2_ws/install/zenoh_bridge/share/zenoh_bridge/package.dsv'
[0.566s] INFO:colcon.colcon_core.shell:Creating package script '/home/didac/exchange/Team3/ros2_ws/install/zenoh_bridge/share/zenoh_bridge/package.sh'
[0.566s] INFO:colcon.colcon_core.shell:Creating package script '/home/didac/exchange/Team3/ros2_ws/install/zenoh_bridge/share/zenoh_bridge/package.bash'
[0.566s] INFO:colcon.colcon_core.shell:Creating package script '/home/didac/exchange/Team3/ros2_ws/install/zenoh_bridge/share/zenoh_bridge/package.zsh'
[0.566s] Level 1:colcon.colcon_core.environment:create_file_with_runtime_dependencies(/home/didac/exchange/Team3/ros2_ws/install/zenoh_bridge/share/colcon-core/packages/zenoh_bridge)
[0.655s] DEBUG:colcon.colcon_core.event_handler.log_command:Invoked command in '/home/didac/exchange/Team3/ros2_ws/build/robot_bringup' returned '0': CMAKE_PREFIX_PATH=${CMAKE_PREFIX_PATH}:/home/didac/exchange/Team3/ros2_ws/install/mission_manager:/opt/ros/humble /usr/bin/cmake --build /home/didac/exchange/Team3/ros2_ws/build/robot_bringup -- -j8 -l8
[0.657s] DEBUG:colcon.colcon_core.event_handler.log_command:Invoking command in '/home/didac/exchange/Team3/ros2_ws/build/robot_bringup': CMAKE_PREFIX_PATH=${CMAKE_PREFIX_PATH}:/home/didac/exchange/Team3/ros2_ws/install/mission_manager:/opt/ros/humble /usr/bin/cmake --install /home/didac/exchange/Team3/ros2_ws/build/robot_bringup
[0.687s] Level 1:colcon.colcon_core.environment:create_environment_scripts_only(robot_bringup)
[0.687s] Level 1:colcon.colcon_core.environment:checking '/home/didac/exchange/Team3/ros2_ws/install/robot_bringup' for CMake module files
[0.688s] DEBUG:colcon.colcon_core.event_handler.log_command:Invoked command in '/home/didac/exchange/Team3/ros2_ws/build/robot_bringup' returned '0': CMAKE_PREFIX_PATH=${CMAKE_PREFIX_PATH}:/home/didac/exchange/Team3/ros2_ws/install/mission_manager:/opt/ros/humble /usr/bin/cmake --install /home/didac/exchange/Team3/ros2_ws/build/robot_bringup
[0.688s] Level 1:colcon.colcon_core.environment:checking '/home/didac/exchange/Team3/ros2_ws/install/robot_bringup' for CMake config files
[0.689s] Level 1:colcon.colcon_core.shell:create_environment_hook('robot_bringup', 'cmake_prefix_path')
[0.689s] INFO:colcon.colcon_core.shell:Creating environment hook '/home/didac/exchange/Team3/ros2_ws/install/robot_bringup/share/robot_bringup/hook/cmake_prefix_path.ps1'
[0.689s] INFO:colcon.colcon_core.shell:Creating environment descriptor '/home/didac/exchange/Team3/ros2_ws/install/robot_bringup/share/robot_bringup/hook/cmake_prefix_path.dsv'
[0.690s] INFO:colcon.colcon_core.shell:Creating environment hook '/home/didac/exchange/Team3/ros2_ws/install/robot_bringup/share/robot_bringup/hook/cmake_prefix_path.sh'
[0.690s] Level 1:colcon.colcon_core.environment:checking '/home/didac/exchange/Team3/ros2_ws/install/robot_bringup/bin'
[0.690s] Level 1:colcon.colcon_core.environment:checking '/home/didac/exchange/Team3/ros2_ws/install/robot_bringup/lib/pkgconfig/robot_bringup.pc'
[0.690s] Level 1:colcon.colcon_core.environment:checking '/home/didac/exchange/Team3/ros2_ws/install/robot_bringup/lib/python3.10/site-packages'
[0.690s] Level 1:colcon.colcon_core.environment:checking '/home/didac/exchange/Team3/ros2_ws/install/robot_bringup/bin'
[0.691s] INFO:colcon.colcon_core.shell:Creating package script '/home/didac/exchange/Team3/ros2_ws/install/robot_bringup/share/robot_bringup/package.ps1'
[0.691s] INFO:colcon.colcon_core.shell:Creating package descriptor '/home/didac/exchange/Team3/ros2_ws/install/robot_bringup/share/robot_bringup/package.dsv'
[0.691s] INFO:colcon.colcon_core.shell:Creating package script '/home/didac/exchange/Team3/ros2_ws/install/robot_bringup/share/robot_bringup/package.sh'
[0.692s] INFO:colcon.colcon_core.shell:Creating package script '/home/didac/exchange/Team3/ros2_ws/install/robot_bringup/share/robot_bringup/package.bash'
[0.692s] INFO:colcon.colcon_core.shell:Creating package script '/home/didac/exchange/Team3/ros2_ws/install/robot_bringup/share/robot_bringup/package.zsh'
[0.692s] Level 1:colcon.colcon_core.environment:create_file_with_runtime_dependencies(/home/didac/exchange/Team3/ros2_ws/install/robot_bringup/share/colcon-core/packages/robot_bringup)
[0.692s] Level 1:colcon.colcon_core.environment:create_environment_scripts_only(robot_bringup)
[0.693s] Level 1:colcon.colcon_core.environment:checking '/home/didac/exchange/Team3/ros2_ws/install/robot_bringup' for CMake module files
[0.693s] Level 1:colcon.colcon_core.environment:checking '/home/didac/exchange/Team3/ros2_ws/install/robot_bringup' for CMake config files
[0.693s] Level 1:colcon.colcon_core.shell:create_environment_hook('robot_bringup', 'cmake_prefix_path')
[0.693s] INFO:colcon.colcon_core.shell:Creating environment hook '/home/didac/exchange/Team3/ros2_ws/install/robot_bringup/share/robot_bringup/hook/cmake_prefix_path.ps1'
[0.693s] INFO:colcon.colcon_core.shell:Creating environment descriptor '/home/didac/exchange/Team3/ros2_ws/install/robot_bringup/share/robot_bringup/hook/cmake_prefix_path.dsv'
[0.693s] INFO:colcon.colcon_core.shell:Creating environment hook '/home/didac/exchange/Team3/ros2_ws/install/robot_bringup/share/robot_bringup/hook/cmake_prefix_path.sh'
[0.694s] Level 1:colcon.colcon_core.environment:checking '/home/didac/exchange/Team3/ros2_ws/install/robot_bringup/bin'
[0.694s] Level 1:colcon.colcon_core.environment:checking '/home/didac/exchange/Team3/ros2_ws/install/robot_bringup/lib/pkgconfig/robot_bringup.pc'
[0.694s] Level 1:colcon.colcon_core.environment:checking '/home/didac/exchange/Team3/ros2_ws/install/robot_bringup/lib/python3.10/site-packages'
[0.694s] Level 1:colcon.colcon_core.environment:checking '/home/didac/exchange/Team3/ros2_ws/install/robot_bringup/bin'
[0.694s] INFO:colcon.colcon_core.shell:Creating package script '/home/didac/exchange/Team3/ros2_ws/install/robot_bringup/share/robot_bringup/package.ps1'
[0.695s] INFO:colcon.colcon_core.shell:Creating package descriptor '/home/didac/exchange/Team3/ros2_ws/install/robot_bringup/share/robot_bringup/package.dsv'
[0.695s] INFO:colcon.colcon_core.shell:Creating package script '/home/didac/exchange/Team3/ros2_ws/install/robot_bringup/share/robot_bringup/package.sh'
[0.695s] INFO:colcon.colcon_core.shell:Creating package script '/home/didac/exchange/Team3/ros2_ws/install/robot_bringup/share/robot_bringup/package.bash'
[0.696s] INFO:colcon.colcon_core.shell:Creating package script '/home/didac/exchange/Team3/ros2_ws/install/robot_bringup/share/robot_bringup/package.zsh'
[0.696s] Level 1:colcon.colcon_core.environment:create_file_with_runtime_dependencies(/home/didac/exchange/Team3/ros2_ws/install/robot_bringup/share/colcon-core/packages/robot_bringup)
[0.755s] DEBUG:colcon.colcon_core.event_handler.log_command:Invoking command in '/home/didac/exchange/Team3/ros2_ws/build/mission_manager': PYTHONPATH=/home/didac/exchange/Team3/ros2_ws/build/mission_manager/prefix_override:/usr/lib/python3/dist-packages/colcon_core/task/python/colcon_distutils_commands:/home/didac/exchange/Team3/ros2_ws/install/mission_manager/lib/python3.10/site-packages:${PYTHONPATH} /usr/bin/python3 -W ignore:setup.py install is deprecated -W ignore:easy_install command is deprecated setup.py develop --editable --build-directory /home/didac/exchange/Team3/ros2_ws/build/mission_manager/build --no-deps symlink_data
[1.071s] Level 1:colcon.colcon_core.shell:create_environment_hook('mission_manager', 'pythonpath_develop')
[1.071s] INFO:colcon.colcon_core.shell:Creating environment hook '/home/didac/exchange/Team3/ros2_ws/build/mission_manager/share/mission_manager/hook/pythonpath_develop.ps1'
[1.072s] DEBUG:colcon.colcon_core.event_handler.log_command:Invoked command in '/home/didac/exchange/Team3/ros2_ws/build/mission_manager' returned '0': PYTHONPATH=/home/didac/exchange/Team3/ros2_ws/build/mission_manager/prefix_override:/usr/lib/python3/dist-packages/colcon_core/task/python/colcon_distutils_commands:/home/didac/exchange/Team3/ros2_ws/install/mission_manager/lib/python3.10/site-packages:${PYTHONPATH} /usr/bin/python3 -W ignore:setup.py install is deprecated -W ignore:easy_install command is deprecated setup.py develop --editable --build-directory /home/didac/exchange/Team3/ros2_ws/build/mission_manager/build --no-deps symlink_data
[1.072s] INFO:colcon.colcon_core.shell:Creating environment descriptor '/home/didac/exchange/Team3/ros2_ws/build/mission_manager/share/mission_manager/hook/pythonpath_develop.dsv'
[1.072s] INFO:colcon.colcon_core.shell:Creating environment hook '/home/didac/exchange/Team3/ros2_ws/build/mission_manager/share/mission_manager/hook/pythonpath_develop.sh'
[1.073s] Level 1:colcon.colcon_core.environment:checking '/home/didac/exchange/Team3/ros2_ws/install/mission_manager' for CMake module files
[1.073s] Level 1:colcon.colcon_core.environment:checking '/home/didac/exchange/Team3/ros2_ws/install/mission_manager' for CMake config files
[1.073s] Level 1:colcon.colcon_core.environment:checking '/home/didac/exchange/Team3/ros2_ws/install/mission_manager/lib'
[1.073s] Level 1:colcon.colcon_core.environment:checking '/home/didac/exchange/Team3/ros2_ws/install/mission_manager/bin'
[1.073s] Level 1:colcon.colcon_core.environment:checking '/home/didac/exchange/Team3/ros2_ws/install/mission_manager/lib/pkgconfig/mission_manager.pc'
[1.073s] Level 1:colcon.colcon_core.environment:checking '/home/didac/exchange/Team3/ros2_ws/install/mission_manager/lib/python3.10/site-packages'
[1.074s] Level 1:colcon.colcon_core.shell:create_environment_hook('mission_manager', 'pythonpath')
[1.074s] INFO:colcon.colcon_core.shell:Creating environment hook '/home/didac/exchange/Team3/ros2_ws/install/mission_manager/share/mission_manager/hook/pythonpath.ps1'
[1.074s] INFO:colcon.colcon_core.shell:Creating environment descriptor '/home/didac/exchange/Team3/ros2_ws/install/mission_manager/share/mission_manager/hook/pythonpath.dsv'
[1.074s] INFO:colcon.colcon_core.shell:Creating environment hook '/home/didac/exchange/Team3/ros2_ws/install/mission_manager/share/mission_manager/hook/pythonpath.sh'
[1.074s] Level 1:colcon.colcon_core.environment:checking '/home/didac/exchange/Team3/ros2_ws/install/mission_manager/bin'
[1.075s] Level 1:colcon.colcon_core.environment:create_environment_scripts_only(mission_manager)
[1.075s] INFO:colcon.colcon_core.shell:Creating package script '/home/didac/exchange/Team3/ros2_ws/install/mission_manager/share/mission_manager/package.ps1'
[1.075s] INFO:colcon.colcon_core.shell:Creating package descriptor '/home/didac/exchange/Team3/ros2_ws/install/mission_manager/share/mission_manager/package.dsv'
[1.075s] INFO:colcon.colcon_core.shell:Creating package script '/home/didac/exchange/Team3/ros2_ws/install/mission_manager/share/mission_manager/package.sh'
[1.076s] INFO:colcon.colcon_core.shell:Creating package script '/home/didac/exchange/Team3/ros2_ws/install/mission_manager/share/mission_manager/package.bash'
[1.076s] INFO:colcon.colcon_core.shell:Creating package script '/home/didac/exchange/Team3/ros2_ws/install/mission_manager/share/mission_manager/package.zsh'
[1.076s] Level 1:colcon.colcon_core.environment:create_file_with_runtime_dependencies(/home/didac/exchange/Team3/ros2_ws/install/mission_manager/share/colcon-core/packages/mission_manager)
[1.076s] DEBUG:colcon.colcon_parallel_executor.executor.parallel:closing loop
[1.076s] DEBUG:colcon.colcon_parallel_executor.executor.parallel:loop closed
[1.077s] DEBUG:colcon.colcon_parallel_executor.executor.parallel:run_until_complete finished with '0'
[1.077s] DEBUG:colcon.colcon_core.event_reactor:joining thread
[1.082s] INFO:colcon.colcon_core.plugin_system:Skipping extension 'colcon_notification.desktop_notification.terminal_notifier': Not used on non-Darwin systems
[1.082s] INFO:colcon.colcon_core.plugin_system:Skipping extension 'colcon_notification.desktop_notification.win32': Not used on non-Windows systems
[1.082s] INFO:colcon.colcon_notification.desktop_notification:Sending desktop notification using 'notify2'
[1.089s] DEBUG:colcon.colcon_core.event_reactor:joined thread
[1.090s] INFO:colcon.colcon_core.shell:Creating prefix script '/home/didac/exchange/Team3/ros2_ws/install/local_setup.ps1'
[1.091s] INFO:colcon.colcon_core.shell:Creating prefix util module '/home/didac/exchange/Team3/ros2_ws/install/_local_setup_util_ps1.py'
[1.093s] INFO:colcon.colcon_core.shell:Creating prefix chain script '/home/didac/exchange/Team3/ros2_ws/install/setup.ps1'
[1.094s] INFO:colcon.colcon_core.shell:Creating prefix script '/home/didac/exchange/Team3/ros2_ws/install/local_setup.sh'
[1.094s] INFO:colcon.colcon_core.shell:Creating prefix util module '/home/didac/exchange/Team3/ros2_ws/install/_local_setup_util_sh.py'
[1.094s] INFO:colcon.colcon_core.shell:Creating prefix chain script '/home/didac/exchange/Team3/ros2_ws/install/setup.sh'
[1.095s] INFO:colcon.colcon_core.shell:Creating prefix script '/home/didac/exchange/Team3/ros2_ws/install/local_setup.bash'
[1.095s] INFO:colcon.colcon_core.shell:Creating prefix chain script '/home/didac/exchange/Team3/ros2_ws/install/setup.bash'
[1.096s] INFO:colcon.colcon_core.shell:Creating prefix script '/home/didac/exchange/Team3/ros2_ws/install/local_setup.zsh'
[1.096s] INFO:colcon.colcon_core.shell:Creating prefix chain script '/home/didac/exchange/Team3/ros2_ws/install/setup.zsh'
