[0.225s] Invoking command in '/home/didac/exchange/Team3/ros2_ws/build/obstacle_detector': CMAKE_PREFIX_PATH=${CMAKE_PREFIX_PATH}:/home/didac/exchange/Team3/ros2_ws/install/mission_manager:/opt/ros/humble /usr/bin/cmake --build /home/didac/exchange/Team3/ros2_ws/build/obstacle_detector -- -j8 -l8
[0.275s] [100%] Built target obstacle_detector_node
[0.298s] Invoked command in '/home/didac/exchange/Team3/ros2_ws/build/obstacle_detector' returned '0': CMAKE_PREFIX_PATH=${CMAKE_PREFIX_PATH}:/home/didac/exchange/Team3/ros2_ws/install/mission_manager:/opt/ros/humble /usr/bin/cmake --build /home/didac/exchange/Team3/ros2_ws/build/obstacle_detector -- -j8 -l8
[0.299s] Invoking command in '/home/didac/exchange/Team3/ros2_ws/build/obstacle_detector': CMAKE_PREFIX_PATH=${CMAKE_PREFIX_PATH}:/home/didac/exchange/Team3/ros2_ws/install/mission_manager:/opt/ros/humble /usr/bin/cmake --install /home/didac/exchange/Team3/ros2_ws/build/obstacle_detector
[0.316s] -- Install configuration: ""
[0.316s] -- Execute custom install script
[0.316s] -- Up-to-date symlink: /home/didac/exchange/Team3/ros2_ws/install/obstacle_detector/lib/obstacle_detector/obstacle_detector_node
[0.316s] -- Up-to-date symlink: /home/didac/exchange/Team3/ros2_ws/install/obstacle_detector/include/obstacle_detector/obstacle_detector_node.hpp
[0.316s] -- Up-to-date symlink: /home/didac/exchange/Team3/ros2_ws/install/obstacle_detector/share/ament_index/resource_index/package_run_dependencies/obstacle_detector
[0.316s] -- Up-to-date symlink: /home/didac/exchange/Team3/ros2_ws/install/obstacle_detector/share/ament_index/resource_index/parent_prefix_path/obstacle_detector
[0.316s] -- Up-to-date symlink: /home/didac/exchange/Team3/ros2_ws/install/obstacle_detector/share/obstacle_detector/environment/ament_prefix_path.sh
[0.316s] -- Up-to-date symlink: /home/didac/exchange/Team3/ros2_ws/install/obstacle_detector/share/obstacle_detector/environment/ament_prefix_path.dsv
[0.316s] -- Up-to-date symlink: /home/didac/exchange/Team3/ros2_ws/install/obstacle_detector/share/obstacle_detector/environment/path.sh
[0.316s] -- Up-to-date symlink: /home/didac/exchange/Team3/ros2_ws/install/obstacle_detector/share/obstacle_detector/environment/path.dsv
[0.316s] -- Up-to-date symlink: /home/didac/exchange/Team3/ros2_ws/install/obstacle_detector/share/obstacle_detector/local_setup.bash
[0.316s] -- Up-to-date symlink: /home/didac/exchange/Team3/ros2_ws/install/obstacle_detector/share/obstacle_detector/local_setup.sh
[0.316s] -- Up-to-date symlink: /home/didac/exchange/Team3/ros2_ws/install/obstacle_detector/share/obstacle_detector/local_setup.zsh
[0.316s] -- Up-to-date symlink: /home/didac/exchange/Team3/ros2_ws/install/obstacle_detector/share/obstacle_detector/local_setup.dsv
[0.316s] -- Symlinking: /home/didac/exchange/Team3/ros2_ws/install/obstacle_detector/share/obstacle_detector/package.dsv
[0.316s] -- Up-to-date symlink: /home/didac/exchange/Team3/ros2_ws/install/obstacle_detector/share/ament_index/resource_index/packages/obstacle_detector
[0.316s] -- Up-to-date symlink: /home/didac/exchange/Team3/ros2_ws/install/obstacle_detector/share/obstacle_detector/cmake/obstacle_detectorConfig.cmake
[0.316s] -- Up-to-date symlink: /home/didac/exchange/Team3/ros2_ws/install/obstacle_detector/share/obstacle_detector/cmake/obstacle_detectorConfig-version.cmake
[0.316s] -- Up-to-date symlink: /home/didac/exchange/Team3/ros2_ws/install/obstacle_detector/share/obstacle_detector/package.xml
[0.317s] Invoked command in '/home/didac/exchange/Team3/ros2_ws/build/obstacle_detector' returned '0': CMAKE_PREFIX_PATH=${CMAKE_PREFIX_PATH}:/home/didac/exchange/Team3/ros2_ws/install/mission_manager:/opt/ros/humble /usr/bin/cmake --install /home/didac/exchange/Team3/ros2_ws/build/obstacle_detector
