[0.196s] Invoking command in '/home/didac/exchange/Team3/ros2_ws/build/robot_bringup': CMAKE_PREFIX_PATH=${CMAKE_PREFIX_PATH}:/home/didac/exchange/Team3/ros2_ws/install/mission_manager:/opt/ros/humble /usr/bin/cmake --build /home/didac/exchange/Team3/ros2_ws/build/robot_bringup -- -j8 -l8
[0.212s] -- Found ament_cmake: 1.3.14 (/opt/ros/humble/share/ament_cmake/cmake)
[0.327s] -- Override CMake install command with custom implementation using symlinks instead of copying resources
[0.375s] -- Configuring done
[0.376s] -- Generating done
[0.377s] -- Build files have been written to: /home/didac/exchange/Team3/ros2_ws/build/robot_bringup
[0.393s] Invoked command in '/home/didac/exchange/Team3/ros2_ws/build/robot_bringup' returned '0': CMAKE_PREFIX_PATH=${CMAKE_PREFIX_PATH}:/home/didac/exchange/Team3/ros2_ws/install/mission_manager:/opt/ros/humble /usr/bin/cmake --build /home/didac/exchange/Team3/ros2_ws/build/robot_bringup -- -j8 -l8
[0.395s] Invoking command in '/home/didac/exchange/Team3/ros2_ws/build/robot_bringup': CMAKE_PREFIX_PATH=${CMAKE_PREFIX_PATH}:/home/didac/exchange/Team3/ros2_ws/install/mission_manager:/opt/ros/humble /usr/bin/cmake --install /home/didac/exchange/Team3/ros2_ws/build/robot_bringup
[0.400s] -- Install configuration: ""
[0.400s] -- Execute custom install script
[0.401s] -- Symlinking: /home/didac/exchange/Team3/ros2_ws/install/robot_bringup/share/robot_bringup/launch/robot_core.launch.py
[0.410s] -- Up-to-date symlink: /home/didac/exchange/Team3/ros2_ws/install/robot_bringup/share/ament_index/resource_index/package_run_dependencies/robot_bringup
[0.411s] -- Up-to-date symlink: /home/didac/exchange/Team3/ros2_ws/install/robot_bringup/share/ament_index/resource_index/parent_prefix_path/robot_bringup
[0.411s] -- Up-to-date symlink: /home/didac/exchange/Team3/ros2_ws/install/robot_bringup/share/robot_bringup/environment/ament_prefix_path.sh
[0.411s] -- Up-to-date symlink: /home/didac/exchange/Team3/ros2_ws/install/robot_bringup/share/robot_bringup/environment/ament_prefix_path.dsv
[0.411s] -- Up-to-date symlink: /home/didac/exchange/Team3/ros2_ws/install/robot_bringup/share/robot_bringup/environment/path.sh
[0.411s] -- Up-to-date symlink: /home/didac/exchange/Team3/ros2_ws/install/robot_bringup/share/robot_bringup/environment/path.dsv
[0.411s] -- Up-to-date symlink: /home/didac/exchange/Team3/ros2_ws/install/robot_bringup/share/robot_bringup/local_setup.bash
[0.411s] -- Up-to-date symlink: /home/didac/exchange/Team3/ros2_ws/install/robot_bringup/share/robot_bringup/local_setup.sh
[0.411s] -- Up-to-date symlink: /home/didac/exchange/Team3/ros2_ws/install/robot_bringup/share/robot_bringup/local_setup.zsh
[0.412s] -- Up-to-date symlink: /home/didac/exchange/Team3/ros2_ws/install/robot_bringup/share/robot_bringup/local_setup.dsv
[0.412s] -- Symlinking: /home/didac/exchange/Team3/ros2_ws/install/robot_bringup/share/robot_bringup/package.dsv
[0.423s] -- Up-to-date symlink: /home/didac/exchange/Team3/ros2_ws/install/robot_bringup/share/ament_index/resource_index/packages/robot_bringup
[0.423s] -- Up-to-date symlink: /home/didac/exchange/Team3/ros2_ws/install/robot_bringup/share/robot_bringup/cmake/robot_bringupConfig.cmake
[0.423s] -- Up-to-date symlink: /home/didac/exchange/Team3/ros2_ws/install/robot_bringup/share/robot_bringup/cmake/robot_bringupConfig-version.cmake
[0.423s] -- Up-to-date symlink: /home/didac/exchange/Team3/ros2_ws/install/robot_bringup/share/robot_bringup/package.xml
[0.426s] Invoked command in '/home/didac/exchange/Team3/ros2_ws/build/robot_bringup' returned '0': CMAKE_PREFIX_PATH=${CMAKE_PREFIX_PATH}:/home/didac/exchange/Team3/ros2_ws/install/mission_manager:/opt/ros/humble /usr/bin/cmake --install /home/didac/exchange/Team3/ros2_ws/build/robot_bringup
