[0.197s] Invoking command in '/home/didac/exchange/Team3/ros2_ws/build/zenoh_bridge': CMAKE_PREFIX_PATH=${CMAKE_PREFIX_PATH}:/home/didac/exchange/Team3/ros2_ws/install/mission_manager:/opt/ros/humble /usr/bin/cmake --build /home/didac/exchange/Team3/ros2_ws/build/zenoh_bridge -- -j8 -l8
[0.253s] [100%] Built target zenoh_bridge_node
[0.263s] Invoked command in '/home/didac/exchange/Team3/ros2_ws/build/zenoh_bridge' returned '0': CMAKE_PREFIX_PATH=${CMAKE_PREFIX_PATH}:/home/didac/exchange/Team3/ros2_ws/install/mission_manager:/opt/ros/humble /usr/bin/cmake --build /home/didac/exchange/Team3/ros2_ws/build/zenoh_bridge -- -j8 -l8
[0.266s] Invoking command in '/home/didac/exchange/Team3/ros2_ws/build/zenoh_bridge': CMAKE_PREFIX_PATH=${CMAKE_PREFIX_PATH}:/home/didac/exchange/Team3/ros2_ws/install/mission_manager:/opt/ros/humble /usr/bin/cmake --install /home/didac/exchange/Team3/ros2_ws/build/zenoh_bridge
[0.275s] -- Install configuration: ""
[0.275s] -- Execute custom install script
[0.276s] -- Up-to-date symlink: /home/didac/exchange/Team3/ros2_ws/install/zenoh_bridge/lib/zenoh_bridge/zenoh_bridge_node
[0.276s] -- Up-to-date symlink: /home/didac/exchange/Team3/ros2_ws/install/zenoh_bridge/include/zenoh_bridge/zenoh_bridge_node.hpp
[0.276s] -- Up-to-date symlink: /home/didac/exchange/Team3/ros2_ws/install/zenoh_bridge/share/ament_index/resource_index/package_run_dependencies/zenoh_bridge
[0.276s] -- Up-to-date symlink: /home/didac/exchange/Team3/ros2_ws/install/zenoh_bridge/share/ament_index/resource_index/parent_prefix_path/zenoh_bridge
[0.276s] -- Up-to-date symlink: /home/didac/exchange/Team3/ros2_ws/install/zenoh_bridge/share/zenoh_bridge/environment/ament_prefix_path.sh
[0.277s] -- Up-to-date symlink: /home/didac/exchange/Team3/ros2_ws/install/zenoh_bridge/share/zenoh_bridge/environment/ament_prefix_path.dsv
[0.277s] -- Up-to-date symlink: /home/didac/exchange/Team3/ros2_ws/install/zenoh_bridge/share/zenoh_bridge/environment/path.sh
[0.277s] -- Up-to-date symlink: /home/didac/exchange/Team3/ros2_ws/install/zenoh_bridge/share/zenoh_bridge/environment/path.dsv
[0.277s] -- Up-to-date symlink: /home/didac/exchange/Team3/ros2_ws/install/zenoh_bridge/share/zenoh_bridge/local_setup.bash
[0.277s] -- Up-to-date symlink: /home/didac/exchange/Team3/ros2_ws/install/zenoh_bridge/share/zenoh_bridge/local_setup.sh
[0.277s] -- Up-to-date symlink: /home/didac/exchange/Team3/ros2_ws/install/zenoh_bridge/share/zenoh_bridge/local_setup.zsh
[0.277s] -- Up-to-date symlink: /home/didac/exchange/Team3/ros2_ws/install/zenoh_bridge/share/zenoh_bridge/local_setup.dsv
[0.277s] -- Symlinking: /home/didac/exchange/Team3/ros2_ws/install/zenoh_bridge/share/zenoh_bridge/package.dsv
[0.290s] -- Up-to-date symlink: /home/didac/exchange/Team3/ros2_ws/install/zenoh_bridge/share/ament_index/resource_index/packages/zenoh_bridge
[0.290s] -- Up-to-date symlink: /home/didac/exchange/Team3/ros2_ws/install/zenoh_bridge/share/zenoh_bridge/cmake/zenoh_bridgeConfig.cmake
[0.290s] -- Up-to-date symlink: /home/didac/exchange/Team3/ros2_ws/install/zenoh_bridge/share/zenoh_bridge/cmake/zenoh_bridgeConfig-version.cmake
[0.290s] -- Up-to-date symlink: /home/didac/exchange/Team3/ros2_ws/install/zenoh_bridge/share/zenoh_bridge/package.xml
[0.295s] Invoked command in '/home/didac/exchange/Team3/ros2_ws/build/zenoh_bridge' returned '0': CMAKE_PREFIX_PATH=${CMAKE_PREFIX_PATH}:/home/didac/exchange/Team3/ros2_ws/install/mission_manager:/opt/ros/humble /usr/bin/cmake --install /home/didac/exchange/Team3/ros2_ws/build/zenoh_bridge
