[0.023s] Invoking command in '/home/didac/exchange/Team3/ros2_ws/build/controller_pkg': CMAKE_PREFIX_PATH=${CMAKE_PREFIX_PATH}:/home/didac/exchange/Team3/ros2_ws/install/mission_manager:/opt/ros/humble /usr/bin/cmake /home/didac/exchange/Team3/ros2_ws/src/controller_pkg -DAMENT_CMAKE_SYMLINK_INSTALL=1 -DCMAKE_INSTALL_PREFIX=/home/didac/exchange/Team3/ros2_ws/install/controller_pkg
[0.269s] -- The C compiler identification is GNU 11.4.0
[0.269s] -- The CXX compiler identification is GNU 11.4.0
[0.269s] -- Detecting C compiler ABI info
[0.269s] -- Detecting C compiler ABI info - done
[0.269s] -- Check for working C compiler: /usr/bin/cc - skipped
[0.269s] -- Detecting C compile features
[0.270s] -- Detecting C compile features - done
[0.270s] -- Detecting CXX compiler ABI info
[0.282s] -- Detecting CXX compiler ABI info - done
[0.290s] -- Check for working CXX compiler: /usr/bin/c++ - skipped
[0.290s] -- Detecting CXX compile features
[0.292s] -- Detecting CXX compile features - done
[0.293s] -- Found ament_cmake: 1.3.14 (/opt/ros/humble/share/ament_cmake/cmake)
[0.497s] -- Found Python3: /usr/bin/python3 (found version "3.10.12") found components: Interpreter 
[0.623s] -- Override CMake install command with custom implementation using symlinks instead of copying resources
[0.674s] -- Found rclcpp: 16.0.19 (/opt/ros/humble/share/rclcpp/cmake)
[0.730s] -- Found rosidl_generator_c: 3.1.8 (/opt/ros/humble/share/rosidl_generator_c/cmake)
[0.737s] -- Found rosidl_adapter: 3.1.8 (/opt/ros/humble/share/rosidl_adapter/cmake)
[0.751s] -- Found rosidl_generator_cpp: 3.1.8 (/opt/ros/humble/share/rosidl_generator_cpp/cmake)
[0.766s] -- Using all available rosidl_typesupport_c: rosidl_typesupport_fastrtps_c;rosidl_typesupport_introspection_c
[0.786s] -- Using all available rosidl_typesupport_cpp: rosidl_typesupport_fastrtps_cpp;rosidl_typesupport_introspection_cpp
[0.849s] -- Found rmw_implementation_cmake: 6.1.2 (/opt/ros/humble/share/rmw_implementation_cmake/cmake)
[0.854s] -- Found rmw_fastrtps_cpp: 6.2.10 (/opt/ros/humble/share/rmw_fastrtps_cpp/cmake)
[1.002s] -- Found OpenSSL: /usr/lib/x86_64-linux-gnu/libcrypto.so (found version "3.0.2")  
[1.046s] -- Found FastRTPS: /opt/ros/humble/include  
[1.130s] -- Using RMW implementation 'rmw_fastrtps_cpp' as default
[1.138s] -- Looking for pthread.h
[1.361s] -- Looking for pthread.h - found
[1.364s] -- Performing Test CMAKE_HAVE_LIBC_PTHREAD
[1.552s] -- Performing Test CMAKE_HAVE_LIBC_PTHREAD - Success
[1.553s] -- Found Threads: TRUE  
[1.639s] -- Found rclcpp_action: 16.0.19 (/opt/ros/humble/share/rclcpp_action/cmake)
[1.702s] -- Found geometry_msgs: 4.9.1 (/opt/ros/humble/share/geometry_msgs/cmake)
[1.721s] -- Found nav_msgs: 4.9.1 (/opt/ros/humble/share/nav_msgs/cmake)
[1.748s] -- Found nav2_msgs: 1.1.20 (/opt/ros/humble/share/nav2_msgs/cmake)
[1.783s] -- Found tf2: 0.25.20 (/opt/ros/humble/share/tf2/cmake)
[1.794s] -- Found tf2_geometry_msgs: 0.25.20 (/opt/ros/humble/share/tf2_geometry_msgs/cmake)
[1.814s] -- Found eigen3_cmake_module: 0.1.1 (/opt/ros/humble/share/eigen3_cmake_module/cmake)
[1.820s] -- Found Eigen3: TRUE (found version "3.4.0") 
[1.820s] -- Ensuring Eigen3 include directory is part of orocos-kdl CMake target
[1.982s] -- Configuring done
[1.999s] -- Generating done
[2.006s] -- Build files have been written to: /home/didac/exchange/Team3/ros2_ws/build/controller_pkg
[2.021s] Invoked command in '/home/didac/exchange/Team3/ros2_ws/build/controller_pkg' returned '0': CMAKE_PREFIX_PATH=${CMAKE_PREFIX_PATH}:/home/didac/exchange/Team3/ros2_ws/install/mission_manager:/opt/ros/humble /usr/bin/cmake /home/didac/exchange/Team3/ros2_ws/src/controller_pkg -DAMENT_CMAKE_SYMLINK_INSTALL=1 -DCMAKE_INSTALL_PREFIX=/home/didac/exchange/Team3/ros2_ws/install/controller_pkg
[2.023s] Invoking command in '/home/didac/exchange/Team3/ros2_ws/build/controller_pkg': CMAKE_PREFIX_PATH=${CMAKE_PREFIX_PATH}:/home/didac/exchange/Team3/ros2_ws/install/mission_manager:/opt/ros/humble /usr/bin/cmake --build /home/didac/exchange/Team3/ros2_ws/build/controller_pkg -- -j8 -l8
[2.125s] [ 50%] [32mBuilding CXX object CMakeFiles/controller_node.dir/src/controller_node.cpp.o[0m
[14.432s] [100%] [32m[1mLinking CXX executable controller_node[0m
[15.037s] [100%] Built target controller_node
[15.045s] Invoked command in '/home/didac/exchange/Team3/ros2_ws/build/controller_pkg' returned '0': CMAKE_PREFIX_PATH=${CMAKE_PREFIX_PATH}:/home/didac/exchange/Team3/ros2_ws/install/mission_manager:/opt/ros/humble /usr/bin/cmake --build /home/didac/exchange/Team3/ros2_ws/build/controller_pkg -- -j8 -l8
[15.046s] Invoking command in '/home/didac/exchange/Team3/ros2_ws/build/controller_pkg': CMAKE_PREFIX_PATH=${CMAKE_PREFIX_PATH}:/home/didac/exchange/Team3/ros2_ws/install/mission_manager:/opt/ros/humble /usr/bin/cmake --install /home/didac/exchange/Team3/ros2_ws/build/controller_pkg
[15.052s] -- Install configuration: ""
[15.052s] -- Execute custom install script
[15.052s] -- Up-to-date symlink: /home/didac/exchange/Team3/ros2_ws/install/controller_pkg/lib/controller_pkg/controller_node
[15.052s] -- Up-to-date symlink: /home/didac/exchange/Team3/ros2_ws/install/controller_pkg/include/controller_pkg/controller_node.hpp
[15.052s] -- Up-to-date symlink: /home/didac/exchange/Team3/ros2_ws/install/controller_pkg/share/ament_index/resource_index/package_run_dependencies/controller_pkg
[15.053s] -- Up-to-date symlink: /home/didac/exchange/Team3/ros2_ws/install/controller_pkg/share/ament_index/resource_index/parent_prefix_path/controller_pkg
[15.053s] -- Up-to-date symlink: /home/didac/exchange/Team3/ros2_ws/install/controller_pkg/share/controller_pkg/environment/ament_prefix_path.sh
[15.053s] -- Up-to-date symlink: /home/didac/exchange/Team3/ros2_ws/install/controller_pkg/share/controller_pkg/environment/ament_prefix_path.dsv
[15.053s] -- Up-to-date symlink: /home/didac/exchange/Team3/ros2_ws/install/controller_pkg/share/controller_pkg/environment/path.sh
[15.053s] -- Up-to-date symlink: /home/didac/exchange/Team3/ros2_ws/install/controller_pkg/share/controller_pkg/environment/path.dsv
[15.053s] -- Up-to-date symlink: /home/didac/exchange/Team3/ros2_ws/install/controller_pkg/share/controller_pkg/local_setup.bash
[15.053s] -- Up-to-date symlink: /home/didac/exchange/Team3/ros2_ws/install/controller_pkg/share/controller_pkg/local_setup.sh
[15.053s] -- Up-to-date symlink: /home/didac/exchange/Team3/ros2_ws/install/controller_pkg/share/controller_pkg/local_setup.zsh
[15.053s] -- Up-to-date symlink: /home/didac/exchange/Team3/ros2_ws/install/controller_pkg/share/controller_pkg/local_setup.dsv
[15.053s] -- Symlinking: /home/didac/exchange/Team3/ros2_ws/install/controller_pkg/share/controller_pkg/package.dsv
[15.061s] -- Up-to-date symlink: /home/didac/exchange/Team3/ros2_ws/install/controller_pkg/share/ament_index/resource_index/packages/controller_pkg
[15.061s] -- Up-to-date symlink: /home/didac/exchange/Team3/ros2_ws/install/controller_pkg/share/controller_pkg/cmake/controller_pkgConfig.cmake
[15.061s] -- Up-to-date symlink: /home/didac/exchange/Team3/ros2_ws/install/controller_pkg/share/controller_pkg/cmake/controller_pkgConfig-version.cmake
[15.061s] -- Up-to-date symlink: /home/didac/exchange/Team3/ros2_ws/install/controller_pkg/share/controller_pkg/package.xml
[15.063s] Invoked command in '/home/didac/exchange/Team3/ros2_ws/build/controller_pkg' returned '0': CMAKE_PREFIX_PATH=${CMAKE_PREFIX_PATH}:/home/didac/exchange/Team3/ros2_ws/install/mission_manager:/opt/ros/humble /usr/bin/cmake --install /home/didac/exchange/Team3/ros2_ws/build/controller_pkg
