-- The C compiler identification is GNU 11.4.0
-- The CXX compiler identification is GNU 11.4.0
-- Detecting C compiler ABI info
-- Detecting C compiler ABI info - done
-- Check for working C compiler: /usr/bin/cc - skipped
-- Detecting C compile features
-- Detecting C compile features - done
-- Detecting CXX compiler ABI info
-- Detecting CXX compiler ABI info - done
-- Check for working CXX compiler: /usr/bin/c++ - skipped
-- Detecting CXX compile features
-- Detecting CXX compile features - done
-- Found ament_cmake: 1.3.14 (/opt/ros/humble/share/ament_cmake/cmake)
-- Found Python3: /usr/bin/python3 (found version "3.10.12") found components: Interpreter 
-- Override CMake install command with custom implementation using symlinks instead of copying resources
-- Found rclcpp: 16.0.19 (/opt/ros/humble/share/rclcpp/cmake)
-- Found rosidl_generator_c: 3.1.8 (/opt/ros/humble/share/rosidl_generator_c/cmake)
-- Found rosidl_adapter: 3.1.8 (/opt/ros/humble/share/rosidl_adapter/cmake)
-- Found rosidl_generator_cpp: 3.1.8 (/opt/ros/humble/share/rosidl_generator_cpp/cmake)
-- Using all available rosidl_typesupport_c: rosidl_typesupport_fastrtps_c;rosidl_typesupport_introspection_c
-- Using all available rosidl_typesupport_cpp: rosidl_typesupport_fastrtps_cpp;rosidl_typesupport_introspection_cpp
-- Found rmw_implementation_cmake: 6.1.2 (/opt/ros/humble/share/rmw_implementation_cmake/cmake)
-- Found rmw_fastrtps_cpp: 6.2.10 (/opt/ros/humble/share/rmw_fastrtps_cpp/cmake)
-- Found OpenSSL: /usr/lib/x86_64-linux-gnu/libcrypto.so (found version "3.0.2")  
-- Found FastRTPS: /opt/ros/humble/include  
-- Using RMW implementation 'rmw_fastrtps_cpp' as default
-- Looking for pthread.h
-- Looking for pthread.h - found
-- Performing Test CMAKE_HAVE_LIBC_PTHREAD
-- Performing Test CMAKE_HAVE_LIBC_PTHREAD - Success
-- Found Threads: TRUE  
-- Found nav_msgs: 4.9.1 (/opt/ros/humble/share/nav_msgs/cmake)
-- Found sensor_msgs: 4.9.1 (/opt/ros/humble/share/sensor_msgs/cmake)
-- Found tf2: 0.25.20 (/opt/ros/humble/share/tf2/cmake)
-- Found tf2_geometry_msgs: 0.25.20 (/opt/ros/humble/share/tf2_geometry_msgs/cmake)
-- Found eigen3_cmake_module: 0.1.1 (/opt/ros/humble/share/eigen3_cmake_module/cmake)
-- Found Eigen3: TRUE (found version "3.4.0") 
-- Ensuring Eigen3 include directory is part of orocos-kdl CMake target
-- Configuring done
-- Generating done
-- Build files have been written to: /home/didac/exchange/Team3/ros2_ws/build/zenoh_bridge
[ 50%] [32mBuilding CXX object CMakeFiles/zenoh_bridge_node.dir/src/zenoh_bridge_node.cpp.o[0m
[100%] [32m[1mLinking CXX executable zenoh_bridge_node[0m
[100%] Built target zenoh_bridge_node
-- Install configuration: ""
-- Execute custom install script
-- Up-to-date symlink: /home/didac/exchange/Team3/ros2_ws/install/zenoh_bridge/lib/zenoh_bridge/zenoh_bridge_node
-- Up-to-date symlink: /home/didac/exchange/Team3/ros2_ws/install/zenoh_bridge/include/zenoh_bridge/zenoh_bridge_node.hpp
-- Up-to-date symlink: /home/didac/exchange/Team3/ros2_ws/install/zenoh_bridge/share/ament_index/resource_index/package_run_dependencies/zenoh_bridge
-- Up-to-date symlink: /home/didac/exchange/Team3/ros2_ws/install/zenoh_bridge/share/ament_index/resource_index/parent_prefix_path/zenoh_bridge
-- Up-to-date symlink: /home/didac/exchange/Team3/ros2_ws/install/zenoh_bridge/share/zenoh_bridge/environment/ament_prefix_path.sh
-- Up-to-date symlink: /home/didac/exchange/Team3/ros2_ws/install/zenoh_bridge/share/zenoh_bridge/environment/ament_prefix_path.dsv
-- Up-to-date symlink: /home/didac/exchange/Team3/ros2_ws/install/zenoh_bridge/share/zenoh_bridge/environment/path.sh
-- Up-to-date symlink: /home/didac/exchange/Team3/ros2_ws/install/zenoh_bridge/share/zenoh_bridge/environment/path.dsv
-- Up-to-date symlink: /home/didac/exchange/Team3/ros2_ws/install/zenoh_bridge/share/zenoh_bridge/local_setup.bash
-- Up-to-date symlink: /home/didac/exchange/Team3/ros2_ws/install/zenoh_bridge/share/zenoh_bridge/local_setup.sh
-- Up-to-date symlink: /home/didac/exchange/Team3/ros2_ws/install/zenoh_bridge/share/zenoh_bridge/local_setup.zsh
-- Up-to-date symlink: /home/didac/exchange/Team3/ros2_ws/install/zenoh_bridge/share/zenoh_bridge/local_setup.dsv
-- Symlinking: /home/didac/exchange/Team3/ros2_ws/install/zenoh_bridge/share/zenoh_bridge/package.dsv
-- Up-to-date symlink: /home/didac/exchange/Team3/ros2_ws/install/zenoh_bridge/share/ament_index/resource_index/packages/zenoh_bridge
-- Up-to-date symlink: /home/didac/exchange/Team3/ros2_ws/install/zenoh_bridge/share/zenoh_bridge/cmake/zenoh_bridgeConfig.cmake
-- Up-to-date symlink: /home/didac/exchange/Team3/ros2_ws/install/zenoh_bridge/share/zenoh_bridge/cmake/zenoh_bridgeConfig-version.cmake
-- Up-to-date symlink: /home/didac/exchange/Team3/ros2_ws/install/zenoh_bridge/share/zenoh_bridge/package.xml
