[0.257s] Invoking command in '/home/didac/exchange/Team3/ros2_ws/build/zenoh_bridge': CMAKE_PREFIX_PATH=${CMAKE_PREFIX_PATH}:/home/didac/exchange/Team3/ros2_ws/install/mission_manager:/opt/ros/humble /usr/bin/cmake /home/didac/exchange/Team3/ros2_ws/src/zenoh_bridge -DAMENT_CMAKE_SYMLINK_INSTALL=1 -DCMAKE_INSTALL_PREFIX=/home/didac/exchange/Team3/ros2_ws/install/zenoh_bridge
[0.320s] -- The C compiler identification is GNU 11.4.0
[0.395s] -- The CXX compiler identification is GNU 11.4.0
[0.410s] -- Detecting C compiler ABI info
[0.532s] -- Detecting C compiler ABI info - done
[0.546s] -- Check for working C compiler: /usr/bin/cc - skipped
[0.546s] -- Detecting C compile features
[0.546s] -- Detecting C compile features - done
[0.552s] -- Detecting CXX compiler ABI info
[0.705s] -- Detecting CXX compiler ABI info - done
[0.719s] -- Check for working CXX compiler: /usr/bin/c++ - skipped
[0.719s] -- Detecting CXX compile features
[0.720s] -- Detecting CXX compile features - done
[0.723s] -- Found ament_cmake: 1.3.14 (/opt/ros/humble/share/ament_cmake/cmake)
[0.941s] -- Found Python3: /usr/bin/python3 (found version "3.10.12") found components: Interpreter 
[1.043s] -- Override CMake install command with custom implementation using symlinks instead of copying resources
[1.087s] -- Found rclcpp: 16.0.19 (/opt/ros/humble/share/rclcpp/cmake)
[1.146s] -- Found rosidl_generator_c: 3.1.8 (/opt/ros/humble/share/rosidl_generator_c/cmake)
[1.154s] -- Found rosidl_adapter: 3.1.8 (/opt/ros/humble/share/rosidl_adapter/cmake)
[1.164s] -- Found rosidl_generator_cpp: 3.1.8 (/opt/ros/humble/share/rosidl_generator_cpp/cmake)
[1.186s] -- Using all available rosidl_typesupport_c: rosidl_typesupport_fastrtps_c;rosidl_typesupport_introspection_c
[1.221s] -- Using all available rosidl_typesupport_cpp: rosidl_typesupport_fastrtps_cpp;rosidl_typesupport_introspection_cpp
[1.289s] -- Found rmw_implementation_cmake: 6.1.2 (/opt/ros/humble/share/rmw_implementation_cmake/cmake)
[1.294s] -- Found rmw_fastrtps_cpp: 6.2.10 (/opt/ros/humble/share/rmw_fastrtps_cpp/cmake)
[1.509s] -- Found OpenSSL: /usr/lib/x86_64-linux-gnu/libcrypto.so (found version "3.0.2")  
[1.595s] -- Found FastRTPS: /opt/ros/humble/include  
[1.683s] -- Using RMW implementation 'rmw_fastrtps_cpp' as default
[1.697s] -- Looking for pthread.h
[1.828s] -- Looking for pthread.h - found
[1.829s] -- Performing Test CMAKE_HAVE_LIBC_PTHREAD
[1.952s] -- Performing Test CMAKE_HAVE_LIBC_PTHREAD - Success
[1.955s] -- Found Threads: TRUE  
[2.026s] -- Found nav_msgs: 4.9.1 (/opt/ros/humble/share/nav_msgs/cmake)
[2.086s] -- Found sensor_msgs: 4.9.1 (/opt/ros/humble/share/sensor_msgs/cmake)
[2.113s] -- Found tf2: 0.25.20 (/opt/ros/humble/share/tf2/cmake)
[2.149s] -- Found tf2_geometry_msgs: 0.25.20 (/opt/ros/humble/share/tf2_geometry_msgs/cmake)
[2.190s] -- Found eigen3_cmake_module: 0.1.1 (/opt/ros/humble/share/eigen3_cmake_module/cmake)
[2.190s] -- Found Eigen3: TRUE (found version "3.4.0") 
[2.190s] -- Ensuring Eigen3 include directory is part of orocos-kdl CMake target
[2.501s] -- Configuring done
[2.545s] -- Generating done
[2.564s] -- Build files have been written to: /home/didac/exchange/Team3/ros2_ws/build/zenoh_bridge
[2.604s] Invoked command in '/home/didac/exchange/Team3/ros2_ws/build/zenoh_bridge' returned '0': CMAKE_PREFIX_PATH=${CMAKE_PREFIX_PATH}:/home/didac/exchange/Team3/ros2_ws/install/mission_manager:/opt/ros/humble /usr/bin/cmake /home/didac/exchange/Team3/ros2_ws/src/zenoh_bridge -DAMENT_CMAKE_SYMLINK_INSTALL=1 -DCMAKE_INSTALL_PREFIX=/home/didac/exchange/Team3/ros2_ws/install/zenoh_bridge
[2.607s] Invoking command in '/home/didac/exchange/Team3/ros2_ws/build/zenoh_bridge': CMAKE_PREFIX_PATH=${CMAKE_PREFIX_PATH}:/home/didac/exchange/Team3/ros2_ws/install/mission_manager:/opt/ros/humble /usr/bin/cmake --build /home/didac/exchange/Team3/ros2_ws/build/zenoh_bridge -- -j8 -l8
[2.767s] [ 50%] [32mBuilding CXX object CMakeFiles/zenoh_bridge_node.dir/src/zenoh_bridge_node.cpp.o[0m
[11.440s] [100%] [32m[1mLinking CXX executable zenoh_bridge_node[0m
[12.010s] [100%] Built target zenoh_bridge_node
[12.020s] Invoked command in '/home/didac/exchange/Team3/ros2_ws/build/zenoh_bridge' returned '0': CMAKE_PREFIX_PATH=${CMAKE_PREFIX_PATH}:/home/didac/exchange/Team3/ros2_ws/install/mission_manager:/opt/ros/humble /usr/bin/cmake --build /home/didac/exchange/Team3/ros2_ws/build/zenoh_bridge -- -j8 -l8
[12.020s] Invoking command in '/home/didac/exchange/Team3/ros2_ws/build/zenoh_bridge': CMAKE_PREFIX_PATH=${CMAKE_PREFIX_PATH}:/home/didac/exchange/Team3/ros2_ws/install/mission_manager:/opt/ros/humble /usr/bin/cmake --install /home/didac/exchange/Team3/ros2_ws/build/zenoh_bridge
[12.027s] -- Install configuration: ""
[12.027s] -- Execute custom install script
[12.027s] -- Up-to-date symlink: /home/didac/exchange/Team3/ros2_ws/install/zenoh_bridge/lib/zenoh_bridge/zenoh_bridge_node
[12.027s] -- Up-to-date symlink: /home/didac/exchange/Team3/ros2_ws/install/zenoh_bridge/include/zenoh_bridge/zenoh_bridge_node.hpp
[12.027s] -- Up-to-date symlink: /home/didac/exchange/Team3/ros2_ws/install/zenoh_bridge/share/ament_index/resource_index/package_run_dependencies/zenoh_bridge
[12.028s] -- Up-to-date symlink: /home/didac/exchange/Team3/ros2_ws/install/zenoh_bridge/share/ament_index/resource_index/parent_prefix_path/zenoh_bridge
[12.028s] -- Up-to-date symlink: /home/didac/exchange/Team3/ros2_ws/install/zenoh_bridge/share/zenoh_bridge/environment/ament_prefix_path.sh
[12.028s] -- Up-to-date symlink: /home/didac/exchange/Team3/ros2_ws/install/zenoh_bridge/share/zenoh_bridge/environment/ament_prefix_path.dsv
[12.028s] -- Up-to-date symlink: /home/didac/exchange/Team3/ros2_ws/install/zenoh_bridge/share/zenoh_bridge/environment/path.sh
[12.028s] -- Up-to-date symlink: /home/didac/exchange/Team3/ros2_ws/install/zenoh_bridge/share/zenoh_bridge/environment/path.dsv
[12.028s] -- Up-to-date symlink: /home/didac/exchange/Team3/ros2_ws/install/zenoh_bridge/share/zenoh_bridge/local_setup.bash
[12.028s] -- Up-to-date symlink: /home/didac/exchange/Team3/ros2_ws/install/zenoh_bridge/share/zenoh_bridge/local_setup.sh
[12.028s] -- Up-to-date symlink: /home/didac/exchange/Team3/ros2_ws/install/zenoh_bridge/share/zenoh_bridge/local_setup.zsh
[12.028s] -- Up-to-date symlink: /home/didac/exchange/Team3/ros2_ws/install/zenoh_bridge/share/zenoh_bridge/local_setup.dsv
[12.028s] -- Symlinking: /home/didac/exchange/Team3/ros2_ws/install/zenoh_bridge/share/zenoh_bridge/package.dsv
[12.036s] -- Up-to-date symlink: /home/didac/exchange/Team3/ros2_ws/install/zenoh_bridge/share/ament_index/resource_index/packages/zenoh_bridge
[12.036s] -- Up-to-date symlink: /home/didac/exchange/Team3/ros2_ws/install/zenoh_bridge/share/zenoh_bridge/cmake/zenoh_bridgeConfig.cmake
[12.036s] -- Up-to-date symlink: /home/didac/exchange/Team3/ros2_ws/install/zenoh_bridge/share/zenoh_bridge/cmake/zenoh_bridgeConfig-version.cmake
[12.036s] -- Up-to-date symlink: /home/didac/exchange/Team3/ros2_ws/install/zenoh_bridge/share/zenoh_bridge/package.xml
[12.038s] Invoked command in '/home/didac/exchange/Team3/ros2_ws/build/zenoh_bridge' returned '0': CMAKE_PREFIX_PATH=${CMAKE_PREFIX_PATH}:/home/didac/exchange/Team3/ros2_ws/install/mission_manager:/opt/ros/humble /usr/bin/cmake --install /home/didac/exchange/Team3/ros2_ws/build/zenoh_bridge
