[0.020s] Invoking command in '/home/didac/exchange/Team3/ros2_ws/build/controller_pkg': CMAKE_PREFIX_PATH=${CMAKE_PREFIX_PATH}:/home/didac/exchange/Team3/ros2_ws/install/mission_manager:/opt/ros/humble /usr/bin/cmake --build /home/didac/exchange/Team3/ros2_ws/build/controller_pkg -- -j8 -l8
[0.214s] [35m[1mConsolidate compiler generated dependencies of target controller_node[0m
[0.214s] [100%] Built target controller_node
[0.217s] Invoked command in '/home/didac/exchange/Team3/ros2_ws/build/controller_pkg' returned '0': CMAKE_PREFIX_PATH=${CMAKE_PREFIX_PATH}:/home/didac/exchange/Team3/ros2_ws/install/mission_manager:/opt/ros/humble /usr/bin/cmake --build /home/didac/exchange/Team3/ros2_ws/build/controller_pkg -- -j8 -l8
[0.224s] Invoking command in '/home/didac/exchange/Team3/ros2_ws/build/controller_pkg': CMAKE_PREFIX_PATH=${CMAKE_PREFIX_PATH}:/home/didac/exchange/Team3/ros2_ws/install/mission_manager:/opt/ros/humble /usr/bin/cmake --install /home/didac/exchange/Team3/ros2_ws/build/controller_pkg
[0.236s] -- Install configuration: ""
[0.236s] -- Execute custom install script
[0.236s] -- Up-to-date symlink: /home/didac/exchange/Team3/ros2_ws/install/controller_pkg/lib/controller_pkg/controller_node
[0.236s] -- Up-to-date symlink: /home/didac/exchange/Team3/ros2_ws/install/controller_pkg/include/controller_pkg/controller_node.hpp
[0.236s] -- Up-to-date symlink: /home/didac/exchange/Team3/ros2_ws/install/controller_pkg/share/ament_index/resource_index/package_run_dependencies/controller_pkg
[0.236s] -- Up-to-date symlink: /home/didac/exchange/Team3/ros2_ws/install/controller_pkg/share/ament_index/resource_index/parent_prefix_path/controller_pkg
[0.236s] -- Up-to-date symlink: /home/didac/exchange/Team3/ros2_ws/install/controller_pkg/share/controller_pkg/environment/ament_prefix_path.sh
[0.236s] -- Up-to-date symlink: /home/didac/exchange/Team3/ros2_ws/install/controller_pkg/share/controller_pkg/environment/ament_prefix_path.dsv
[0.236s] -- Up-to-date symlink: /home/didac/exchange/Team3/ros2_ws/install/controller_pkg/share/controller_pkg/environment/path.sh
[0.237s] -- Up-to-date symlink: /home/didac/exchange/Team3/ros2_ws/install/controller_pkg/share/controller_pkg/environment/path.dsv
[0.237s] -- Up-to-date symlink: /home/didac/exchange/Team3/ros2_ws/install/controller_pkg/share/controller_pkg/local_setup.bash
[0.237s] -- Up-to-date symlink: /home/didac/exchange/Team3/ros2_ws/install/controller_pkg/share/controller_pkg/local_setup.sh
[0.237s] -- Up-to-date symlink: /home/didac/exchange/Team3/ros2_ws/install/controller_pkg/share/controller_pkg/local_setup.zsh
[0.237s] -- Up-to-date symlink: /home/didac/exchange/Team3/ros2_ws/install/controller_pkg/share/controller_pkg/local_setup.dsv
[0.237s] -- Symlinking: /home/didac/exchange/Team3/ros2_ws/install/controller_pkg/share/controller_pkg/package.dsv
[0.256s] -- Up-to-date symlink: /home/didac/exchange/Team3/ros2_ws/install/controller_pkg/share/ament_index/resource_index/packages/controller_pkg
[0.256s] -- Up-to-date symlink: /home/didac/exchange/Team3/ros2_ws/install/controller_pkg/share/controller_pkg/cmake/controller_pkgConfig.cmake
[0.256s] -- Up-to-date symlink: /home/didac/exchange/Team3/ros2_ws/install/controller_pkg/share/controller_pkg/cmake/controller_pkgConfig-version.cmake
[0.256s] -- Up-to-date symlink: /home/didac/exchange/Team3/ros2_ws/install/controller_pkg/share/controller_pkg/package.xml
[0.258s] Invoked command in '/home/didac/exchange/Team3/ros2_ws/build/controller_pkg' returned '0': CMAKE_PREFIX_PATH=${CMAKE_PREFIX_PATH}:/home/didac/exchange/Team3/ros2_ws/install/mission_manager:/opt/ros/humble /usr/bin/cmake --install /home/didac/exchange/Team3/ros2_ws/build/controller_pkg
