[0.126s] DEBUG:colcon:Command line arguments: ['/usr/bin/colcon', 'build', '--symlink-install']
[0.126s] DEBUG:colcon:Parsed command line arguments: Namespace(log_base=None, log_level=None, verb_name='build', build_base='build', install_base='install', merge_install=False, symlink_install=True, test_result_base=None, continue_on_error=False, executor='parallel', parallel_workers=8, event_handlers=None, ignore_user_meta=False, metas=['./colcon.meta'], base_paths=['.'], packages_ignore=None, packages_ignore_regex=None, paths=None, packages_up_to=None, packages_up_to_regex=None, packages_above=None, packages_above_and_dependencies=None, packages_above_depth=None, packages_select_by_dep=None, packages_skip_by_dep=None, packages_skip_up_to=None, packages_select_build_failed=False, packages_skip_build_finished=False, packages_select_test_failures=False, packages_skip_test_passed=False, packages_select=None, packages_skip=None, packages_select_regex=None, packages_skip_regex=None, packages_start=None, packages_end=None, allow_overriding=[], cmake_args=None, cmake_target=None, cmake_target_skip_unavailable=False, cmake_clean_cache=False, cmake_clean_first=False, cmake_force_configure=False, ament_cmake_args=None, catkin_cmake_args=None, catkin_skip_building_tests=False, mixin_files=None, mixin=None, verb_parser=<colcon_mixin.mixin.mixin_argument.MixinArgumentDecorator object at 0x7450e500a6b0>, verb_extension=<colcon_core.verb.build.BuildVerb object at 0x7450e5009840>, main=<bound method BuildVerb.main of <colcon_core.verb.build.BuildVerb object at 0x7450e5009840>>, mixin_verb=('build',))
[0.257s] Level 1:colcon.colcon_core.package_discovery:discover_packages(colcon_meta) check parameters
[0.258s] Level 1:colcon.colcon_core.package_discovery:discover_packages(recursive) check parameters
[0.258s] Level 1:colcon.colcon_core.package_discovery:discover_packages(ignore) check parameters
[0.258s] Level 1:colcon.colcon_core.package_discovery:discover_packages(path) check parameters
[0.258s] Level 1:colcon.colcon_core.package_discovery:discover_packages(colcon_meta) discover
[0.258s] Level 1:colcon.colcon_core.package_discovery:discover_packages(recursive) discover
[0.258s] INFO:colcon.colcon_core.package_discovery:Crawling recursively for packages in '/home/didac/exchange/Team3/ros2_ws'
[0.258s] Level 1:colcon.colcon_core.package_identification:_identify(.) by extensions ['ignore', 'ignore_ament_install']
[0.258s] Level 1:colcon.colcon_core.package_identification:_identify(.) by extension 'ignore'
[0.258s] Level 1:colcon.colcon_core.package_identification:_identify(.) by extension 'ignore_ament_install'
[0.258s] Level 1:colcon.colcon_core.package_identification:_identify(.) by extensions ['colcon_pkg']
[0.258s] Level 1:colcon.colcon_core.package_identification:_identify(.) by extension 'colcon_pkg'
[0.258s] Level 1:colcon.colcon_core.package_identification:_identify(.) by extensions ['colcon_meta']
[0.258s] Level 1:colcon.colcon_core.package_identification:_identify(.) by extension 'colcon_meta'
[0.258s] Level 1:colcon.colcon_core.package_identification:_identify(.) by extensions ['ros']
[0.258s] Level 1:colcon.colcon_core.package_identification:_identify(.) by extension 'ros'
[0.266s] Level 1:colcon.colcon_core.package_identification:_identify(.) by extensions ['cmake', 'python']
[0.266s] Level 1:colcon.colcon_core.package_identification:_identify(.) by extension 'cmake'
[0.266s] Level 1:colcon.colcon_core.package_identification:_identify(.) by extension 'python'
[0.266s] Level 1:colcon.colcon_core.package_identification:_identify(.) by extensions ['python_setup_py']
[0.266s] Level 1:colcon.colcon_core.package_identification:_identify(.) by extension 'python_setup_py'
[0.267s] Level 1:colcon.colcon_core.package_identification:_identify(build) by extensions ['ignore', 'ignore_ament_install']
[0.267s] Level 1:colcon.colcon_core.package_identification:_identify(build) by extension 'ignore'
[0.267s] Level 1:colcon.colcon_core.package_identification:_identify(build) ignored
[0.267s] Level 1:colcon.colcon_core.package_identification:_identify(install) by extensions ['ignore', 'ignore_ament_install']
[0.267s] Level 1:colcon.colcon_core.package_identification:_identify(install) by extension 'ignore'
[0.267s] Level 1:colcon.colcon_core.package_identification:_identify(install) ignored
[0.267s] Level 1:colcon.colcon_core.package_identification:_identify(log) by extensions ['ignore', 'ignore_ament_install']
[0.267s] Level 1:colcon.colcon_core.package_identification:_identify(log) by extension 'ignore'
[0.267s] Level 1:colcon.colcon_core.package_identification:_identify(log) ignored
[0.267s] Level 1:colcon.colcon_core.package_identification:_identify(src) by extensions ['ignore', 'ignore_ament_install']
[0.267s] Level 1:colcon.colcon_core.package_identification:_identify(src) by extension 'ignore'
[0.267s] Level 1:colcon.colcon_core.package_identification:_identify(src) by extension 'ignore_ament_install'
[0.267s] Level 1:colcon.colcon_core.package_identification:_identify(src) by extensions ['colcon_pkg']
[0.267s] Level 1:colcon.colcon_core.package_identification:_identify(src) by extension 'colcon_pkg'
[0.267s] Level 1:colcon.colcon_core.package_identification:_identify(src) by extensions ['colcon_meta']
[0.267s] Level 1:colcon.colcon_core.package_identification:_identify(src) by extension 'colcon_meta'
[0.267s] Level 1:colcon.colcon_core.package_identification:_identify(src) by extensions ['ros']
[0.267s] Level 1:colcon.colcon_core.package_identification:_identify(src) by extension 'ros'
[0.267s] Level 1:colcon.colcon_core.package_identification:_identify(src) by extensions ['cmake', 'python']
[0.267s] Level 1:colcon.colcon_core.package_identification:_identify(src) by extension 'cmake'
[0.267s] Level 1:colcon.colcon_core.package_identification:_identify(src) by extension 'python'
[0.267s] Level 1:colcon.colcon_core.package_identification:_identify(src) by extensions ['python_setup_py']
[0.267s] Level 1:colcon.colcon_core.package_identification:_identify(src) by extension 'python_setup_py'
[0.267s] Level 1:colcon.colcon_core.package_identification:_identify(src/beacon_locator) by extensions ['ignore', 'ignore_ament_install']
[0.268s] Level 1:colcon.colcon_core.package_identification:_identify(src/beacon_locator) by extension 'ignore'
[0.268s] Level 1:colcon.colcon_core.package_identification:_identify(src/beacon_locator) ignored
[0.268s] Level 1:colcon.colcon_core.package_identification:_identify(src/controller_pkg) by extensions ['ignore', 'ignore_ament_install']
[0.268s] Level 1:colcon.colcon_core.package_identification:_identify(src/controller_pkg) by extension 'ignore'
[0.268s] Level 1:colcon.colcon_core.package_identification:_identify(src/controller_pkg) by extension 'ignore_ament_install'
[0.268s] Level 1:colcon.colcon_core.package_identification:_identify(src/controller_pkg) by extensions ['colcon_pkg']
[0.268s] Level 1:colcon.colcon_core.package_identification:_identify(src/controller_pkg) by extension 'colcon_pkg'
[0.268s] Level 1:colcon.colcon_core.package_identification:_identify(src/controller_pkg) by extensions ['colcon_meta']
[0.268s] Level 1:colcon.colcon_core.package_identification:_identify(src/controller_pkg) by extension 'colcon_meta'
[0.268s] Level 1:colcon.colcon_core.package_identification:_identify(src/controller_pkg) by extensions ['ros']
[0.268s] Level 1:colcon.colcon_core.package_identification:_identify(src/controller_pkg) by extension 'ros'
[0.270s] DEBUG:colcon.colcon_core.package_identification:Package 'src/controller_pkg' with type 'ros.ament_cmake' and name 'controller_pkg'
[0.270s] Level 1:colcon.colcon_core.package_identification:_identify(src/ldlidar_stl_ros2) by extensions ['ignore', 'ignore_ament_install']
[0.270s] Level 1:colcon.colcon_core.package_identification:_identify(src/ldlidar_stl_ros2) by extension 'ignore'
[0.270s] Level 1:colcon.colcon_core.package_identification:_identify(src/ldlidar_stl_ros2) by extension 'ignore_ament_install'
[0.270s] Level 1:colcon.colcon_core.package_identification:_identify(src/ldlidar_stl_ros2) by extensions ['colcon_pkg']
[0.270s] Level 1:colcon.colcon_core.package_identification:_identify(src/ldlidar_stl_ros2) by extension 'colcon_pkg'
[0.270s] Level 1:colcon.colcon_core.package_identification:_identify(src/ldlidar_stl_ros2) by extensions ['colcon_meta']
[0.270s] Level 1:colcon.colcon_core.package_identification:_identify(src/ldlidar_stl_ros2) by extension 'colcon_meta'
[0.270s] Level 1:colcon.colcon_core.package_identification:_identify(src/ldlidar_stl_ros2) by extensions ['ros']
[0.270s] Level 1:colcon.colcon_core.package_identification:_identify(src/ldlidar_stl_ros2) by extension 'ros'
[0.278s] DEBUG:colcon.colcon_core.package_identification:Package 'src/ldlidar_stl_ros2' with type 'ros.ament_cmake' and name 'ldlidar_stl_ros2'
[0.279s] Level 1:colcon.colcon_core.package_identification:_identify(src/mission_manager) by extensions ['ignore', 'ignore_ament_install']
[0.279s] Level 1:colcon.colcon_core.package_identification:_identify(src/mission_manager) by extension 'ignore'
[0.279s] Level 1:colcon.colcon_core.package_identification:_identify(src/mission_manager) by extension 'ignore_ament_install'
[0.279s] Level 1:colcon.colcon_core.package_identification:_identify(src/mission_manager) by extensions ['colcon_pkg']
[0.279s] Level 1:colcon.colcon_core.package_identification:_identify(src/mission_manager) by extension 'colcon_pkg'
[0.279s] Level 1:colcon.colcon_core.package_identification:_identify(src/mission_manager) by extensions ['colcon_meta']
[0.279s] Level 1:colcon.colcon_core.package_identification:_identify(src/mission_manager) by extension 'colcon_meta'
[0.279s] Level 1:colcon.colcon_core.package_identification:_identify(src/mission_manager) by extensions ['ros']
[0.279s] Level 1:colcon.colcon_core.package_identification:_identify(src/mission_manager) by extension 'ros'
[0.279s] DEBUG:colcon.colcon_core.package_identification:Package 'src/mission_manager' with type 'ros.ament_python' and name 'mission_manager'
[0.279s] Level 1:colcon.colcon_core.package_identification:_identify(src/obstacle_detector) by extensions ['ignore', 'ignore_ament_install']
[0.279s] Level 1:colcon.colcon_core.package_identification:_identify(src/obstacle_detector) by extension 'ignore'
[0.279s] Level 1:colcon.colcon_core.package_identification:_identify(src/obstacle_detector) by extension 'ignore_ament_install'
[0.280s] Level 1:colcon.colcon_core.package_identification:_identify(src/obstacle_detector) by extensions ['colcon_pkg']
[0.280s] Level 1:colcon.colcon_core.package_identification:_identify(src/obstacle_detector) by extension 'colcon_pkg'
[0.280s] Level 1:colcon.colcon_core.package_identification:_identify(src/obstacle_detector) by extensions ['colcon_meta']
[0.280s] Level 1:colcon.colcon_core.package_identification:_identify(src/obstacle_detector) by extension 'colcon_meta'
[0.280s] Level 1:colcon.colcon_core.package_identification:_identify(src/obstacle_detector) by extensions ['ros']
[0.280s] Level 1:colcon.colcon_core.package_identification:_identify(src/obstacle_detector) by extension 'ros'
[0.280s] DEBUG:colcon.colcon_core.package_identification:Package 'src/obstacle_detector' with type 'ros.ament_cmake' and name 'obstacle_detector'
[0.280s] Level 1:colcon.colcon_core.package_identification:_identify(src/robot_bringup) by extensions ['ignore', 'ignore_ament_install']
[0.280s] Level 1:colcon.colcon_core.package_identification:_identify(src/robot_bringup) by extension 'ignore'
[0.280s] Level 1:colcon.colcon_core.package_identification:_identify(src/robot_bringup) by extension 'ignore_ament_install'
[0.280s] Level 1:colcon.colcon_core.package_identification:_identify(src/robot_bringup) by extensions ['colcon_pkg']
[0.280s] Level 1:colcon.colcon_core.package_identification:_identify(src/robot_bringup) by extension 'colcon_pkg'
[0.280s] Level 1:colcon.colcon_core.package_identification:_identify(src/robot_bringup) by extensions ['colcon_meta']
[0.280s] Level 1:colcon.colcon_core.package_identification:_identify(src/robot_bringup) by extension 'colcon_meta'
[0.280s] Level 1:colcon.colcon_core.package_identification:_identify(src/robot_bringup) by extensions ['ros']
[0.280s] Level 1:colcon.colcon_core.package_identification:_identify(src/robot_bringup) by extension 'ros'
[0.281s] DEBUG:colcon.colcon_core.package_identification:Package 'src/robot_bringup' with type 'ros.ament_cmake' and name 'robot_bringup'
[0.281s] Level 1:colcon.colcon_core.package_identification:_identify(src/zenoh_bridge) by extensions ['ignore', 'ignore_ament_install']
[0.281s] Level 1:colcon.colcon_core.package_identification:_identify(src/zenoh_bridge) by extension 'ignore'
[0.281s] Level 1:colcon.colcon_core.package_identification:_identify(src/zenoh_bridge) by extension 'ignore_ament_install'
[0.281s] Level 1:colcon.colcon_core.package_identification:_identify(src/zenoh_bridge) by extensions ['colcon_pkg']
[0.281s] Level 1:colcon.colcon_core.package_identification:_identify(src/zenoh_bridge) by extension 'colcon_pkg'
[0.281s] Level 1:colcon.colcon_core.package_identification:_identify(src/zenoh_bridge) by extensions ['colcon_meta']
[0.281s] Level 1:colcon.colcon_core.package_identification:_identify(src/zenoh_bridge) by extension 'colcon_meta'
[0.281s] Level 1:colcon.colcon_core.package_identification:_identify(src/zenoh_bridge) by extensions ['ros']
[0.281s] Level 1:colcon.colcon_core.package_identification:_identify(src/zenoh_bridge) by extension 'ros'
[0.282s] DEBUG:colcon.colcon_core.package_identification:Package 'src/zenoh_bridge' with type 'ros.ament_cmake' and name 'zenoh_bridge'
[0.282s] Level 1:colcon.colcon_core.package_discovery:discover_packages(recursive) using defaults
[0.282s] Level 1:colcon.colcon_core.package_discovery:discover_packages(ignore) discover
[0.282s] Level 1:colcon.colcon_core.package_discovery:discover_packages(ignore) using defaults
[0.282s] Level 1:colcon.colcon_core.package_discovery:discover_packages(path) discover
[0.282s] Level 1:colcon.colcon_core.package_discovery:discover_packages(path) using defaults
[0.296s] Level 1:colcon.colcon_core.package_discovery:discover_packages(prefix_path) check parameters
[0.296s] Level 1:colcon.colcon_core.package_discovery:discover_packages(prefix_path) discover
[0.298s] DEBUG:colcon.colcon_installed_package_information.package_discovery:Found 6 installed packages in /home/didac/exchange/Team3/ros2_ws/install
[0.299s] DEBUG:colcon.colcon_installed_package_information.package_discovery:Found 278 installed packages in /opt/ros/humble
[0.300s] Level 1:colcon.colcon_core.package_discovery:discover_packages(prefix_path) using defaults
[0.323s] Level 5:colcon.colcon_core.verb:set package 'controller_pkg' build argument 'cmake_args' from command line to 'None'
[0.323s] Level 5:colcon.colcon_core.verb:set package 'controller_pkg' build argument 'cmake_target' from command line to 'None'
[0.323s] Level 5:colcon.colcon_core.verb:set package 'controller_pkg' build argument 'cmake_target_skip_unavailable' from command line to 'False'
[0.323s] Level 5:colcon.colcon_core.verb:set package 'controller_pkg' build argument 'cmake_clean_cache' from command line to 'False'
[0.323s] Level 5:colcon.colcon_core.verb:set package 'controller_pkg' build argument 'cmake_clean_first' from command line to 'False'
[0.323s] Level 5:colcon.colcon_core.verb:set package 'controller_pkg' build argument 'cmake_force_configure' from command line to 'False'
[0.323s] Level 5:colcon.colcon_core.verb:set package 'controller_pkg' build argument 'ament_cmake_args' from command line to 'None'
[0.323s] Level 5:colcon.colcon_core.verb:set package 'controller_pkg' build argument 'catkin_cmake_args' from command line to 'None'
[0.323s] Level 5:colcon.colcon_core.verb:set package 'controller_pkg' build argument 'catkin_skip_building_tests' from command line to 'False'
[0.323s] DEBUG:colcon.colcon_core.verb:Building package 'controller_pkg' with the following arguments: {'ament_cmake_args': None, 'build_base': '/home/didac/exchange/Team3/ros2_ws/build/controller_pkg', 'catkin_cmake_args': None, 'catkin_skip_building_tests': False, 'cmake_args': None, 'cmake_clean_cache': False, 'cmake_clean_first': False, 'cmake_force_configure': False, 'cmake_target': None, 'cmake_target_skip_unavailable': False, 'install_base': '/home/didac/exchange/Team3/ros2_ws/install/controller_pkg', 'merge_install': False, 'path': '/home/didac/exchange/Team3/ros2_ws/src/controller_pkg', 'symlink_install': True, 'test_result_base': None}
[0.323s] Level 5:colcon.colcon_core.verb:set package 'ldlidar_stl_ros2' build argument 'cmake_args' from command line to 'None'
[0.324s] Level 5:colcon.colcon_core.verb:set package 'ldlidar_stl_ros2' build argument 'cmake_target' from command line to 'None'
[0.324s] Level 5:colcon.colcon_core.verb:set package 'ldlidar_stl_ros2' build argument 'cmake_target_skip_unavailable' from command line to 'False'
[0.324s] Level 5:colcon.colcon_core.verb:set package 'ldlidar_stl_ros2' build argument 'cmake_clean_cache' from command line to 'False'
[0.324s] Level 5:colcon.colcon_core.verb:set package 'ldlidar_stl_ros2' build argument 'cmake_clean_first' from command line to 'False'
[0.324s] Level 5:colcon.colcon_core.verb:set package 'ldlidar_stl_ros2' build argument 'cmake_force_configure' from command line to 'False'
[0.324s] Level 5:colcon.colcon_core.verb:set package 'ldlidar_stl_ros2' build argument 'ament_cmake_args' from command line to 'None'
[0.324s] Level 5:colcon.colcon_core.verb:set package 'ldlidar_stl_ros2' build argument 'catkin_cmake_args' from command line to 'None'
[0.324s] Level 5:colcon.colcon_core.verb:set package 'ldlidar_stl_ros2' build argument 'catkin_skip_building_tests' from command line to 'False'
[0.324s] DEBUG:colcon.colcon_core.verb:Building package 'ldlidar_stl_ros2' with the following arguments: {'ament_cmake_args': None, 'build_base': '/home/didac/exchange/Team3/ros2_ws/build/ldlidar_stl_ros2', 'catkin_cmake_args': None, 'catkin_skip_building_tests': False, 'cmake_args': None, 'cmake_clean_cache': False, 'cmake_clean_first': False, 'cmake_force_configure': False, 'cmake_target': None, 'cmake_target_skip_unavailable': False, 'install_base': '/home/didac/exchange/Team3/ros2_ws/install/ldlidar_stl_ros2', 'merge_install': False, 'path': '/home/didac/exchange/Team3/ros2_ws/src/ldlidar_stl_ros2', 'symlink_install': True, 'test_result_base': None}
[0.324s] Level 5:colcon.colcon_core.verb:set package 'mission_manager' build argument 'cmake_args' from command line to 'None'
[0.324s] Level 5:colcon.colcon_core.verb:set package 'mission_manager' build argument 'cmake_target' from command line to 'None'
[0.324s] Level 5:colcon.colcon_core.verb:set package 'mission_manager' build argument 'cmake_target_skip_unavailable' from command line to 'False'
[0.324s] Level 5:colcon.colcon_core.verb:set package 'mission_manager' build argument 'cmake_clean_cache' from command line to 'False'
[0.324s] Level 5:colcon.colcon_core.verb:set package 'mission_manager' build argument 'cmake_clean_first' from command line to 'False'
[0.324s] Level 5:colcon.colcon_core.verb:set package 'mission_manager' build argument 'cmake_force_configure' from command line to 'False'
[0.324s] Level 5:colcon.colcon_core.verb:set package 'mission_manager' build argument 'ament_cmake_args' from command line to 'None'
[0.324s] Level 5:colcon.colcon_core.verb:set package 'mission_manager' build argument 'catkin_cmake_args' from command line to 'None'
[0.324s] Level 5:colcon.colcon_core.verb:set package 'mission_manager' build argument 'catkin_skip_building_tests' from command line to 'False'
[0.324s] DEBUG:colcon.colcon_core.verb:Building package 'mission_manager' with the following arguments: {'ament_cmake_args': None, 'build_base': '/home/didac/exchange/Team3/ros2_ws/build/mission_manager', 'catkin_cmake_args': None, 'catkin_skip_building_tests': False, 'cmake_args': None, 'cmake_clean_cache': False, 'cmake_clean_first': False, 'cmake_force_configure': False, 'cmake_target': None, 'cmake_target_skip_unavailable': False, 'install_base': '/home/didac/exchange/Team3/ros2_ws/install/mission_manager', 'merge_install': False, 'path': '/home/didac/exchange/Team3/ros2_ws/src/mission_manager', 'symlink_install': True, 'test_result_base': None}
[0.324s] Level 5:colcon.colcon_core.verb:set package 'obstacle_detector' build argument 'cmake_args' from command line to 'None'
[0.324s] Level 5:colcon.colcon_core.verb:set package 'obstacle_detector' build argument 'cmake_target' from command line to 'None'
[0.324s] Level 5:colcon.colcon_core.verb:set package 'obstacle_detector' build argument 'cmake_target_skip_unavailable' from command line to 'False'
[0.324s] Level 5:colcon.colcon_core.verb:set package 'obstacle_detector' build argument 'cmake_clean_cache' from command line to 'False'
[0.324s] Level 5:colcon.colcon_core.verb:set package 'obstacle_detector' build argument 'cmake_clean_first' from command line to 'False'
[0.324s] Level 5:colcon.colcon_core.verb:set package 'obstacle_detector' build argument 'cmake_force_configure' from command line to 'False'
[0.324s] Level 5:colcon.colcon_core.verb:set package 'obstacle_detector' build argument 'ament_cmake_args' from command line to 'None'
[0.324s] Level 5:colcon.colcon_core.verb:set package 'obstacle_detector' build argument 'catkin_cmake_args' from command line to 'None'
[0.324s] Level 5:colcon.colcon_core.verb:set package 'obstacle_detector' build argument 'catkin_skip_building_tests' from command line to 'False'
[0.324s] DEBUG:colcon.colcon_core.verb:Building package 'obstacle_detector' with the following arguments: {'ament_cmake_args': None, 'build_base': '/home/didac/exchange/Team3/ros2_ws/build/obstacle_detector', 'catkin_cmake_args': None, 'catkin_skip_building_tests': False, 'cmake_args': None, 'cmake_clean_cache': False, 'cmake_clean_first': False, 'cmake_force_configure': False, 'cmake_target': None, 'cmake_target_skip_unavailable': False, 'install_base': '/home/didac/exchange/Team3/ros2_ws/install/obstacle_detector', 'merge_install': False, 'path': '/home/didac/exchange/Team3/ros2_ws/src/obstacle_detector', 'symlink_install': True, 'test_result_base': None}
[0.325s] Level 5:colcon.colcon_core.verb:set package 'robot_bringup' build argument 'cmake_args' from command line to 'None'
[0.325s] Level 5:colcon.colcon_core.verb:set package 'robot_bringup' build argument 'cmake_target' from command line to 'None'
[0.325s] Level 5:colcon.colcon_core.verb:set package 'robot_bringup' build argument 'cmake_target_skip_unavailable' from command line to 'False'
[0.325s] Level 5:colcon.colcon_core.verb:set package 'robot_bringup' build argument 'cmake_clean_cache' from command line to 'False'
[0.325s] Level 5:colcon.colcon_core.verb:set package 'robot_bringup' build argument 'cmake_clean_first' from command line to 'False'
[0.325s] Level 5:colcon.colcon_core.verb:set package 'robot_bringup' build argument 'cmake_force_configure' from command line to 'False'
[0.325s] Level 5:colcon.colcon_core.verb:set package 'robot_bringup' build argument 'ament_cmake_args' from command line to 'None'
[0.325s] Level 5:colcon.colcon_core.verb:set package 'robot_bringup' build argument 'catkin_cmake_args' from command line to 'None'
[0.325s] Level 5:colcon.colcon_core.verb:set package 'robot_bringup' build argument 'catkin_skip_building_tests' from command line to 'False'
[0.325s] DEBUG:colcon.colcon_core.verb:Building package 'robot_bringup' with the following arguments: {'ament_cmake_args': None, 'build_base': '/home/didac/exchange/Team3/ros2_ws/build/robot_bringup', 'catkin_cmake_args': None, 'catkin_skip_building_tests': False, 'cmake_args': None, 'cmake_clean_cache': False, 'cmake_clean_first': False, 'cmake_force_configure': False, 'cmake_target': None, 'cmake_target_skip_unavailable': False, 'install_base': '/home/didac/exchange/Team3/ros2_ws/install/robot_bringup', 'merge_install': False, 'path': '/home/didac/exchange/Team3/ros2_ws/src/robot_bringup', 'symlink_install': True, 'test_result_base': None}
[0.325s] Level 5:colcon.colcon_core.verb:set package 'zenoh_bridge' build argument 'cmake_args' from command line to 'None'
[0.325s] Level 5:colcon.colcon_core.verb:set package 'zenoh_bridge' build argument 'cmake_target' from command line to 'None'
[0.325s] Level 5:colcon.colcon_core.verb:set package 'zenoh_bridge' build argument 'cmake_target_skip_unavailable' from command line to 'False'
[0.325s] Level 5:colcon.colcon_core.verb:set package 'zenoh_bridge' build argument 'cmake_clean_cache' from command line to 'False'
[0.325s] Level 5:colcon.colcon_core.verb:set package 'zenoh_bridge' build argument 'cmake_clean_first' from command line to 'False'
[0.325s] Level 5:colcon.colcon_core.verb:set package 'zenoh_bridge' build argument 'cmake_force_configure' from command line to 'False'
[0.325s] Level 5:colcon.colcon_core.verb:set package 'zenoh_bridge' build argument 'ament_cmake_args' from command line to 'None'
[0.325s] Level 5:colcon.colcon_core.verb:set package 'zenoh_bridge' build argument 'catkin_cmake_args' from command line to 'None'
[0.325s] Level 5:colcon.colcon_core.verb:set package 'zenoh_bridge' build argument 'catkin_skip_building_tests' from command line to 'False'
[0.325s] DEBUG:colcon.colcon_core.verb:Building package 'zenoh_bridge' with the following arguments: {'ament_cmake_args': None, 'build_base': '/home/didac/exchange/Team3/ros2_ws/build/zenoh_bridge', 'catkin_cmake_args': None, 'catkin_skip_building_tests': False, 'cmake_args': None, 'cmake_clean_cache': False, 'cmake_clean_first': False, 'cmake_force_configure': False, 'cmake_target': None, 'cmake_target_skip_unavailable': False, 'install_base': '/home/didac/exchange/Team3/ros2_ws/install/zenoh_bridge', 'merge_install': False, 'path': '/home/didac/exchange/Team3/ros2_ws/src/zenoh_bridge', 'symlink_install': True, 'test_result_base': None}
[0.325s] INFO:colcon.colcon_core.executor:Executing jobs using 'parallel' executor
[0.326s] DEBUG:colcon.colcon_parallel_executor.executor.parallel:run_until_complete
[0.326s] INFO:colcon.colcon_ros.task.ament_cmake.build:Building ROS package in '/home/didac/exchange/Team3/ros2_ws/src/controller_pkg' with build type 'ament_cmake'
[0.326s] INFO:colcon.colcon_cmake.task.cmake.build:Building CMake package in '/home/didac/exchange/Team3/ros2_ws/src/controller_pkg'
[0.328s] INFO:colcon.colcon_core.plugin_system:Skipping extension 'colcon_core.shell.bat': Not used on non-Windows systems
[0.328s] INFO:colcon.colcon_core.shell:Skip shell extension 'powershell' for command environment: Not usable outside of PowerShell
[0.328s] DEBUG:colcon.colcon_core.shell:Skip shell extension 'dsv' for command environment
[0.330s] INFO:colcon.colcon_ros.task.ament_cmake.build:Building ROS package in '/home/didac/exchange/Team3/ros2_ws/src/ldlidar_stl_ros2' with build type 'ament_cmake'
[0.330s] INFO:colcon.colcon_cmake.task.cmake.build:Building CMake package in '/home/didac/exchange/Team3/ros2_ws/src/ldlidar_stl_ros2'
[0.330s] INFO:colcon.colcon_core.shell:Skip shell extension 'powershell' for command environment: Not usable outside of PowerShell
[0.330s] DEBUG:colcon.colcon_core.shell:Skip shell extension 'dsv' for command environment
[0.332s] INFO:colcon.colcon_ros.task.ament_python.build:Building ROS package in '/home/didac/exchange/Team3/ros2_ws/src/mission_manager' with build type 'ament_python'
[0.332s] Level 1:colcon.colcon_core.shell:create_environment_hook('mission_manager', 'ament_prefix_path')
[0.333s] INFO:colcon.colcon_core.shell:Creating environment hook '/home/didac/exchange/Team3/ros2_ws/install/mission_manager/share/mission_manager/hook/ament_prefix_path.ps1'
[0.333s] INFO:colcon.colcon_core.shell:Creating environment descriptor '/home/didac/exchange/Team3/ros2_ws/install/mission_manager/share/mission_manager/hook/ament_prefix_path.dsv'
[0.333s] INFO:colcon.colcon_core.shell:Creating environment hook '/home/didac/exchange/Team3/ros2_ws/install/mission_manager/share/mission_manager/hook/ament_prefix_path.sh'
[0.334s] INFO:colcon.colcon_core.shell:Skip shell extension 'powershell' for command environment: Not usable outside of PowerShell
[0.334s] DEBUG:colcon.colcon_core.shell:Skip shell extension 'dsv' for command environment
[0.335s] INFO:colcon.colcon_ros.task.ament_cmake.build:Building ROS package in '/home/didac/exchange/Team3/ros2_ws/src/obstacle_detector' with build type 'ament_cmake'
[0.335s] INFO:colcon.colcon_cmake.task.cmake.build:Building CMake package in '/home/didac/exchange/Team3/ros2_ws/src/obstacle_detector'
[0.336s] INFO:colcon.colcon_core.shell:Skip shell extension 'powershell' for command environment: Not usable outside of PowerShell
[0.336s] DEBUG:colcon.colcon_core.shell:Skip shell extension 'dsv' for command environment
[0.337s] INFO:colcon.colcon_ros.task.ament_cmake.build:Building ROS package in '/home/didac/exchange/Team3/ros2_ws/src/robot_bringup' with build type 'ament_cmake'
[0.338s] INFO:colcon.colcon_cmake.task.cmake.build:Building CMake package in '/home/didac/exchange/Team3/ros2_ws/src/robot_bringup'
[0.338s] INFO:colcon.colcon_core.shell:Skip shell extension 'powershell' for command environment: Not usable outside of PowerShell
[0.338s] DEBUG:colcon.colcon_core.shell:Skip shell extension 'dsv' for command environment
[0.340s] INFO:colcon.colcon_ros.task.ament_cmake.build:Building ROS package in '/home/didac/exchange/Team3/ros2_ws/src/zenoh_bridge' with build type 'ament_cmake'
[0.340s] INFO:colcon.colcon_cmake.task.cmake.build:Building CMake package in '/home/didac/exchange/Team3/ros2_ws/src/zenoh_bridge'
[0.340s] INFO:colcon.colcon_core.shell:Skip shell extension 'powershell' for command environment: Not usable outside of PowerShell
[0.340s] DEBUG:colcon.colcon_core.shell:Skip shell extension 'dsv' for command environment
[0.346s] DEBUG:colcon.colcon_core.event_handler.log_command:Invoking command in '/home/didac/exchange/Team3/ros2_ws/build/controller_pkg': CMAKE_PREFIX_PATH=${CMAKE_PREFIX_PATH}:/home/didac/exchange/Team3/ros2_ws/install/mission_manager:/opt/ros/humble /usr/bin/cmake --build /home/didac/exchange/Team3/ros2_ws/build/controller_pkg -- -j8 -l8
[0.348s] DEBUG:colcon.colcon_core.event_handler.log_command:Invoking command in '/home/didac/exchange/Team3/ros2_ws/build/ldlidar_stl_ros2': CMAKE_PREFIX_PATH=${CMAKE_PREFIX_PATH}:/home/didac/exchange/Team3/ros2_ws/install/mission_manager:/opt/ros/humble /usr/bin/cmake --build /home/didac/exchange/Team3/ros2_ws/build/ldlidar_stl_ros2 -- -j8 -l8
[0.533s] INFO:colcon.colcon_core.task.python.build:Building Python package in '/home/didac/exchange/Team3/ros2_ws/src/mission_manager'
[0.533s] INFO:colcon.colcon_core.shell:Skip shell extension 'powershell' for command environment: Not usable outside of PowerShell
[0.534s] DEBUG:colcon.colcon_core.shell:Skip shell extension 'dsv' for command environment
[0.538s] DEBUG:colcon.colcon_core.event_handler.log_command:Invoking command in '/home/didac/exchange/Team3/ros2_ws/build/obstacle_detector': CMAKE_PREFIX_PATH=${CMAKE_PREFIX_PATH}:/home/didac/exchange/Team3/ros2_ws/install/mission_manager:/opt/ros/humble /usr/bin/cmake --build /home/didac/exchange/Team3/ros2_ws/build/obstacle_detector -- -j8 -l8
[0.540s] DEBUG:colcon.colcon_core.event_handler.log_command:Invoking command in '/home/didac/exchange/Team3/ros2_ws/build/robot_bringup': CMAKE_PREFIX_PATH=${CMAKE_PREFIX_PATH}:/home/didac/exchange/Team3/ros2_ws/install/mission_manager:/opt/ros/humble /usr/bin/cmake --build /home/didac/exchange/Team3/ros2_ws/build/robot_bringup -- -j8 -l8
[0.543s] DEBUG:colcon.colcon_core.event_handler.log_command:Invoking command in '/home/didac/exchange/Team3/ros2_ws/build/zenoh_bridge': CMAKE_PREFIX_PATH=${CMAKE_PREFIX_PATH}:/home/didac/exchange/Team3/ros2_ws/install/mission_manager:/opt/ros/humble /usr/bin/cmake --build /home/didac/exchange/Team3/ros2_ws/build/zenoh_bridge -- -j8 -l8
[0.544s] DEBUG:colcon.colcon_core.event_handler.log_command:Invoked command in '/home/didac/exchange/Team3/ros2_ws/build/controller_pkg' returned '0': CMAKE_PREFIX_PATH=${CMAKE_PREFIX_PATH}:/home/didac/exchange/Team3/ros2_ws/install/mission_manager:/opt/ros/humble /usr/bin/cmake --build /home/didac/exchange/Team3/ros2_ws/build/controller_pkg -- -j8 -l8
[0.551s] DEBUG:colcon.colcon_core.event_handler.log_command:Invoking command in '/home/didac/exchange/Team3/ros2_ws/build/controller_pkg': CMAKE_PREFIX_PATH=${CMAKE_PREFIX_PATH}:/home/didac/exchange/Team3/ros2_ws/install/mission_manager:/opt/ros/humble /usr/bin/cmake --install /home/didac/exchange/Team3/ros2_ws/build/controller_pkg
[0.552s] DEBUG:colcon.colcon_core.event_handler.log_command:Invoked command in '/home/didac/exchange/Team3/ros2_ws/build/ldlidar_stl_ros2' returned '0': CMAKE_PREFIX_PATH=${CMAKE_PREFIX_PATH}:/home/didac/exchange/Team3/ros2_ws/install/mission_manager:/opt/ros/humble /usr/bin/cmake --build /home/didac/exchange/Team3/ros2_ws/build/ldlidar_stl_ros2 -- -j8 -l8
[0.557s] DEBUG:colcon.colcon_core.event_handler.log_command:Invoking command in '/home/didac/exchange/Team3/ros2_ws/build/ldlidar_stl_ros2': CMAKE_PREFIX_PATH=${CMAKE_PREFIX_PATH}:/home/didac/exchange/Team3/ros2_ws/install/mission_manager:/opt/ros/humble /usr/bin/cmake --install /home/didac/exchange/Team3/ros2_ws/build/ldlidar_stl_ros2
[0.576s] DEBUG:colcon.colcon_core.event_handler.log_command:Invoked command in '/home/didac/exchange/Team3/ros2_ws/build/robot_bringup' returned '0': CMAKE_PREFIX_PATH=${CMAKE_PREFIX_PATH}:/home/didac/exchange/Team3/ros2_ws/install/mission_manager:/opt/ros/humble /usr/bin/cmake --build /home/didac/exchange/Team3/ros2_ws/build/robot_bringup -- -j8 -l8
[0.581s] DEBUG:colcon.colcon_core.event_handler.log_command:Invoking command in '/home/didac/exchange/Team3/ros2_ws/build/robot_bringup': CMAKE_PREFIX_PATH=${CMAKE_PREFIX_PATH}:/home/didac/exchange/Team3/ros2_ws/install/mission_manager:/opt/ros/humble /usr/bin/cmake --install /home/didac/exchange/Team3/ros2_ws/build/robot_bringup
[0.584s] Level 1:colcon.colcon_core.environment:create_environment_scripts_only(controller_pkg)
[0.584s] DEBUG:colcon.colcon_core.event_handler.log_command:Invoked command in '/home/didac/exchange/Team3/ros2_ws/build/controller_pkg' returned '0': CMAKE_PREFIX_PATH=${CMAKE_PREFIX_PATH}:/home/didac/exchange/Team3/ros2_ws/install/mission_manager:/opt/ros/humble /usr/bin/cmake --install /home/didac/exchange/Team3/ros2_ws/build/controller_pkg
[0.591s] Level 1:colcon.colcon_core.environment:checking '/home/didac/exchange/Team3/ros2_ws/install/controller_pkg' for CMake module files
[0.592s] Level 1:colcon.colcon_core.environment:checking '/home/didac/exchange/Team3/ros2_ws/install/controller_pkg' for CMake config files
[0.592s] Level 1:colcon.colcon_core.shell:create_environment_hook('controller_pkg', 'cmake_prefix_path')
[0.593s] INFO:colcon.colcon_core.shell:Creating environment hook '/home/didac/exchange/Team3/ros2_ws/install/controller_pkg/share/controller_pkg/hook/cmake_prefix_path.ps1'
[0.593s] INFO:colcon.colcon_core.shell:Creating environment descriptor '/home/didac/exchange/Team3/ros2_ws/install/controller_pkg/share/controller_pkg/hook/cmake_prefix_path.dsv'
[0.594s] INFO:colcon.colcon_core.shell:Creating environment hook '/home/didac/exchange/Team3/ros2_ws/install/controller_pkg/share/controller_pkg/hook/cmake_prefix_path.sh'
[0.595s] Level 1:colcon.colcon_core.environment:checking '/home/didac/exchange/Team3/ros2_ws/install/controller_pkg/lib'
[0.595s] Level 1:colcon.colcon_core.environment:checking '/home/didac/exchange/Team3/ros2_ws/install/controller_pkg/bin'
[0.595s] Level 1:colcon.colcon_core.environment:checking '/home/didac/exchange/Team3/ros2_ws/install/controller_pkg/lib/pkgconfig/controller_pkg.pc'
[0.596s] Level 1:colcon.colcon_core.environment:checking '/home/didac/exchange/Team3/ros2_ws/install/controller_pkg/lib/python3.10/site-packages'
[0.596s] Level 1:colcon.colcon_core.environment:checking '/home/didac/exchange/Team3/ros2_ws/install/controller_pkg/bin'
[0.596s] INFO:colcon.colcon_core.shell:Creating package script '/home/didac/exchange/Team3/ros2_ws/install/controller_pkg/share/controller_pkg/package.ps1'
[0.598s] INFO:colcon.colcon_core.shell:Creating package descriptor '/home/didac/exchange/Team3/ros2_ws/install/controller_pkg/share/controller_pkg/package.dsv'
[0.599s] INFO:colcon.colcon_core.shell:Creating package script '/home/didac/exchange/Team3/ros2_ws/install/controller_pkg/share/controller_pkg/package.sh'
[0.600s] INFO:colcon.colcon_core.shell:Creating package script '/home/didac/exchange/Team3/ros2_ws/install/controller_pkg/share/controller_pkg/package.bash'
[0.600s] INFO:colcon.colcon_core.shell:Creating package script '/home/didac/exchange/Team3/ros2_ws/install/controller_pkg/share/controller_pkg/package.zsh'
[0.601s] Level 1:colcon.colcon_core.environment:create_file_with_runtime_dependencies(/home/didac/exchange/Team3/ros2_ws/install/controller_pkg/share/colcon-core/packages/controller_pkg)
[0.601s] Level 1:colcon.colcon_core.environment:create_environment_scripts_only(controller_pkg)
[0.601s] Level 1:colcon.colcon_core.environment:checking '/home/didac/exchange/Team3/ros2_ws/install/controller_pkg' for CMake module files
[0.602s] Level 1:colcon.colcon_core.environment:checking '/home/didac/exchange/Team3/ros2_ws/install/controller_pkg' for CMake config files
[0.602s] Level 1:colcon.colcon_core.shell:create_environment_hook('controller_pkg', 'cmake_prefix_path')
[0.602s] INFO:colcon.colcon_core.shell:Creating environment hook '/home/didac/exchange/Team3/ros2_ws/install/controller_pkg/share/controller_pkg/hook/cmake_prefix_path.ps1'
[0.602s] INFO:colcon.colcon_core.shell:Creating environment descriptor '/home/didac/exchange/Team3/ros2_ws/install/controller_pkg/share/controller_pkg/hook/cmake_prefix_path.dsv'
[0.603s] INFO:colcon.colcon_core.shell:Creating environment hook '/home/didac/exchange/Team3/ros2_ws/install/controller_pkg/share/controller_pkg/hook/cmake_prefix_path.sh'
[0.603s] Level 1:colcon.colcon_core.environment:checking '/home/didac/exchange/Team3/ros2_ws/install/controller_pkg/lib'
[0.603s] Level 1:colcon.colcon_core.environment:checking '/home/didac/exchange/Team3/ros2_ws/install/controller_pkg/bin'
[0.603s] Level 1:colcon.colcon_core.environment:checking '/home/didac/exchange/Team3/ros2_ws/install/controller_pkg/lib/pkgconfig/controller_pkg.pc'
[0.603s] Level 1:colcon.colcon_core.environment:checking '/home/didac/exchange/Team3/ros2_ws/install/controller_pkg/lib/python3.10/site-packages'
[0.604s] Level 1:colcon.colcon_core.environment:checking '/home/didac/exchange/Team3/ros2_ws/install/controller_pkg/bin'
[0.604s] INFO:colcon.colcon_core.shell:Creating package script '/home/didac/exchange/Team3/ros2_ws/install/controller_pkg/share/controller_pkg/package.ps1'
[0.604s] INFO:colcon.colcon_core.shell:Creating package descriptor '/home/didac/exchange/Team3/ros2_ws/install/controller_pkg/share/controller_pkg/package.dsv'
[0.605s] INFO:colcon.colcon_core.shell:Creating package script '/home/didac/exchange/Team3/ros2_ws/install/controller_pkg/share/controller_pkg/package.sh'
[0.605s] INFO:colcon.colcon_core.shell:Creating package script '/home/didac/exchange/Team3/ros2_ws/install/controller_pkg/share/controller_pkg/package.bash'
[0.605s] INFO:colcon.colcon_core.shell:Creating package script '/home/didac/exchange/Team3/ros2_ws/install/controller_pkg/share/controller_pkg/package.zsh'
[0.605s] Level 1:colcon.colcon_core.environment:create_file_with_runtime_dependencies(/home/didac/exchange/Team3/ros2_ws/install/controller_pkg/share/colcon-core/packages/controller_pkg)
[0.606s] Level 1:colcon.colcon_core.environment:create_environment_scripts_only(ldlidar_stl_ros2)
[0.606s] Level 1:colcon.colcon_core.environment:checking '/home/didac/exchange/Team3/ros2_ws/install/ldlidar_stl_ros2' for CMake module files
[0.607s] DEBUG:colcon.colcon_core.event_handler.log_command:Invoked command in '/home/didac/exchange/Team3/ros2_ws/build/ldlidar_stl_ros2' returned '0': CMAKE_PREFIX_PATH=${CMAKE_PREFIX_PATH}:/home/didac/exchange/Team3/ros2_ws/install/mission_manager:/opt/ros/humble /usr/bin/cmake --install /home/didac/exchange/Team3/ros2_ws/build/ldlidar_stl_ros2
[0.607s] Level 1:colcon.colcon_core.environment:checking '/home/didac/exchange/Team3/ros2_ws/install/ldlidar_stl_ros2' for CMake config files
[0.607s] Level 1:colcon.colcon_core.shell:create_environment_hook('ldlidar_stl_ros2', 'cmake_prefix_path')
[0.607s] INFO:colcon.colcon_core.shell:Creating environment hook '/home/didac/exchange/Team3/ros2_ws/install/ldlidar_stl_ros2/share/ldlidar_stl_ros2/hook/cmake_prefix_path.ps1'
[0.608s] INFO:colcon.colcon_core.shell:Creating environment descriptor '/home/didac/exchange/Team3/ros2_ws/install/ldlidar_stl_ros2/share/ldlidar_stl_ros2/hook/cmake_prefix_path.dsv'
[0.608s] INFO:colcon.colcon_core.shell:Creating environment hook '/home/didac/exchange/Team3/ros2_ws/install/ldlidar_stl_ros2/share/ldlidar_stl_ros2/hook/cmake_prefix_path.sh'
[0.608s] Level 1:colcon.colcon_core.environment:checking '/home/didac/exchange/Team3/ros2_ws/install/ldlidar_stl_ros2/lib'
[0.608s] Level 1:colcon.colcon_core.environment:checking '/home/didac/exchange/Team3/ros2_ws/install/ldlidar_stl_ros2/bin'
[0.608s] Level 1:colcon.colcon_core.environment:checking '/home/didac/exchange/Team3/ros2_ws/install/ldlidar_stl_ros2/lib/pkgconfig/ldlidar_stl_ros2.pc'
[0.609s] Level 1:colcon.colcon_core.environment:checking '/home/didac/exchange/Team3/ros2_ws/install/ldlidar_stl_ros2/lib/python3.10/site-packages'
[0.609s] Level 1:colcon.colcon_core.environment:checking '/home/didac/exchange/Team3/ros2_ws/install/ldlidar_stl_ros2/bin'
[0.609s] INFO:colcon.colcon_core.shell:Creating package script '/home/didac/exchange/Team3/ros2_ws/install/ldlidar_stl_ros2/share/ldlidar_stl_ros2/package.ps1'
[0.609s] INFO:colcon.colcon_core.shell:Creating package descriptor '/home/didac/exchange/Team3/ros2_ws/install/ldlidar_stl_ros2/share/ldlidar_stl_ros2/package.dsv'
[0.610s] INFO:colcon.colcon_core.shell:Creating package script '/home/didac/exchange/Team3/ros2_ws/install/ldlidar_stl_ros2/share/ldlidar_stl_ros2/package.sh'
[0.610s] INFO:colcon.colcon_core.shell:Creating package script '/home/didac/exchange/Team3/ros2_ws/install/ldlidar_stl_ros2/share/ldlidar_stl_ros2/package.bash'
[0.610s] INFO:colcon.colcon_core.shell:Creating package script '/home/didac/exchange/Team3/ros2_ws/install/ldlidar_stl_ros2/share/ldlidar_stl_ros2/package.zsh'
[0.610s] Level 1:colcon.colcon_core.environment:create_file_with_runtime_dependencies(/home/didac/exchange/Team3/ros2_ws/install/ldlidar_stl_ros2/share/colcon-core/packages/ldlidar_stl_ros2)
[0.611s] Level 1:colcon.colcon_core.environment:create_environment_scripts_only(ldlidar_stl_ros2)
[0.611s] Level 1:colcon.colcon_core.environment:checking '/home/didac/exchange/Team3/ros2_ws/install/ldlidar_stl_ros2' for CMake module files
[0.611s] Level 1:colcon.colcon_core.environment:checking '/home/didac/exchange/Team3/ros2_ws/install/ldlidar_stl_ros2' for CMake config files
[0.611s] Level 1:colcon.colcon_core.shell:create_environment_hook('ldlidar_stl_ros2', 'cmake_prefix_path')
[0.611s] INFO:colcon.colcon_core.shell:Creating environment hook '/home/didac/exchange/Team3/ros2_ws/install/ldlidar_stl_ros2/share/ldlidar_stl_ros2/hook/cmake_prefix_path.ps1'
[0.612s] INFO:colcon.colcon_core.shell:Creating environment descriptor '/home/didac/exchange/Team3/ros2_ws/install/ldlidar_stl_ros2/share/ldlidar_stl_ros2/hook/cmake_prefix_path.dsv'
[0.612s] INFO:colcon.colcon_core.shell:Creating environment hook '/home/didac/exchange/Team3/ros2_ws/install/ldlidar_stl_ros2/share/ldlidar_stl_ros2/hook/cmake_prefix_path.sh'
[0.612s] Level 1:colcon.colcon_core.environment:checking '/home/didac/exchange/Team3/ros2_ws/install/ldlidar_stl_ros2/lib'
[0.612s] Level 1:colcon.colcon_core.environment:checking '/home/didac/exchange/Team3/ros2_ws/install/ldlidar_stl_ros2/bin'
[0.612s] Level 1:colcon.colcon_core.environment:checking '/home/didac/exchange/Team3/ros2_ws/install/ldlidar_stl_ros2/lib/pkgconfig/ldlidar_stl_ros2.pc'
[0.612s] Level 1:colcon.colcon_core.environment:checking '/home/didac/exchange/Team3/ros2_ws/install/ldlidar_stl_ros2/lib/python3.10/site-packages'
[0.613s] Level 1:colcon.colcon_core.environment:checking '/home/didac/exchange/Team3/ros2_ws/install/ldlidar_stl_ros2/bin'
[0.613s] INFO:colcon.colcon_core.shell:Creating package script '/home/didac/exchange/Team3/ros2_ws/install/ldlidar_stl_ros2/share/ldlidar_stl_ros2/package.ps1'
[0.613s] INFO:colcon.colcon_core.shell:Creating package descriptor '/home/didac/exchange/Team3/ros2_ws/install/ldlidar_stl_ros2/share/ldlidar_stl_ros2/package.dsv'
[0.613s] INFO:colcon.colcon_core.shell:Creating package script '/home/didac/exchange/Team3/ros2_ws/install/ldlidar_stl_ros2/share/ldlidar_stl_ros2/package.sh'
[0.614s] INFO:colcon.colcon_core.shell:Creating package script '/home/didac/exchange/Team3/ros2_ws/install/ldlidar_stl_ros2/share/ldlidar_stl_ros2/package.bash'
[0.614s] INFO:colcon.colcon_core.shell:Creating package script '/home/didac/exchange/Team3/ros2_ws/install/ldlidar_stl_ros2/share/ldlidar_stl_ros2/package.zsh'
[0.614s] Level 1:colcon.colcon_core.environment:create_file_with_runtime_dependencies(/home/didac/exchange/Team3/ros2_ws/install/ldlidar_stl_ros2/share/colcon-core/packages/ldlidar_stl_ros2)
[0.615s] Level 1:colcon.colcon_core.environment:create_environment_scripts_only(robot_bringup)
[0.615s] Level 1:colcon.colcon_core.environment:checking '/home/didac/exchange/Team3/ros2_ws/install/robot_bringup' for CMake module files
[0.616s] DEBUG:colcon.colcon_core.event_handler.log_command:Invoked command in '/home/didac/exchange/Team3/ros2_ws/build/robot_bringup' returned '0': CMAKE_PREFIX_PATH=${CMAKE_PREFIX_PATH}:/home/didac/exchange/Team3/ros2_ws/install/mission_manager:/opt/ros/humble /usr/bin/cmake --install /home/didac/exchange/Team3/ros2_ws/build/robot_bringup
[0.616s] Level 1:colcon.colcon_core.environment:checking '/home/didac/exchange/Team3/ros2_ws/install/robot_bringup' for CMake config files
[0.616s] Level 1:colcon.colcon_core.shell:create_environment_hook('robot_bringup', 'cmake_prefix_path')
[0.616s] INFO:colcon.colcon_core.shell:Creating environment hook '/home/didac/exchange/Team3/ros2_ws/install/robot_bringup/share/robot_bringup/hook/cmake_prefix_path.ps1'
[0.616s] INFO:colcon.colcon_core.shell:Creating environment descriptor '/home/didac/exchange/Team3/ros2_ws/install/robot_bringup/share/robot_bringup/hook/cmake_prefix_path.dsv'
[0.616s] INFO:colcon.colcon_core.shell:Creating environment hook '/home/didac/exchange/Team3/ros2_ws/install/robot_bringup/share/robot_bringup/hook/cmake_prefix_path.sh'
[0.617s] Level 1:colcon.colcon_core.environment:checking '/home/didac/exchange/Team3/ros2_ws/install/robot_bringup/bin'
[0.617s] Level 1:colcon.colcon_core.environment:checking '/home/didac/exchange/Team3/ros2_ws/install/robot_bringup/lib/pkgconfig/robot_bringup.pc'
[0.617s] Level 1:colcon.colcon_core.environment:checking '/home/didac/exchange/Team3/ros2_ws/install/robot_bringup/lib/python3.10/site-packages'
[0.617s] Level 1:colcon.colcon_core.environment:checking '/home/didac/exchange/Team3/ros2_ws/install/robot_bringup/bin'
[0.617s] INFO:colcon.colcon_core.shell:Creating package script '/home/didac/exchange/Team3/ros2_ws/install/robot_bringup/share/robot_bringup/package.ps1'
[0.618s] INFO:colcon.colcon_core.shell:Creating package descriptor '/home/didac/exchange/Team3/ros2_ws/install/robot_bringup/share/robot_bringup/package.dsv'
[0.618s] INFO:colcon.colcon_core.shell:Creating package script '/home/didac/exchange/Team3/ros2_ws/install/robot_bringup/share/robot_bringup/package.sh'
[0.619s] INFO:colcon.colcon_core.shell:Creating package script '/home/didac/exchange/Team3/ros2_ws/install/robot_bringup/share/robot_bringup/package.bash'
[0.619s] INFO:colcon.colcon_core.shell:Creating package script '/home/didac/exchange/Team3/ros2_ws/install/robot_bringup/share/robot_bringup/package.zsh'
[0.619s] Level 1:colcon.colcon_core.environment:create_file_with_runtime_dependencies(/home/didac/exchange/Team3/ros2_ws/install/robot_bringup/share/colcon-core/packages/robot_bringup)
[0.620s] Level 1:colcon.colcon_core.environment:create_environment_scripts_only(robot_bringup)
[0.620s] Level 1:colcon.colcon_core.environment:checking '/home/didac/exchange/Team3/ros2_ws/install/robot_bringup' for CMake module files
[0.620s] Level 1:colcon.colcon_core.environment:checking '/home/didac/exchange/Team3/ros2_ws/install/robot_bringup' for CMake config files
[0.620s] Level 1:colcon.colcon_core.shell:create_environment_hook('robot_bringup', 'cmake_prefix_path')
[0.620s] INFO:colcon.colcon_core.shell:Creating environment hook '/home/didac/exchange/Team3/ros2_ws/install/robot_bringup/share/robot_bringup/hook/cmake_prefix_path.ps1'
[0.621s] INFO:colcon.colcon_core.shell:Creating environment descriptor '/home/didac/exchange/Team3/ros2_ws/install/robot_bringup/share/robot_bringup/hook/cmake_prefix_path.dsv'
[0.621s] INFO:colcon.colcon_core.shell:Creating environment hook '/home/didac/exchange/Team3/ros2_ws/install/robot_bringup/share/robot_bringup/hook/cmake_prefix_path.sh'
[0.621s] Level 1:colcon.colcon_core.environment:checking '/home/didac/exchange/Team3/ros2_ws/install/robot_bringup/bin'
[0.621s] Level 1:colcon.colcon_core.environment:checking '/home/didac/exchange/Team3/ros2_ws/install/robot_bringup/lib/pkgconfig/robot_bringup.pc'
[0.621s] Level 1:colcon.colcon_core.environment:checking '/home/didac/exchange/Team3/ros2_ws/install/robot_bringup/lib/python3.10/site-packages'
[0.621s] Level 1:colcon.colcon_core.environment:checking '/home/didac/exchange/Team3/ros2_ws/install/robot_bringup/bin'
[0.622s] INFO:colcon.colcon_core.shell:Creating package script '/home/didac/exchange/Team3/ros2_ws/install/robot_bringup/share/robot_bringup/package.ps1'
[0.622s] INFO:colcon.colcon_core.shell:Creating package descriptor '/home/didac/exchange/Team3/ros2_ws/install/robot_bringup/share/robot_bringup/package.dsv'
[0.623s] INFO:colcon.colcon_core.shell:Creating package script '/home/didac/exchange/Team3/ros2_ws/install/robot_bringup/share/robot_bringup/package.sh'
[0.623s] INFO:colcon.colcon_core.shell:Creating package script '/home/didac/exchange/Team3/ros2_ws/install/robot_bringup/share/robot_bringup/package.bash'
[0.623s] INFO:colcon.colcon_core.shell:Creating package script '/home/didac/exchange/Team3/ros2_ws/install/robot_bringup/share/robot_bringup/package.zsh'
[0.624s] Level 1:colcon.colcon_core.environment:create_file_with_runtime_dependencies(/home/didac/exchange/Team3/ros2_ws/install/robot_bringup/share/colcon-core/packages/robot_bringup)
[0.625s] DEBUG:colcon.colcon_core.event_handler.log_command:Invoked command in '/home/didac/exchange/Team3/ros2_ws/build/obstacle_detector' returned '0': CMAKE_PREFIX_PATH=${CMAKE_PREFIX_PATH}:/home/didac/exchange/Team3/ros2_ws/install/mission_manager:/opt/ros/humble /usr/bin/cmake --build /home/didac/exchange/Team3/ros2_ws/build/obstacle_detector -- -j8 -l8
[0.626s] DEBUG:colcon.colcon_core.event_handler.log_command:Invoking command in '/home/didac/exchange/Team3/ros2_ws/build/obstacle_detector': CMAKE_PREFIX_PATH=${CMAKE_PREFIX_PATH}:/home/didac/exchange/Team3/ros2_ws/install/mission_manager:/opt/ros/humble /usr/bin/cmake --install /home/didac/exchange/Team3/ros2_ws/build/obstacle_detector
[0.627s] DEBUG:colcon.colcon_core.event_handler.log_command:Invoked command in '/home/didac/exchange/Team3/ros2_ws/build/zenoh_bridge' returned '0': CMAKE_PREFIX_PATH=${CMAKE_PREFIX_PATH}:/home/didac/exchange/Team3/ros2_ws/install/mission_manager:/opt/ros/humble /usr/bin/cmake --build /home/didac/exchange/Team3/ros2_ws/build/zenoh_bridge -- -j8 -l8
[0.628s] DEBUG:colcon.colcon_core.event_handler.log_command:Invoking command in '/home/didac/exchange/Team3/ros2_ws/build/zenoh_bridge': CMAKE_PREFIX_PATH=${CMAKE_PREFIX_PATH}:/home/didac/exchange/Team3/ros2_ws/install/mission_manager:/opt/ros/humble /usr/bin/cmake --install /home/didac/exchange/Team3/ros2_ws/build/zenoh_bridge
[0.646s] Level 1:colcon.colcon_core.environment:create_environment_scripts_only(obstacle_detector)
[0.646s] Level 1:colcon.colcon_core.environment:checking '/home/didac/exchange/Team3/ros2_ws/install/obstacle_detector' for CMake module files
[0.647s] DEBUG:colcon.colcon_core.event_handler.log_command:Invoked command in '/home/didac/exchange/Team3/ros2_ws/build/obstacle_detector' returned '0': CMAKE_PREFIX_PATH=${CMAKE_PREFIX_PATH}:/home/didac/exchange/Team3/ros2_ws/install/mission_manager:/opt/ros/humble /usr/bin/cmake --install /home/didac/exchange/Team3/ros2_ws/build/obstacle_detector
[0.647s] Level 1:colcon.colcon_core.environment:checking '/home/didac/exchange/Team3/ros2_ws/install/obstacle_detector' for CMake config files
[0.647s] Level 1:colcon.colcon_core.shell:create_environment_hook('obstacle_detector', 'cmake_prefix_path')
[0.647s] INFO:colcon.colcon_core.shell:Creating environment hook '/home/didac/exchange/Team3/ros2_ws/install/obstacle_detector/share/obstacle_detector/hook/cmake_prefix_path.ps1'
[0.648s] INFO:colcon.colcon_core.shell:Creating environment descriptor '/home/didac/exchange/Team3/ros2_ws/install/obstacle_detector/share/obstacle_detector/hook/cmake_prefix_path.dsv'
[0.648s] INFO:colcon.colcon_core.shell:Creating environment hook '/home/didac/exchange/Team3/ros2_ws/install/obstacle_detector/share/obstacle_detector/hook/cmake_prefix_path.sh'
[0.648s] Level 1:colcon.colcon_core.environment:checking '/home/didac/exchange/Team3/ros2_ws/install/obstacle_detector/lib'
[0.648s] Level 1:colcon.colcon_core.environment:checking '/home/didac/exchange/Team3/ros2_ws/install/obstacle_detector/bin'
[0.648s] Level 1:colcon.colcon_core.environment:checking '/home/didac/exchange/Team3/ros2_ws/install/obstacle_detector/lib/pkgconfig/obstacle_detector.pc'
[0.649s] Level 1:colcon.colcon_core.environment:checking '/home/didac/exchange/Team3/ros2_ws/install/obstacle_detector/lib/python3.10/site-packages'
[0.649s] Level 1:colcon.colcon_core.environment:checking '/home/didac/exchange/Team3/ros2_ws/install/obstacle_detector/bin'
[0.649s] INFO:colcon.colcon_core.shell:Creating package script '/home/didac/exchange/Team3/ros2_ws/install/obstacle_detector/share/obstacle_detector/package.ps1'
[0.649s] INFO:colcon.colcon_core.shell:Creating package descriptor '/home/didac/exchange/Team3/ros2_ws/install/obstacle_detector/share/obstacle_detector/package.dsv'
[0.649s] INFO:colcon.colcon_core.shell:Creating package script '/home/didac/exchange/Team3/ros2_ws/install/obstacle_detector/share/obstacle_detector/package.sh'
[0.650s] INFO:colcon.colcon_core.shell:Creating package script '/home/didac/exchange/Team3/ros2_ws/install/obstacle_detector/share/obstacle_detector/package.bash'
[0.650s] INFO:colcon.colcon_core.shell:Creating package script '/home/didac/exchange/Team3/ros2_ws/install/obstacle_detector/share/obstacle_detector/package.zsh'
[0.650s] Level 1:colcon.colcon_core.environment:create_file_with_runtime_dependencies(/home/didac/exchange/Team3/ros2_ws/install/obstacle_detector/share/colcon-core/packages/obstacle_detector)
[0.650s] Level 1:colcon.colcon_core.environment:create_environment_scripts_only(obstacle_detector)
[0.651s] Level 1:colcon.colcon_core.environment:checking '/home/didac/exchange/Team3/ros2_ws/install/obstacle_detector' for CMake module files
[0.651s] Level 1:colcon.colcon_core.environment:checking '/home/didac/exchange/Team3/ros2_ws/install/obstacle_detector' for CMake config files
[0.651s] Level 1:colcon.colcon_core.shell:create_environment_hook('obstacle_detector', 'cmake_prefix_path')
[0.651s] INFO:colcon.colcon_core.shell:Creating environment hook '/home/didac/exchange/Team3/ros2_ws/install/obstacle_detector/share/obstacle_detector/hook/cmake_prefix_path.ps1'
[0.651s] INFO:colcon.colcon_core.shell:Creating environment descriptor '/home/didac/exchange/Team3/ros2_ws/install/obstacle_detector/share/obstacle_detector/hook/cmake_prefix_path.dsv'
[0.652s] INFO:colcon.colcon_core.shell:Creating environment hook '/home/didac/exchange/Team3/ros2_ws/install/obstacle_detector/share/obstacle_detector/hook/cmake_prefix_path.sh'
[0.652s] Level 1:colcon.colcon_core.environment:checking '/home/didac/exchange/Team3/ros2_ws/install/obstacle_detector/lib'
[0.652s] Level 1:colcon.colcon_core.environment:checking '/home/didac/exchange/Team3/ros2_ws/install/obstacle_detector/bin'
[0.652s] Level 1:colcon.colcon_core.environment:checking '/home/didac/exchange/Team3/ros2_ws/install/obstacle_detector/lib/pkgconfig/obstacle_detector.pc'
[0.652s] Level 1:colcon.colcon_core.environment:checking '/home/didac/exchange/Team3/ros2_ws/install/obstacle_detector/lib/python3.10/site-packages'
[0.652s] Level 1:colcon.colcon_core.environment:checking '/home/didac/exchange/Team3/ros2_ws/install/obstacle_detector/bin'
[0.652s] INFO:colcon.colcon_core.shell:Creating package script '/home/didac/exchange/Team3/ros2_ws/install/obstacle_detector/share/obstacle_detector/package.ps1'
[0.653s] INFO:colcon.colcon_core.shell:Creating package descriptor '/home/didac/exchange/Team3/ros2_ws/install/obstacle_detector/share/obstacle_detector/package.dsv'
[0.653s] INFO:colcon.colcon_core.shell:Creating package script '/home/didac/exchange/Team3/ros2_ws/install/obstacle_detector/share/obstacle_detector/package.sh'
[0.653s] INFO:colcon.colcon_core.shell:Creating package script '/home/didac/exchange/Team3/ros2_ws/install/obstacle_detector/share/obstacle_detector/package.bash'
[0.654s] INFO:colcon.colcon_core.shell:Creating package script '/home/didac/exchange/Team3/ros2_ws/install/obstacle_detector/share/obstacle_detector/package.zsh'
[0.654s] Level 1:colcon.colcon_core.environment:create_file_with_runtime_dependencies(/home/didac/exchange/Team3/ros2_ws/install/obstacle_detector/share/colcon-core/packages/obstacle_detector)
[0.654s] Level 1:colcon.colcon_core.environment:create_environment_scripts_only(zenoh_bridge)
[0.654s] Level 1:colcon.colcon_core.environment:checking '/home/didac/exchange/Team3/ros2_ws/install/zenoh_bridge' for CMake module files
[0.655s] DEBUG:colcon.colcon_core.event_handler.log_command:Invoked command in '/home/didac/exchange/Team3/ros2_ws/build/zenoh_bridge' returned '0': CMAKE_PREFIX_PATH=${CMAKE_PREFIX_PATH}:/home/didac/exchange/Team3/ros2_ws/install/mission_manager:/opt/ros/humble /usr/bin/cmake --install /home/didac/exchange/Team3/ros2_ws/build/zenoh_bridge
[0.655s] Level 1:colcon.colcon_core.environment:checking '/home/didac/exchange/Team3/ros2_ws/install/zenoh_bridge' for CMake config files
[0.655s] Level 1:colcon.colcon_core.shell:create_environment_hook('zenoh_bridge', 'cmake_prefix_path')
[0.655s] INFO:colcon.colcon_core.shell:Creating environment hook '/home/didac/exchange/Team3/ros2_ws/install/zenoh_bridge/share/zenoh_bridge/hook/cmake_prefix_path.ps1'
[0.655s] INFO:colcon.colcon_core.shell:Creating environment descriptor '/home/didac/exchange/Team3/ros2_ws/install/zenoh_bridge/share/zenoh_bridge/hook/cmake_prefix_path.dsv'
[0.656s] INFO:colcon.colcon_core.shell:Creating environment hook '/home/didac/exchange/Team3/ros2_ws/install/zenoh_bridge/share/zenoh_bridge/hook/cmake_prefix_path.sh'
[0.656s] Level 1:colcon.colcon_core.environment:checking '/home/didac/exchange/Team3/ros2_ws/install/zenoh_bridge/lib'
[0.656s] Level 1:colcon.colcon_core.environment:checking '/home/didac/exchange/Team3/ros2_ws/install/zenoh_bridge/bin'
[0.656s] Level 1:colcon.colcon_core.environment:checking '/home/didac/exchange/Team3/ros2_ws/install/zenoh_bridge/lib/pkgconfig/zenoh_bridge.pc'
[0.656s] Level 1:colcon.colcon_core.environment:checking '/home/didac/exchange/Team3/ros2_ws/install/zenoh_bridge/lib/python3.10/site-packages'
[0.656s] Level 1:colcon.colcon_core.environment:checking '/home/didac/exchange/Team3/ros2_ws/install/zenoh_bridge/bin'
[0.656s] INFO:colcon.colcon_core.shell:Creating package script '/home/didac/exchange/Team3/ros2_ws/install/zenoh_bridge/share/zenoh_bridge/package.ps1'
[0.657s] INFO:colcon.colcon_core.shell:Creating package descriptor '/home/didac/exchange/Team3/ros2_ws/install/zenoh_bridge/share/zenoh_bridge/package.dsv'
[0.657s] INFO:colcon.colcon_core.shell:Creating package script '/home/didac/exchange/Team3/ros2_ws/install/zenoh_bridge/share/zenoh_bridge/package.sh'
[0.657s] INFO:colcon.colcon_core.shell:Creating package script '/home/didac/exchange/Team3/ros2_ws/install/zenoh_bridge/share/zenoh_bridge/package.bash'
[0.657s] INFO:colcon.colcon_core.shell:Creating package script '/home/didac/exchange/Team3/ros2_ws/install/zenoh_bridge/share/zenoh_bridge/package.zsh'
[0.658s] Level 1:colcon.colcon_core.environment:create_file_with_runtime_dependencies(/home/didac/exchange/Team3/ros2_ws/install/zenoh_bridge/share/colcon-core/packages/zenoh_bridge)
[0.658s] Level 1:colcon.colcon_core.environment:create_environment_scripts_only(zenoh_bridge)
[0.658s] Level 1:colcon.colcon_core.environment:checking '/home/didac/exchange/Team3/ros2_ws/install/zenoh_bridge' for CMake module files
[0.658s] Level 1:colcon.colcon_core.environment:checking '/home/didac/exchange/Team3/ros2_ws/install/zenoh_bridge' for CMake config files
[0.658s] Level 1:colcon.colcon_core.shell:create_environment_hook('zenoh_bridge', 'cmake_prefix_path')
[0.659s] INFO:colcon.colcon_core.shell:Creating environment hook '/home/didac/exchange/Team3/ros2_ws/install/zenoh_bridge/share/zenoh_bridge/hook/cmake_prefix_path.ps1'
[0.659s] INFO:colcon.colcon_core.shell:Creating environment descriptor '/home/didac/exchange/Team3/ros2_ws/install/zenoh_bridge/share/zenoh_bridge/hook/cmake_prefix_path.dsv'
[0.659s] INFO:colcon.colcon_core.shell:Creating environment hook '/home/didac/exchange/Team3/ros2_ws/install/zenoh_bridge/share/zenoh_bridge/hook/cmake_prefix_path.sh'
[0.659s] Level 1:colcon.colcon_core.environment:checking '/home/didac/exchange/Team3/ros2_ws/install/zenoh_bridge/lib'
[0.659s] Level 1:colcon.colcon_core.environment:checking '/home/didac/exchange/Team3/ros2_ws/install/zenoh_bridge/bin'
[0.659s] Level 1:colcon.colcon_core.environment:checking '/home/didac/exchange/Team3/ros2_ws/install/zenoh_bridge/lib/pkgconfig/zenoh_bridge.pc'
[0.660s] Level 1:colcon.colcon_core.environment:checking '/home/didac/exchange/Team3/ros2_ws/install/zenoh_bridge/lib/python3.10/site-packages'
[0.660s] Level 1:colcon.colcon_core.environment:checking '/home/didac/exchange/Team3/ros2_ws/install/zenoh_bridge/bin'
[0.660s] INFO:colcon.colcon_core.shell:Creating package script '/home/didac/exchange/Team3/ros2_ws/install/zenoh_bridge/share/zenoh_bridge/package.ps1'
[0.660s] INFO:colcon.colcon_core.shell:Creating package descriptor '/home/didac/exchange/Team3/ros2_ws/install/zenoh_bridge/share/zenoh_bridge/package.dsv'
[0.661s] INFO:colcon.colcon_core.shell:Creating package script '/home/didac/exchange/Team3/ros2_ws/install/zenoh_bridge/share/zenoh_bridge/package.sh'
[0.661s] INFO:colcon.colcon_core.shell:Creating package script '/home/didac/exchange/Team3/ros2_ws/install/zenoh_bridge/share/zenoh_bridge/package.bash'
[0.661s] INFO:colcon.colcon_core.shell:Creating package script '/home/didac/exchange/Team3/ros2_ws/install/zenoh_bridge/share/zenoh_bridge/package.zsh'
[0.661s] Level 1:colcon.colcon_core.environment:create_file_with_runtime_dependencies(/home/didac/exchange/Team3/ros2_ws/install/zenoh_bridge/share/colcon-core/packages/zenoh_bridge)
[0.826s] DEBUG:colcon.colcon_core.event_handler.log_command:Invoking command in '/home/didac/exchange/Team3/ros2_ws/build/mission_manager': PYTHONPATH=/home/didac/exchange/Team3/ros2_ws/build/mission_manager/prefix_override:/usr/lib/python3/dist-packages/colcon_core/task/python/colcon_distutils_commands:/home/didac/exchange/Team3/ros2_ws/install/mission_manager/lib/python3.10/site-packages:${PYTHONPATH} /usr/bin/python3 -W ignore:setup.py install is deprecated -W ignore:easy_install command is deprecated setup.py develop --editable --build-directory /home/didac/exchange/Team3/ros2_ws/build/mission_manager/build --no-deps symlink_data
[1.136s] Level 1:colcon.colcon_core.shell:create_environment_hook('mission_manager', 'pythonpath_develop')
[1.136s] INFO:colcon.colcon_core.shell:Creating environment hook '/home/didac/exchange/Team3/ros2_ws/build/mission_manager/share/mission_manager/hook/pythonpath_develop.ps1'
[1.137s] DEBUG:colcon.colcon_core.event_handler.log_command:Invoked command in '/home/didac/exchange/Team3/ros2_ws/build/mission_manager' returned '0': PYTHONPATH=/home/didac/exchange/Team3/ros2_ws/build/mission_manager/prefix_override:/usr/lib/python3/dist-packages/colcon_core/task/python/colcon_distutils_commands:/home/didac/exchange/Team3/ros2_ws/install/mission_manager/lib/python3.10/site-packages:${PYTHONPATH} /usr/bin/python3 -W ignore:setup.py install is deprecated -W ignore:easy_install command is deprecated setup.py develop --editable --build-directory /home/didac/exchange/Team3/ros2_ws/build/mission_manager/build --no-deps symlink_data
[1.137s] INFO:colcon.colcon_core.shell:Creating environment descriptor '/home/didac/exchange/Team3/ros2_ws/build/mission_manager/share/mission_manager/hook/pythonpath_develop.dsv'
[1.137s] INFO:colcon.colcon_core.shell:Creating environment hook '/home/didac/exchange/Team3/ros2_ws/build/mission_manager/share/mission_manager/hook/pythonpath_develop.sh'
[1.138s] Level 1:colcon.colcon_core.environment:checking '/home/didac/exchange/Team3/ros2_ws/install/mission_manager' for CMake module files
[1.138s] Level 1:colcon.colcon_core.environment:checking '/home/didac/exchange/Team3/ros2_ws/install/mission_manager' for CMake config files
[1.138s] Level 1:colcon.colcon_core.environment:checking '/home/didac/exchange/Team3/ros2_ws/install/mission_manager/lib'
[1.138s] Level 1:colcon.colcon_core.environment:checking '/home/didac/exchange/Team3/ros2_ws/install/mission_manager/bin'
[1.138s] Level 1:colcon.colcon_core.environment:checking '/home/didac/exchange/Team3/ros2_ws/install/mission_manager/lib/pkgconfig/mission_manager.pc'
[1.139s] Level 1:colcon.colcon_core.environment:checking '/home/didac/exchange/Team3/ros2_ws/install/mission_manager/lib/python3.10/site-packages'
[1.139s] Level 1:colcon.colcon_core.shell:create_environment_hook('mission_manager', 'pythonpath')
[1.139s] INFO:colcon.colcon_core.shell:Creating environment hook '/home/didac/exchange/Team3/ros2_ws/install/mission_manager/share/mission_manager/hook/pythonpath.ps1'
[1.139s] INFO:colcon.colcon_core.shell:Creating environment descriptor '/home/didac/exchange/Team3/ros2_ws/install/mission_manager/share/mission_manager/hook/pythonpath.dsv'
[1.139s] INFO:colcon.colcon_core.shell:Creating environment hook '/home/didac/exchange/Team3/ros2_ws/install/mission_manager/share/mission_manager/hook/pythonpath.sh'
[1.140s] Level 1:colcon.colcon_core.environment:checking '/home/didac/exchange/Team3/ros2_ws/install/mission_manager/bin'
[1.140s] Level 1:colcon.colcon_core.environment:create_environment_scripts_only(mission_manager)
[1.140s] INFO:colcon.colcon_core.shell:Creating package script '/home/didac/exchange/Team3/ros2_ws/install/mission_manager/share/mission_manager/package.ps1'
[1.140s] INFO:colcon.colcon_core.shell:Creating package descriptor '/home/didac/exchange/Team3/ros2_ws/install/mission_manager/share/mission_manager/package.dsv'
[1.141s] INFO:colcon.colcon_core.shell:Creating package script '/home/didac/exchange/Team3/ros2_ws/install/mission_manager/share/mission_manager/package.sh'
[1.141s] INFO:colcon.colcon_core.shell:Creating package script '/home/didac/exchange/Team3/ros2_ws/install/mission_manager/share/mission_manager/package.bash'
[1.141s] INFO:colcon.colcon_core.shell:Creating package script '/home/didac/exchange/Team3/ros2_ws/install/mission_manager/share/mission_manager/package.zsh'
[1.141s] Level 1:colcon.colcon_core.environment:create_file_with_runtime_dependencies(/home/didac/exchange/Team3/ros2_ws/install/mission_manager/share/colcon-core/packages/mission_manager)
[1.141s] DEBUG:colcon.colcon_parallel_executor.executor.parallel:closing loop
[1.142s] DEBUG:colcon.colcon_parallel_executor.executor.parallel:loop closed
[1.142s] DEBUG:colcon.colcon_parallel_executor.executor.parallel:run_until_complete finished with '0'
[1.142s] DEBUG:colcon.colcon_core.event_reactor:joining thread
[1.145s] INFO:colcon.colcon_core.plugin_system:Skipping extension 'colcon_notification.desktop_notification.terminal_notifier': Not used on non-Darwin systems
[1.145s] INFO:colcon.colcon_core.plugin_system:Skipping extension 'colcon_notification.desktop_notification.win32': Not used on non-Windows systems
[1.145s] INFO:colcon.colcon_notification.desktop_notification:Sending desktop notification using 'notify2'
[1.153s] DEBUG:colcon.colcon_core.event_reactor:joined thread
[1.153s] INFO:colcon.colcon_core.shell:Creating prefix script '/home/didac/exchange/Team3/ros2_ws/install/local_setup.ps1'
[1.155s] INFO:colcon.colcon_core.shell:Creating prefix util module '/home/didac/exchange/Team3/ros2_ws/install/_local_setup_util_ps1.py'
[1.156s] INFO:colcon.colcon_core.shell:Creating prefix chain script '/home/didac/exchange/Team3/ros2_ws/install/setup.ps1'
[1.157s] INFO:colcon.colcon_core.shell:Creating prefix script '/home/didac/exchange/Team3/ros2_ws/install/local_setup.sh'
[1.158s] INFO:colcon.colcon_core.shell:Creating prefix util module '/home/didac/exchange/Team3/ros2_ws/install/_local_setup_util_sh.py'
[1.158s] INFO:colcon.colcon_core.shell:Creating prefix chain script '/home/didac/exchange/Team3/ros2_ws/install/setup.sh'
[1.159s] INFO:colcon.colcon_core.shell:Creating prefix script '/home/didac/exchange/Team3/ros2_ws/install/local_setup.bash'
[1.159s] INFO:colcon.colcon_core.shell:Creating prefix chain script '/home/didac/exchange/Team3/ros2_ws/install/setup.bash'
[1.160s] INFO:colcon.colcon_core.shell:Creating prefix script '/home/didac/exchange/Team3/ros2_ws/install/local_setup.zsh'
[1.160s] INFO:colcon.colcon_core.shell:Creating prefix chain script '/home/didac/exchange/Team3/ros2_ws/install/setup.zsh'
